{"/home/grant/node-rethinkdb-job-queue/src/enums.js":{"path":"/home/grant/node-rethinkdb-job-queue/src/enums.js","s":{"1":1,"2":1,"3":1,"4":1,"5":1,"6":1,"7":1,"8":1,"9":1,"10":1,"11":308,"12":308,"13":951},"b":{},"f":{"1":308},"fnMap":{"1":{"name":"(anonymous_1)","line":114,"loc":{"start":{"line":114,"column":20},"end":{"line":114,"column":28}}}},"statementMap":{"1":{"start":{"line":1,"column":0},"end":{"line":1,"column":42}},"2":{"start":{"line":2,"column":0},"end":{"line":6,"column":2}},"3":{"start":{"line":7,"column":0},"end":{"line":14,"column":2}},"4":{"start":{"line":15,"column":0},"end":{"line":44,"column":2}},"5":{"start":{"line":45,"column":0},"end":{"line":60,"column":2}},"6":{"start":{"line":61,"column":0},"end":{"line":66,"column":2}},"7":{"start":{"line":67,"column":0},"end":{"line":75,"column":2}},"8":{"start":{"line":76,"column":0},"end":{"line":80,"column":2}},"9":{"start":{"line":81,"column":0},"end":{"line":111,"column":2}},"10":{"start":{"line":113,"column":0},"end":{"line":126,"column":1}},"11":{"start":{"line":115,"column":4},"end":{"line":115,"column":43}},"12":{"start":{"line":116,"column":4},"end":{"line":116,"column":81}},"13":{"start":{"line":116,"column":51},"end":{"line":116,"column":80}}},"branchMap":{}},"/home/grant/node-rethinkdb-job-queue/src/logger.js":{"path":"/home/grant/node-rethinkdb-job-queue/src/logger.js","s":{"1":1,"2":1,"3":1,"4":1,"5":36,"6":0,"7":0,"8":0,"9":0,"10":36},"b":{"1":[0,36]},"f":{"1":36},"fnMap":{"1":{"name":"logger","line":4,"loc":{"start":{"line":4,"column":17},"end":{"line":4,"column":45}}}},"statementMap":{"1":{"start":{"line":1,"column":0},"end":{"line":1,"column":28}},"2":{"start":{"line":2,"column":0},"end":{"line":2,"column":38}},"3":{"start":{"line":3,"column":0},"end":{"line":3,"column":30}},"4":{"start":{"line":4,"column":0},"end":{"line":13,"column":1}},"5":{"start":{"line":5,"column":2},"end":{"line":12,"column":3}},"6":{"start":{"line":6,"column":4},"end":{"line":6,"column":44}},"7":{"start":{"line":7,"column":4},"end":{"line":7,"column":57}},"8":{"start":{"line":8,"column":4},"end":{"line":8,"column":43}},"9":{"start":{"line":9,"column":4},"end":{"line":9,"column":24}},"10":{"start":{"line":11,"column":4},"end":{"line":11,"column":19}}},"branchMap":{"1":{"line":5,"type":"if","locations":[{"start":{"line":5,"column":2},"end":{"line":5,"column":2}},{"start":{"line":5,"column":2},"end":{"line":5,"column":2}}]}}},"/home/grant/node-rethinkdb-job-queue/src/datetime.js":{"path":"/home/grant/node-rethinkdb-job-queue/src/datetime.js","s":{"1":1,"2":1,"3":73,"4":1,"5":146,"6":1,"7":73,"8":29,"9":29,"10":73,"11":73,"12":0,"13":1,"14":20,"15":1,"16":15,"17":1,"18":14,"19":1,"20":4,"21":1,"22":20,"23":1,"24":1,"25":24,"26":24,"27":24,"28":24,"29":24,"30":24,"31":1,"32":1,"33":24,"34":24,"35":24,"36":24,"37":24,"38":24,"39":24,"40":24,"41":24,"42":24,"43":1,"44":1,"45":23,"46":1},"b":{"1":[73,0],"2":[146,102,102],"3":[29,44],"4":[73,0],"5":[73,73],"6":[22,2],"7":[22,2],"8":[22,2],"9":[0,24],"10":[18,6],"11":[22,2],"12":[22,2]},"f":{"1":73,"2":146,"3":73,"4":20,"5":15,"6":14,"7":4,"8":20,"9":24,"10":24,"11":23},"fnMap":{"1":{"name":"isDate","line":5,"loc":{"start":{"line":5,"column":0},"end":{"line":5,"column":24}}},"2":{"name":"isInteger","line":9,"loc":{"start":{"line":9,"column":0},"end":{"line":9,"column":27}}},"3":{"name":"addMs","line":15,"loc":{"start":{"line":15,"column":0},"end":{"line":15,"column":51}}},"4":{"name":"addMilliseconds","line":26,"loc":{"start":{"line":26,"column":0},"end":{"line":26,"column":42}}},"5":{"name":"addSeconds","line":30,"loc":{"start":{"line":30,"column":0},"end":{"line":30,"column":38}}},"6":{"name":"addMinutes","line":34,"loc":{"start":{"line":34,"column":0},"end":{"line":34,"column":38}}},"7":{"name":"addHours","line":38,"loc":{"start":{"line":38,"column":0},"end":{"line":38,"column":38}}},"8":{"name":"addDays","line":42,"loc":{"start":{"line":42,"column":0},"end":{"line":42,"column":36}}},"9":{"name":"formatDate","line":54,"loc":{"start":{"line":54,"column":0},"end":{"line":54,"column":33}}},"10":{"name":"formatTime","line":65,"loc":{"start":{"line":65,"column":0},"end":{"line":65,"column":33}}},"11":{"name":"format","line":80,"loc":{"start":{"line":80,"column":0},"end":{"line":80,"column":29}}}},"statementMap":{"1":{"start":{"line":3,"column":0},"end":{"line":3,"column":32}},"2":{"start":{"line":5,"column":0},"end":{"line":8,"column":1}},"3":{"start":{"line":6,"column":2},"end":{"line":7,"column":61}},"4":{"start":{"line":9,"column":0},"end":{"line":13,"column":1}},"5":{"start":{"line":10,"column":2},"end":{"line":12,"column":19}},"6":{"start":{"line":15,"column":0},"end":{"line":24,"column":1}},"7":{"start":{"line":16,"column":2},"end":{"line":19,"column":3}},"8":{"start":{"line":17,"column":4},"end":{"line":17,"column":22}},"9":{"start":{"line":18,"column":4},"end":{"line":18,"column":27}},"10":{"start":{"line":20,"column":2},"end":{"line":22,"column":3}},"11":{"start":{"line":21,"column":4},"end":{"line":21,"column":64}},"12":{"start":{"line":23,"column":2},"end":{"line":23,"column":48}},"13":{"start":{"line":26,"column":0},"end":{"line":28,"column":1}},"14":{"start":{"line":27,"column":2},"end":{"line":27,"column":33}},"15":{"start":{"line":30,"column":0},"end":{"line":32,"column":1}},"16":{"start":{"line":31,"column":2},"end":{"line":31,"column":37}},"17":{"start":{"line":34,"column":0},"end":{"line":36,"column":1}},"18":{"start":{"line":35,"column":2},"end":{"line":35,"column":38}},"19":{"start":{"line":38,"column":0},"end":{"line":40,"column":1}},"20":{"start":{"line":39,"column":2},"end":{"line":39,"column":42}},"21":{"start":{"line":42,"column":0},"end":{"line":44,"column":1}},"22":{"start":{"line":43,"column":2},"end":{"line":43,"column":42}},"23":{"start":{"line":46,"column":0},"end":{"line":52,"column":1}},"24":{"start":{"line":54,"column":0},"end":{"line":61,"column":1}},"25":{"start":{"line":55,"column":2},"end":{"line":55,"column":48}},"26":{"start":{"line":56,"column":2},"end":{"line":56,"column":52}},"27":{"start":{"line":57,"column":2},"end":{"line":57,"column":40}},"28":{"start":{"line":58,"column":2},"end":{"line":58,"column":43}},"29":{"start":{"line":59,"column":2},"end":{"line":59,"column":32}},"30":{"start":{"line":60,"column":2},"end":{"line":60,"column":34}},"31":{"start":{"line":63,"column":0},"end":{"line":63,"column":38}},"32":{"start":{"line":65,"column":0},"end":{"line":76,"column":1}},"33":{"start":{"line":66,"column":2},"end":{"line":66,"column":45}},"34":{"start":{"line":67,"column":2},"end":{"line":67,"column":36}},"35":{"start":{"line":68,"column":2},"end":{"line":68,"column":46}},"36":{"start":{"line":69,"column":2},"end":{"line":69,"column":32}},"37":{"start":{"line":70,"column":2},"end":{"line":70,"column":46}},"38":{"start":{"line":71,"column":2},"end":{"line":71,"column":32}},"39":{"start":{"line":72,"column":2},"end":{"line":72,"column":50}},"40":{"start":{"line":73,"column":2},"end":{"line":73,"column":37}},"41":{"start":{"line":74,"column":2},"end":{"line":74,"column":36}},"42":{"start":{"line":75,"column":2},"end":{"line":75,"column":38}},"43":{"start":{"line":78,"column":0},"end":{"line":78,"column":38}},"44":{"start":{"line":80,"column":0},"end":{"line":82,"column":1}},"45":{"start":{"line":81,"column":2},"end":{"line":81,"column":62}},"46":{"start":{"line":84,"column":0},"end":{"line":84,"column":30}}},"branchMap":{"1":{"line":6,"type":"binary-expr","locations":[{"start":{"line":6,"column":9},"end":{"line":6,"column":30}},{"start":{"line":7,"column":4},"end":{"line":7,"column":61}}]},"2":{"line":10,"type":"binary-expr","locations":[{"start":{"line":10,"column":9},"end":{"line":10,"column":68}},{"start":{"line":11,"column":4},"end":{"line":11,"column":24}},{"start":{"line":12,"column":4},"end":{"line":12,"column":19}}]},"3":{"line":16,"type":"if","locations":[{"start":{"line":16,"column":2},"end":{"line":16,"column":2}},{"start":{"line":16,"column":2},"end":{"line":16,"column":2}}]},"4":{"line":20,"type":"if","locations":[{"start":{"line":20,"column":2},"end":{"line":20,"column":2}},{"start":{"line":20,"column":2},"end":{"line":20,"column":2}}]},"5":{"line":20,"type":"binary-expr","locations":[{"start":{"line":20,"column":6},"end":{"line":20,"column":24}},{"start":{"line":20,"column":28},"end":{"line":20,"column":44}}]},"6":{"line":57,"type":"cond-expr","locations":[{"start":{"line":57,"column":21},"end":{"line":57,"column":26}},{"start":{"line":57,"column":29},"end":{"line":57,"column":40}}]},"7":{"line":59,"type":"cond-expr","locations":[{"start":{"line":59,"column":17},"end":{"line":59,"column":20}},{"start":{"line":59,"column":23},"end":{"line":59,"column":32}}]},"8":{"line":67,"type":"cond-expr","locations":[{"start":{"line":67,"column":19},"end":{"line":67,"column":23}},{"start":{"line":67,"column":26},"end":{"line":67,"column":36}}]},"9":{"line":69,"type":"cond-expr","locations":[{"start":{"line":69,"column":17},"end":{"line":69,"column":20}},{"start":{"line":69,"column":23},"end":{"line":69,"column":32}}]},"10":{"line":71,"type":"cond-expr","locations":[{"start":{"line":71,"column":17},"end":{"line":71,"column":20}},{"start":{"line":71,"column":23},"end":{"line":71,"column":32}}]},"11":{"line":73,"type":"cond-expr","locations":[{"start":{"line":73,"column":23},"end":{"line":73,"column":25}},{"start":{"line":73,"column":28},"end":{"line":73,"column":37}}]},"12":{"line":74,"type":"cond-expr","locations":[{"start":{"line":74,"column":23},"end":{"line":74,"column":25}},{"start":{"line":74,"column":28},"end":{"line":74,"column":36}}]}}},"/home/grant/node-rethinkdb-job-queue/src/is.js":{"path":"/home/grant/node-rethinkdb-job-queue/src/is.js","s":{"1":1,"2":1,"3":1,"4":1,"5":175,"6":175,"7":1,"8":1,"9":210,"10":210,"11":1,"12":1,"13":469,"14":469,"15":1,"16":1,"17":2737,"18":2737,"19":1,"20":1,"21":1126,"22":1126,"23":1,"24":1,"25":637,"26":637,"27":1,"28":1,"29":425,"30":425,"31":1,"32":1,"33":932,"34":932,"35":1,"36":1,"37":108,"38":108,"39":1,"40":27,"41":27,"42":27,"43":27,"44":1,"45":1,"46":17,"47":17,"48":17,"49":17,"50":1,"51":1,"52":10,"53":10,"54":10,"55":10,"56":10,"57":10,"58":1,"59":1,"60":1468,"61":1468,"62":1,"63":1,"64":216,"65":216,"66":1,"67":1,"68":2280,"69":2280,"70":1,"71":1,"72":1054,"73":1054,"74":1,"75":1,"76":7,"77":7,"78":1,"79":1,"80":5,"81":5,"82":0,"83":5,"84":1,"85":4,"86":1,"87":3,"88":1,"89":2,"90":1,"91":1,"92":1,"93":1,"94":663,"95":663,"96":79,"97":584,"98":143,"99":441,"100":1,"101":440,"102":1,"103":439,"104":1,"105":438,"106":0,"107":438,"108":1,"109":437,"110":1,"111":1,"112":90,"113":90,"114":35,"115":55,"116":25,"117":30,"118":1,"119":72,"120":72,"121":8,"122":64,"123":10,"124":54,"125":1,"126":40,"127":40,"128":1,"129":13,"130":13,"131":1,"132":15,"133":15,"134":1,"135":12,"136":12,"137":1,"138":10,"139":10},"b":{"1":[637,74],"2":[425,12],"3":[932,20],"4":[98,10],"5":[0,10],"6":[0,10],"7":[10,9],"8":[2280,213,213],"9":[0,5],"10":[1,4],"11":[1,3],"12":[1,2],"13":[1,1],"14":[79,584],"15":[143,441],"16":[1,440],"17":[1,439],"18":[1,438],"19":[0,438],"20":[438,29],"21":[1,437],"22":[35,55],"23":[25,30],"24":[8,64],"25":[10,54],"26":[64,14,13]},"f":{"1":175,"2":210,"3":469,"4":2737,"5":1126,"6":637,"7":425,"8":932,"9":108,"10":27,"11":17,"12":10,"13":1468,"14":216,"15":2280,"16":1054,"17":7,"18":5,"19":663,"20":90,"21":72,"22":40,"23":13,"24":15,"25":12,"26":10},"fnMap":{"1":{"name":"isObject","line":5,"loc":{"start":{"line":5,"column":0},"end":{"line":5,"column":26}}},"2":{"name":"isFunction","line":11,"loc":{"start":{"line":11,"column":0},"end":{"line":11,"column":28}}},"3":{"name":"isString","line":17,"loc":{"start":{"line":17,"column":0},"end":{"line":17,"column":26}}},"4":{"name":"isNumber","line":23,"loc":{"start":{"line":23,"column":0},"end":{"line":23,"column":26}}},"5":{"name":"isBoolean","line":29,"loc":{"start":{"line":29,"column":0},"end":{"line":29,"column":27}}},"6":{"name":"isTrue","line":35,"loc":{"start":{"line":35,"column":0},"end":{"line":35,"column":24}}},"7":{"name":"isFalse","line":41,"loc":{"start":{"line":41,"column":0},"end":{"line":41,"column":25}}},"8":{"name":"isDate","line":47,"loc":{"start":{"line":47,"column":0},"end":{"line":47,"column":24}}},"9":{"name":"ensureDate","line":54,"loc":{"start":{"line":54,"column":0},"end":{"line":54,"column":28}}},"10":{"name":"isDateBefore","line":59,"loc":{"start":{"line":59,"column":0},"end":{"line":59,"column":42}}},"11":{"name":"isDateAfter","line":67,"loc":{"start":{"line":67,"column":0},"end":{"line":67,"column":41}}},"12":{"name":"isDateBetween","line":75,"loc":{"start":{"line":75,"column":0},"end":{"line":75,"column":48}}},"13":{"name":"isUuid","line":85,"loc":{"start":{"line":85,"column":0},"end":{"line":85,"column":24}}},"14":{"name":"isNan","line":91,"loc":{"start":{"line":91,"column":0},"end":{"line":91,"column":23}}},"15":{"name":"isInteger","line":97,"loc":{"start":{"line":97,"column":0},"end":{"line":97,"column":27}}},"16":{"name":"isArray","line":103,"loc":{"start":{"line":103,"column":0},"end":{"line":103,"column":25}}},"17":{"name":"isError","line":109,"loc":{"start":{"line":109,"column":0},"end":{"line":109,"column":25}}},"18":{"name":"isLog","line":115,"loc":{"start":{"line":115,"column":0},"end":{"line":115,"column":23}}},"19":{"name":"isJob","line":126,"loc":{"start":{"line":126,"column":0},"end":{"line":126,"column":23}}},"20":{"name":"isStatus","line":140,"loc":{"start":{"line":140,"column":0},"end":{"line":140,"column":32}}},"21":{"name":"isRepeating","line":147,"loc":{"start":{"line":147,"column":27},"end":{"line":147,"column":54}}},"22":{"name":"isActive","line":160,"loc":{"start":{"line":160,"column":24},"end":{"line":160,"column":48}}},"23":{"name":"isCompleted","line":165,"loc":{"start":{"line":165,"column":27},"end":{"line":165,"column":54}}},"24":{"name":"isCancelled","line":170,"loc":{"start":{"line":170,"column":27},"end":{"line":170,"column":54}}},"25":{"name":"isFailed","line":175,"loc":{"start":{"line":175,"column":24},"end":{"line":175,"column":48}}},"26":{"name":"isTerminated","line":180,"loc":{"start":{"line":180,"column":28},"end":{"line":180,"column":56}}}},"statementMap":{"1":{"start":{"line":1,"column":0},"end":{"line":1,"column":42}},"2":{"start":{"line":2,"column":0},"end":{"line":2,"column":32}},"3":{"start":{"line":3,"column":0},"end":{"line":3,"column":95}},"4":{"start":{"line":5,"column":0},"end":{"line":8,"column":1}},"5":{"start":{"line":6,"column":2},"end":{"line":6,"column":27}},"6":{"start":{"line":7,"column":2},"end":{"line":7,"column":68}},"7":{"start":{"line":9,"column":0},"end":{"line":9,"column":32}},"8":{"start":{"line":11,"column":0},"end":{"line":14,"column":1}},"9":{"start":{"line":12,"column":2},"end":{"line":12,"column":29}},"10":{"start":{"line":13,"column":2},"end":{"line":13,"column":70}},"11":{"start":{"line":15,"column":0},"end":{"line":15,"column":36}},"12":{"start":{"line":17,"column":0},"end":{"line":20,"column":1}},"13":{"start":{"line":18,"column":2},"end":{"line":18,"column":27}},"14":{"start":{"line":19,"column":2},"end":{"line":19,"column":68}},"15":{"start":{"line":21,"column":0},"end":{"line":21,"column":32}},"16":{"start":{"line":23,"column":0},"end":{"line":26,"column":1}},"17":{"start":{"line":24,"column":2},"end":{"line":24,"column":27}},"18":{"start":{"line":25,"column":2},"end":{"line":25,"column":68}},"19":{"start":{"line":27,"column":0},"end":{"line":27,"column":32}},"20":{"start":{"line":29,"column":0},"end":{"line":32,"column":1}},"21":{"start":{"line":30,"column":2},"end":{"line":30,"column":28}},"22":{"start":{"line":31,"column":2},"end":{"line":31,"column":69}},"23":{"start":{"line":33,"column":0},"end":{"line":33,"column":34}},"24":{"start":{"line":35,"column":0},"end":{"line":38,"column":1}},"25":{"start":{"line":36,"column":2},"end":{"line":36,"column":25}},"26":{"start":{"line":37,"column":2},"end":{"line":37,"column":43}},"27":{"start":{"line":39,"column":0},"end":{"line":39,"column":28}},"28":{"start":{"line":41,"column":0},"end":{"line":44,"column":1}},"29":{"start":{"line":42,"column":2},"end":{"line":42,"column":26}},"30":{"start":{"line":43,"column":2},"end":{"line":43,"column":44}},"31":{"start":{"line":45,"column":0},"end":{"line":45,"column":30}},"32":{"start":{"line":47,"column":0},"end":{"line":51,"column":1}},"33":{"start":{"line":48,"column":2},"end":{"line":48,"column":25}},"34":{"start":{"line":49,"column":2},"end":{"line":50,"column":61}},"35":{"start":{"line":52,"column":0},"end":{"line":52,"column":28}},"36":{"start":{"line":54,"column":0},"end":{"line":57,"column":1}},"37":{"start":{"line":55,"column":2},"end":{"line":55,"column":29}},"38":{"start":{"line":56,"column":2},"end":{"line":56,"column":43}},"39":{"start":{"line":59,"column":0},"end":{"line":64,"column":1}},"40":{"start":{"line":60,"column":2},"end":{"line":60,"column":43}},"41":{"start":{"line":61,"column":2},"end":{"line":61,"column":33}},"42":{"start":{"line":62,"column":2},"end":{"line":62,"column":31}},"43":{"start":{"line":63,"column":2},"end":{"line":63,"column":47}},"44":{"start":{"line":65,"column":0},"end":{"line":65,"column":40}},"45":{"start":{"line":67,"column":0},"end":{"line":72,"column":1}},"46":{"start":{"line":68,"column":2},"end":{"line":68,"column":42}},"47":{"start":{"line":69,"column":2},"end":{"line":69,"column":33}},"48":{"start":{"line":70,"column":2},"end":{"line":70,"column":31}},"49":{"start":{"line":71,"column":2},"end":{"line":71,"column":47}},"50":{"start":{"line":73,"column":0},"end":{"line":73,"column":38}},"51":{"start":{"line":75,"column":0},"end":{"line":82,"column":1}},"52":{"start":{"line":76,"column":2},"end":{"line":76,"column":49}},"53":{"start":{"line":77,"column":2},"end":{"line":77,"column":27}},"54":{"start":{"line":78,"column":2},"end":{"line":78,"column":27}},"55":{"start":{"line":79,"column":2},"end":{"line":79,"column":49}},"56":{"start":{"line":80,"column":2},"end":{"line":80,"column":49}},"57":{"start":{"line":81,"column":2},"end":{"line":81,"column":78}},"58":{"start":{"line":83,"column":0},"end":{"line":83,"column":42}},"59":{"start":{"line":85,"column":0},"end":{"line":88,"column":1}},"60":{"start":{"line":86,"column":2},"end":{"line":86,"column":25}},"61":{"start":{"line":87,"column":2},"end":{"line":87,"column":31}},"62":{"start":{"line":89,"column":0},"end":{"line":89,"column":28}},"63":{"start":{"line":91,"column":0},"end":{"line":94,"column":1}},"64":{"start":{"line":92,"column":2},"end":{"line":92,"column":24}},"65":{"start":{"line":93,"column":2},"end":{"line":93,"column":28}},"66":{"start":{"line":95,"column":0},"end":{"line":95,"column":26}},"67":{"start":{"line":97,"column":0},"end":{"line":100,"column":1}},"68":{"start":{"line":98,"column":2},"end":{"line":98,"column":28}},"69":{"start":{"line":99,"column":2},"end":{"line":99,"column":60}},"70":{"start":{"line":101,"column":0},"end":{"line":101,"column":34}},"71":{"start":{"line":103,"column":0},"end":{"line":106,"column":1}},"72":{"start":{"line":104,"column":2},"end":{"line":104,"column":26}},"73":{"start":{"line":105,"column":2},"end":{"line":105,"column":29}},"74":{"start":{"line":107,"column":0},"end":{"line":107,"column":30}},"75":{"start":{"line":109,"column":0},"end":{"line":112,"column":1}},"76":{"start":{"line":110,"column":2},"end":{"line":110,"column":26}},"77":{"start":{"line":111,"column":2},"end":{"line":111,"column":31}},"78":{"start":{"line":113,"column":0},"end":{"line":113,"column":30}},"79":{"start":{"line":115,"column":0},"end":{"line":123,"column":1}},"80":{"start":{"line":116,"column":2},"end":{"line":116,"column":24}},"81":{"start":{"line":117,"column":2},"end":{"line":117,"column":30}},"82":{"start":{"line":117,"column":16},"end":{"line":117,"column":29}},"83":{"start":{"line":118,"column":2},"end":{"line":118,"column":43}},"84":{"start":{"line":118,"column":29},"end":{"line":118,"column":42}},"85":{"start":{"line":119,"column":2},"end":{"line":119,"column":48}},"86":{"start":{"line":119,"column":34},"end":{"line":119,"column":47}},"87":{"start":{"line":120,"column":2},"end":{"line":120,"column":45}},"88":{"start":{"line":120,"column":31},"end":{"line":120,"column":44}},"89":{"start":{"line":121,"column":2},"end":{"line":121,"column":47}},"90":{"start":{"line":121,"column":33},"end":{"line":121,"column":46}},"91":{"start":{"line":122,"column":2},"end":{"line":122,"column":13}},"92":{"start":{"line":124,"column":0},"end":{"line":124,"column":26}},"93":{"start":{"line":126,"column":0},"end":{"line":137,"column":1}},"94":{"start":{"line":127,"column":2},"end":{"line":127,"column":24}},"95":{"start":{"line":128,"column":2},"end":{"line":128,"column":30}},"96":{"start":{"line":128,"column":16},"end":{"line":128,"column":29}},"97":{"start":{"line":129,"column":2},"end":{"line":129,"column":33}},"98":{"start":{"line":129,"column":19},"end":{"line":129,"column":32}},"99":{"start":{"line":130,"column":2},"end":{"line":130,"column":41}},"100":{"start":{"line":130,"column":27},"end":{"line":130,"column":40}},"101":{"start":{"line":131,"column":2},"end":{"line":131,"column":38}},"102":{"start":{"line":131,"column":24},"end":{"line":131,"column":37}},"103":{"start":{"line":132,"column":2},"end":{"line":132,"column":50}},"104":{"start":{"line":132,"column":36},"end":{"line":132,"column":49}},"105":{"start":{"line":133,"column":2},"end":{"line":134,"column":77}},"106":{"start":{"line":134,"column":63},"end":{"line":134,"column":76}},"107":{"start":{"line":135,"column":2},"end":{"line":135,"column":73}},"108":{"start":{"line":135,"column":59},"end":{"line":135,"column":72}},"109":{"start":{"line":136,"column":2},"end":{"line":136,"column":13}},"110":{"start":{"line":138,"column":0},"end":{"line":138,"column":26}},"111":{"start":{"line":140,"column":0},"end":{"line":145,"column":1}},"112":{"start":{"line":141,"column":2},"end":{"line":141,"column":33}},"113":{"start":{"line":142,"column":2},"end":{"line":142,"column":35}},"114":{"start":{"line":142,"column":21},"end":{"line":142,"column":34}},"115":{"start":{"line":143,"column":2},"end":{"line":143,"column":44}},"116":{"start":{"line":143,"column":31},"end":{"line":143,"column":43}},"117":{"start":{"line":144,"column":2},"end":{"line":144,"column":14}},"118":{"start":{"line":147,"column":0},"end":{"line":158,"column":1}},"119":{"start":{"line":148,"column":2},"end":{"line":148,"column":28}},"120":{"start":{"line":149,"column":2},"end":{"line":151,"column":3}},"121":{"start":{"line":150,"column":4},"end":{"line":150,"column":15}},"122":{"start":{"line":152,"column":2},"end":{"line":156,"column":3}},"123":{"start":{"line":155,"column":4},"end":{"line":155,"column":15}},"124":{"start":{"line":157,"column":2},"end":{"line":157,"column":14}},"125":{"start":{"line":160,"column":0},"end":{"line":163,"column":1}},"126":{"start":{"line":161,"column":2},"end":{"line":161,"column":25}},"127":{"start":{"line":162,"column":2},"end":{"line":162,"column":43}},"128":{"start":{"line":165,"column":0},"end":{"line":168,"column":1}},"129":{"start":{"line":166,"column":2},"end":{"line":166,"column":28}},"130":{"start":{"line":167,"column":2},"end":{"line":167,"column":46}},"131":{"start":{"line":170,"column":0},"end":{"line":173,"column":1}},"132":{"start":{"line":171,"column":2},"end":{"line":171,"column":28}},"133":{"start":{"line":172,"column":2},"end":{"line":172,"column":46}},"134":{"start":{"line":175,"column":0},"end":{"line":178,"column":1}},"135":{"start":{"line":176,"column":2},"end":{"line":176,"column":25}},"136":{"start":{"line":177,"column":2},"end":{"line":177,"column":43}},"137":{"start":{"line":180,"column":0},"end":{"line":183,"column":1}},"138":{"start":{"line":181,"column":2},"end":{"line":181,"column":29}},"139":{"start":{"line":182,"column":2},"end":{"line":182,"column":47}}},"branchMap":{"1":{"line":37,"type":"binary-expr","locations":[{"start":{"line":37,"column":9},"end":{"line":37,"column":25}},{"start":{"line":37,"column":29},"end":{"line":37,"column":43}}]},"2":{"line":43,"type":"binary-expr","locations":[{"start":{"line":43,"column":9},"end":{"line":43,"column":25}},{"start":{"line":43,"column":29},"end":{"line":43,"column":44}}]},"3":{"line":49,"type":"binary-expr","locations":[{"start":{"line":49,"column":9},"end":{"line":49,"column":30}},{"start":{"line":50,"column":4},"end":{"line":50,"column":61}}]},"4":{"line":56,"type":"cond-expr","locations":[{"start":{"line":56,"column":25},"end":{"line":56,"column":30}},{"start":{"line":56,"column":33},"end":{"line":56,"column":43}}]},"5":{"line":79,"type":"cond-expr","locations":[{"start":{"line":79,"column":36},"end":{"line":79,"column":41}},{"start":{"line":79,"column":44},"end":{"line":79,"column":49}}]},"6":{"line":80,"type":"cond-expr","locations":[{"start":{"line":80,"column":36},"end":{"line":80,"column":41}},{"start":{"line":80,"column":44},"end":{"line":80,"column":49}}]},"7":{"line":81,"type":"binary-expr","locations":[{"start":{"line":81,"column":9},"end":{"line":81,"column":41}},{"start":{"line":81,"column":45},"end":{"line":81,"column":78}}]},"8":{"line":99,"type":"binary-expr","locations":[{"start":{"line":99,"column":9},"end":{"line":99,"column":24}},{"start":{"line":99,"column":28},"end":{"line":99,"column":41}},{"start":{"line":99,"column":45},"end":{"line":99,"column":60}}]},"9":{"line":117,"type":"if","locations":[{"start":{"line":117,"column":2},"end":{"line":117,"column":2}},{"start":{"line":117,"column":2},"end":{"line":117,"column":2}}]},"10":{"line":118,"type":"if","locations":[{"start":{"line":118,"column":2},"end":{"line":118,"column":2}},{"start":{"line":118,"column":2},"end":{"line":118,"column":2}}]},"11":{"line":119,"type":"if","locations":[{"start":{"line":119,"column":2},"end":{"line":119,"column":2}},{"start":{"line":119,"column":2},"end":{"line":119,"column":2}}]},"12":{"line":120,"type":"if","locations":[{"start":{"line":120,"column":2},"end":{"line":120,"column":2}},{"start":{"line":120,"column":2},"end":{"line":120,"column":2}}]},"13":{"line":121,"type":"if","locations":[{"start":{"line":121,"column":2},"end":{"line":121,"column":2}},{"start":{"line":121,"column":2},"end":{"line":121,"column":2}}]},"14":{"line":128,"type":"if","locations":[{"start":{"line":128,"column":2},"end":{"line":128,"column":2}},{"start":{"line":128,"column":2},"end":{"line":128,"column":2}}]},"15":{"line":129,"type":"if","locations":[{"start":{"line":129,"column":2},"end":{"line":129,"column":2}},{"start":{"line":129,"column":2},"end":{"line":129,"column":2}}]},"16":{"line":130,"type":"if","locations":[{"start":{"line":130,"column":2},"end":{"line":130,"column":2}},{"start":{"line":130,"column":2},"end":{"line":130,"column":2}}]},"17":{"line":131,"type":"if","locations":[{"start":{"line":131,"column":2},"end":{"line":131,"column":2}},{"start":{"line":131,"column":2},"end":{"line":131,"column":2}}]},"18":{"line":132,"type":"if","locations":[{"start":{"line":132,"column":2},"end":{"line":132,"column":2}},{"start":{"line":132,"column":2},"end":{"line":132,"column":2}}]},"19":{"line":133,"type":"if","locations":[{"start":{"line":133,"column":2},"end":{"line":133,"column":2}},{"start":{"line":133,"column":2},"end":{"line":133,"column":2}}]},"20":{"line":133,"type":"binary-expr","locations":[{"start":{"line":133,"column":6},"end":{"line":133,"column":31}},{"start":{"line":134,"column":6},"end":{"line":134,"column":59}}]},"21":{"line":135,"type":"if","locations":[{"start":{"line":135,"column":2},"end":{"line":135,"column":2}},{"start":{"line":135,"column":2},"end":{"line":135,"column":2}}]},"22":{"line":142,"type":"if","locations":[{"start":{"line":142,"column":2},"end":{"line":142,"column":2}},{"start":{"line":142,"column":2},"end":{"line":142,"column":2}}]},"23":{"line":143,"type":"if","locations":[{"start":{"line":143,"column":2},"end":{"line":143,"column":2}},{"start":{"line":143,"column":2},"end":{"line":143,"column":2}}]},"24":{"line":149,"type":"if","locations":[{"start":{"line":149,"column":2},"end":{"line":149,"column":2}},{"start":{"line":149,"column":2},"end":{"line":149,"column":2}}]},"25":{"line":152,"type":"if","locations":[{"start":{"line":152,"column":2},"end":{"line":152,"column":2}},{"start":{"line":152,"column":2},"end":{"line":152,"column":2}}]},"26":{"line":152,"type":"binary-expr","locations":[{"start":{"line":152,"column":6},"end":{"line":152,"column":27}},{"start":{"line":153,"column":6},"end":{"line":153,"column":20}},{"start":{"line":154,"column":6},"end":{"line":154,"column":36}}]}}},"/home/grant/node-rethinkdb-job-queue/src/db-driver.js":{"path":"/home/grant/node-rethinkdb-job-queue/src/db-driver.js","s":{"1":1,"2":1,"3":1,"4":1,"5":1,"6":54,"7":54,"8":54,"9":54,"10":52,"11":52,"12":52,"13":52,"14":52,"15":52,"16":2,"17":1,"18":1,"19":1},"b":{"1":[52,2],"2":[52,2],"3":[54,52,4,3],"4":[4,48],"5":[3,49],"6":[3,49],"7":[1,1]},"f":{"1":54},"fnMap":{"1":{"name":"dbDriver","line":6,"loc":{"start":{"line":6,"column":17},"end":{"line":6,"column":41}}}},"statementMap":{"1":{"start":{"line":1,"column":0},"end":{"line":1,"column":42}},"2":{"start":{"line":2,"column":0},"end":{"line":2,"column":46}},"3":{"start":{"line":3,"column":0},"end":{"line":3,"column":26}},"4":{"start":{"line":4,"column":0},"end":{"line":4,"column":32}},"5":{"start":{"line":6,"column":0},"end":{"line":32,"column":1}},"6":{"start":{"line":7,"column":2},"end":{"line":7,"column":25}},"7":{"start":{"line":8,"column":2},"end":{"line":8,"column":36}},"8":{"start":{"line":9,"column":2},"end":{"line":9,"column":40}},"9":{"start":{"line":11,"column":2},"end":{"line":24,"column":3}},"10":{"start":{"line":15,"column":4},"end":{"line":15,"column":38}},"11":{"start":{"line":16,"column":4},"end":{"line":16,"column":25}},"12":{"start":{"line":17,"column":4},"end":{"line":18,"column":41}},"13":{"start":{"line":19,"column":4},"end":{"line":20,"column":41}},"14":{"start":{"line":21,"column":4},"end":{"line":22,"column":37}},"15":{"start":{"line":23,"column":4},"end":{"line":23,"column":33}},"16":{"start":{"line":26,"column":2},"end":{"line":29,"column":3}},"17":{"start":{"line":27,"column":4},"end":{"line":27,"column":43}},"18":{"start":{"line":28,"column":4},"end":{"line":28,"column":14}},"19":{"start":{"line":31,"column":2},"end":{"line":31,"column":55}}},"branchMap":{"1":{"line":8,"type":"cond-expr","locations":[{"start":{"line":8,"column":28},"end":{"line":8,"column":31}},{"start":{"line":8,"column":34},"end":{"line":8,"column":36}}]},"2":{"line":11,"type":"if","locations":[{"start":{"line":11,"column":2},"end":{"line":11,"column":2}},{"start":{"line":11,"column":2},"end":{"line":11,"column":2}}]},"3":{"line":11,"type":"binary-expr","locations":[{"start":{"line":11,"column":6},"end":{"line":11,"column":33}},{"start":{"line":12,"column":6},"end":{"line":12,"column":22}},{"start":{"line":13,"column":6},"end":{"line":13,"column":22}},{"start":{"line":14,"column":6},"end":{"line":14,"column":23}}]},"4":{"line":17,"type":"cond-expr","locations":[{"start":{"line":18,"column":8},"end":{"line":18,"column":26}},{"start":{"line":18,"column":29},"end":{"line":18,"column":41}}]},"5":{"line":19,"type":"cond-expr","locations":[{"start":{"line":20,"column":8},"end":{"line":20,"column":26}},{"start":{"line":20,"column":29},"end":{"line":20,"column":41}}]},"6":{"line":21,"type":"cond-expr","locations":[{"start":{"line":22,"column":8},"end":{"line":22,"column":24}},{"start":{"line":22,"column":27},"end":{"line":22,"column":37}}]},"7":{"line":26,"type":"if","locations":[{"start":{"line":26,"column":2},"end":{"line":26,"column":2}},{"start":{"line":26,"column":2},"end":{"line":26,"column":2}}]}}},"/home/grant/node-rethinkdb-job-queue/src/db-assert-database.js":{"path":"/home/grant/node-rethinkdb-job-queue/src/db-assert-database.js","s":{"1":1,"2":1,"3":1,"4":45,"5":45,"6":45,"7":45,"8":45,"9":45},"b":{"1":[0,45]},"f":{"1":45},"fnMap":{"1":{"name":"assertDatabase","line":4,"loc":{"start":{"line":4,"column":17},"end":{"line":4,"column":45}}}},"statementMap":{"1":{"start":{"line":1,"column":0},"end":{"line":1,"column":42}},"2":{"start":{"line":2,"column":0},"end":{"line":2,"column":35}},"3":{"start":{"line":4,"column":0},"end":{"line":23,"column":1}},"4":{"start":{"line":5,"column":2},"end":{"line":5,"column":26}},"5":{"start":{"line":6,"column":2},"end":{"line":22,"column":4}},"6":{"start":{"line":7,"column":4},"end":{"line":16,"column":12}},"7":{"start":{"line":10,"column":8},"end":{"line":14,"column":9}},"8":{"start":{"line":18,"column":4},"end":{"line":20,"column":40}},"9":{"start":{"line":21,"column":4},"end":{"line":21,"column":15}}},"branchMap":{"1":{"line":18,"type":"cond-expr","locations":[{"start":{"line":19,"column":6},"end":{"line":19,"column":41}},{"start":{"line":20,"column":6},"end":{"line":20,"column":40}}]}}},"/home/grant/node-rethinkdb-job-queue/src/db-assert-table.js":{"path":"/home/grant/node-rethinkdb-job-queue/src/db-assert-table.js","s":{"1":1,"2":1,"3":1,"4":45,"5":45,"6":45,"7":45,"8":45,"9":45,"10":45,"11":45},"b":{"1":[2,43]},"f":{"1":45},"fnMap":{"1":{"name":"assertTable","line":4,"loc":{"start":{"line":4,"column":17},"end":{"line":4,"column":42}}}},"statementMap":{"1":{"start":{"line":1,"column":0},"end":{"line":1,"column":42}},"2":{"start":{"line":2,"column":0},"end":{"line":2,"column":35}},"3":{"start":{"line":4,"column":0},"end":{"line":28,"column":1}},"4":{"start":{"line":5,"column":2},"end":{"line":5,"column":23}},"5":{"start":{"line":6,"column":2},"end":{"line":27,"column":4}},"6":{"start":{"line":7,"column":4},"end":{"line":17,"column":12}},"7":{"start":{"line":11,"column":8},"end":{"line":15,"column":9}},"8":{"start":{"line":19,"column":4},"end":{"line":21,"column":41}},"9":{"start":{"line":23,"column":4},"end":{"line":23,"column":50}},"10":{"start":{"line":25,"column":4},"end":{"line":25,"column":26}},"11":{"start":{"line":26,"column":4},"end":{"line":26,"column":15}}},"branchMap":{"1":{"line":19,"type":"cond-expr","locations":[{"start":{"line":20,"column":8},"end":{"line":20,"column":42}},{"start":{"line":21,"column":8},"end":{"line":21,"column":41}}]}}},"/home/grant/node-rethinkdb-job-queue/src/db-assert-index.js":{"path":"/home/grant/node-rethinkdb-job-queue/src/db-assert-index.js","s":{"1":1,"2":1,"3":1,"4":1,"5":45,"6":45,"7":45,"8":45,"9":45,"10":43,"11":2,"12":2,"13":1,"14":45,"15":45,"16":45,"17":45,"18":45,"19":43,"20":2,"21":2,"22":1,"23":45,"24":45,"25":45,"26":45,"27":45,"28":43,"29":2,"30":2,"31":1,"32":45,"33":45,"34":45,"35":45,"36":45,"37":43,"38":2,"39":1,"40":45,"41":45,"42":45,"43":45,"44":45,"45":45},"b":{"1":[43,2],"2":[43,2],"3":[43,2],"4":[43,2]},"f":{"1":45,"2":2,"3":45,"4":2,"5":45,"6":2,"7":45,"8":45},"fnMap":{"1":{"name":"createIndexActiveDateEnable","line":5,"loc":{"start":{"line":5,"column":0},"end":{"line":5,"column":41}}},"2":{"name":"(anonymous_2)","line":18,"loc":{"start":{"line":18,"column":61},"end":{"line":18,"column":76}}},"3":{"name":"createIndexInactivePriorityDateCreated","line":28,"loc":{"start":{"line":28,"column":0},"end":{"line":28,"column":52}}},"4":{"name":"(anonymous_4)","line":41,"loc":{"start":{"line":41,"column":61},"end":{"line":41,"column":76}}},"5":{"name":"createIndexFinishedDateFinished","line":61,"loc":{"start":{"line":61,"column":0},"end":{"line":61,"column":45}}},"6":{"name":"(anonymous_6)","line":74,"loc":{"start":{"line":74,"column":61},"end":{"line":74,"column":76}}},"7":{"name":"createIndexStatus","line":88,"loc":{"start":{"line":88,"column":0},"end":{"line":88,"column":31}}},"8":{"name":"assertIndex","line":105,"loc":{"start":{"line":105,"column":17},"end":{"line":105,"column":42}}}},"statementMap":{"1":{"start":{"line":1,"column":0},"end":{"line":1,"column":42}},"2":{"start":{"line":2,"column":0},"end":{"line":2,"column":35}},"3":{"start":{"line":3,"column":0},"end":{"line":3,"column":32}},"4":{"start":{"line":5,"column":0},"end":{"line":26,"column":1}},"5":{"start":{"line":6,"column":2},"end":{"line":6,"column":39}},"6":{"start":{"line":7,"column":2},"end":{"line":7,"column":51}},"7":{"start":{"line":8,"column":2},"end":{"line":25,"column":4}},"8":{"start":{"line":9,"column":4},"end":{"line":13,"column":12}},"9":{"start":{"line":15,"column":4},"end":{"line":17,"column":5}},"10":{"start":{"line":16,"column":6},"end":{"line":16,"column":19}},"11":{"start":{"line":18,"column":4},"end":{"line":24,"column":12}},"12":{"start":{"line":19,"column":6},"end":{"line":23,"column":7}},"13":{"start":{"line":28,"column":0},"end":{"line":59,"column":1}},"14":{"start":{"line":29,"column":2},"end":{"line":29,"column":50}},"15":{"start":{"line":30,"column":2},"end":{"line":30,"column":62}},"16":{"start":{"line":31,"column":2},"end":{"line":58,"column":4}},"17":{"start":{"line":32,"column":4},"end":{"line":36,"column":12}},"18":{"start":{"line":38,"column":4},"end":{"line":40,"column":5}},"19":{"start":{"line":39,"column":6},"end":{"line":39,"column":19}},"20":{"start":{"line":41,"column":4},"end":{"line":57,"column":12}},"21":{"start":{"line":42,"column":6},"end":{"line":56,"column":7}},"22":{"start":{"line":61,"column":0},"end":{"line":86,"column":1}},"23":{"start":{"line":62,"column":2},"end":{"line":62,"column":43}},"24":{"start":{"line":63,"column":2},"end":{"line":63,"column":57}},"25":{"start":{"line":64,"column":2},"end":{"line":85,"column":4}},"26":{"start":{"line":65,"column":4},"end":{"line":69,"column":12}},"27":{"start":{"line":71,"column":4},"end":{"line":73,"column":5}},"28":{"start":{"line":72,"column":6},"end":{"line":72,"column":19}},"29":{"start":{"line":74,"column":4},"end":{"line":84,"column":12}},"30":{"start":{"line":75,"column":6},"end":{"line":83,"column":7}},"31":{"start":{"line":88,"column":0},"end":{"line":103,"column":1}},"32":{"start":{"line":89,"column":2},"end":{"line":89,"column":29}},"33":{"start":{"line":90,"column":2},"end":{"line":90,"column":41}},"34":{"start":{"line":91,"column":2},"end":{"line":102,"column":4}},"35":{"start":{"line":92,"column":4},"end":{"line":96,"column":12}},"36":{"start":{"line":98,"column":4},"end":{"line":100,"column":5}},"37":{"start":{"line":99,"column":6},"end":{"line":99,"column":19}},"38":{"start":{"line":101,"column":4},"end":{"line":101,"column":66}},"39":{"start":{"line":105,"column":0},"end":{"line":119,"column":1}},"40":{"start":{"line":106,"column":2},"end":{"line":106,"column":23}},"41":{"start":{"line":107,"column":2},"end":{"line":118,"column":4}},"42":{"start":{"line":113,"column":4},"end":{"line":113,"column":34}},"43":{"start":{"line":114,"column":4},"end":{"line":114,"column":55}},"44":{"start":{"line":116,"column":4},"end":{"line":116,"column":28}},"45":{"start":{"line":117,"column":4},"end":{"line":117,"column":15}}},"branchMap":{"1":{"line":15,"type":"if","locations":[{"start":{"line":15,"column":4},"end":{"line":15,"column":4}},{"start":{"line":15,"column":4},"end":{"line":15,"column":4}}]},"2":{"line":38,"type":"if","locations":[{"start":{"line":38,"column":4},"end":{"line":38,"column":4}},{"start":{"line":38,"column":4},"end":{"line":38,"column":4}}]},"3":{"line":71,"type":"if","locations":[{"start":{"line":71,"column":4},"end":{"line":71,"column":4}},{"start":{"line":71,"column":4},"end":{"line":71,"column":4}}]},"4":{"line":98,"type":"if","locations":[{"start":{"line":98,"column":4},"end":{"line":98,"column":4}},{"start":{"line":98,"column":4},"end":{"line":98,"column":4}}]}}},"/home/grant/node-rethinkdb-job-queue/src/db-assert.js":{"path":"/home/grant/node-rethinkdb-job-queue/src/db-assert.js","s":{"1":1,"2":1,"3":1,"4":1,"5":1,"6":1,"7":44,"8":44,"9":44,"10":33,"11":44,"12":44,"13":44,"14":44},"b":{"1":[33,11]},"f":{"1":44},"fnMap":{"1":{"name":"dbAssert","line":7,"loc":{"start":{"line":7,"column":17},"end":{"line":7,"column":39}}}},"statementMap":{"1":{"start":{"line":1,"column":0},"end":{"line":1,"column":42}},"2":{"start":{"line":2,"column":0},"end":{"line":2,"column":35}},"3":{"start":{"line":3,"column":0},"end":{"line":3,"column":56}},"4":{"start":{"line":4,"column":0},"end":{"line":4,"column":50}},"5":{"start":{"line":5,"column":0},"end":{"line":5,"column":50}},"6":{"start":{"line":7,"column":0},"end":{"line":24,"column":1}},"7":{"start":{"line":8,"column":2},"end":{"line":8,"column":20}},"8":{"start":{"line":14,"column":2},"end":{"line":14,"column":52}},"9":{"start":{"line":15,"column":2},"end":{"line":15,"column":56}},"10":{"start":{"line":15,"column":19},"end":{"line":15,"column":55}},"11":{"start":{"line":17,"column":2},"end":{"line":23,"column":4}},"12":{"start":{"line":18,"column":4},"end":{"line":18,"column":30}},"13":{"start":{"line":20,"column":4},"end":{"line":20,"column":27}},"14":{"start":{"line":22,"column":4},"end":{"line":22,"column":27}}},"branchMap":{"1":{"line":15,"type":"if","locations":[{"start":{"line":15,"column":2},"end":{"line":15,"column":2}},{"start":{"line":15,"column":2},"end":{"line":15,"column":2}}]}}},"/home/grant/node-rethinkdb-job-queue/src/db-result.js":{"path":"/home/grant/node-rethinkdb-job-queue/src/db-result.js","s":{"1":1,"2":1,"3":1,"4":1,"5":1,"6":2,"7":2,"8":2,"9":2,"10":1,"11":316,"12":316,"13":316,"14":1,"15":315,"16":2,"17":313,"18":88,"19":225,"20":186,"21":303,"22":39,"23":2,"24":37,"25":2,"26":35,"27":1,"28":236,"29":236,"30":235,"31":300,"32":1,"33":80,"34":80,"35":79,"36":91,"37":1,"38":64,"39":64,"40":0,"41":64,"42":40,"43":64},"b":{"1":[1,315],"2":[2,313],"3":[88,225],"4":[186,39],"5":[2,37],"6":[2,35],"7":[0,64],"8":[40,24]},"f":{"1":2,"2":316,"3":236,"4":80,"5":64},"fnMap":{"1":{"name":"getResultError","line":6,"loc":{"start":{"line":6,"column":0},"end":{"line":6,"column":35}}},"2":{"name":"getJobsData","line":13,"loc":{"start":{"line":13,"column":0},"end":{"line":13,"column":32}}},"3":{"name":"toJob","line":38,"loc":{"start":{"line":38,"column":23},"end":{"line":38,"column":52}}},"4":{"name":"toIds","line":47,"loc":{"start":{"line":47,"column":23},"end":{"line":47,"column":49}}},"5":{"name":"status","line":56,"loc":{"start":{"line":56,"column":24},"end":{"line":56,"column":57}}}},"statementMap":{"1":{"start":{"line":1,"column":0},"end":{"line":1,"column":42}},"2":{"start":{"line":2,"column":0},"end":{"line":2,"column":35}},"3":{"start":{"line":3,"column":0},"end":{"line":3,"column":26}},"4":{"start":{"line":4,"column":0},"end":{"line":4,"column":32}},"5":{"start":{"line":6,"column":0},"end":{"line":11,"column":1}},"6":{"start":{"line":7,"column":2},"end":{"line":7,"column":36}},"7":{"start":{"line":8,"column":2},"end":{"line":8,"column":46}},"8":{"start":{"line":9,"column":2},"end":{"line":9,"column":24}},"9":{"start":{"line":10,"column":2},"end":{"line":10,"column":28}},"10":{"start":{"line":13,"column":0},"end":{"line":36,"column":1}},"11":{"start":{"line":14,"column":2},"end":{"line":14,"column":34}},"12":{"start":{"line":15,"column":2},"end":{"line":35,"column":4}},"13":{"start":{"line":16,"column":4},"end":{"line":16,"column":32}},"14":{"start":{"line":16,"column":21},"end":{"line":16,"column":31}},"15":{"start":{"line":17,"column":4},"end":{"line":19,"column":5}},"16":{"start":{"line":18,"column":6},"end":{"line":18,"column":37}},"17":{"start":{"line":20,"column":4},"end":{"line":22,"column":5}},"18":{"start":{"line":21,"column":6},"end":{"line":21,"column":21}},"19":{"start":{"line":23,"column":4},"end":{"line":27,"column":5}},"20":{"start":{"line":24,"column":6},"end":{"line":26,"column":8}},"21":{"start":{"line":25,"column":8},"end":{"line":25,"column":29}},"22":{"start":{"line":28,"column":4},"end":{"line":30,"column":5}},"23":{"start":{"line":29,"column":6},"end":{"line":29,"column":31}},"24":{"start":{"line":31,"column":4},"end":{"line":33,"column":5}},"25":{"start":{"line":32,"column":6},"end":{"line":32,"column":23}},"26":{"start":{"line":34,"column":4},"end":{"line":34,"column":13}},"27":{"start":{"line":38,"column":0},"end":{"line":45,"column":1}},"28":{"start":{"line":39,"column":2},"end":{"line":39,"column":28}},"29":{"start":{"line":40,"column":2},"end":{"line":44,"column":4}},"30":{"start":{"line":41,"column":4},"end":{"line":43,"column":6}},"31":{"start":{"line":42,"column":6},"end":{"line":42,"column":33}},"32":{"start":{"line":47,"column":0},"end":{"line":54,"column":1}},"33":{"start":{"line":48,"column":2},"end":{"line":48,"column":27}},"34":{"start":{"line":49,"column":2},"end":{"line":53,"column":4}},"35":{"start":{"line":50,"column":4},"end":{"line":52,"column":6}},"36":{"start":{"line":51,"column":6},"end":{"line":51,"column":23}},"37":{"start":{"line":56,"column":0},"end":{"line":61,"column":1}},"38":{"start":{"line":57,"column":2},"end":{"line":57,"column":35}},"39":{"start":{"line":58,"column":2},"end":{"line":58,"column":62}},"40":{"start":{"line":58,"column":29},"end":{"line":58,"column":61}},"41":{"start":{"line":59,"column":2},"end":{"line":59,"column":45}},"42":{"start":{"line":59,"column":25},"end":{"line":59,"column":44}},"43":{"start":{"line":60,"column":2},"end":{"line":60,"column":40}}},"branchMap":{"1":{"line":16,"type":"if","locations":[{"start":{"line":16,"column":4},"end":{"line":16,"column":4}},{"start":{"line":16,"column":4},"end":{"line":16,"column":4}}]},"2":{"line":17,"type":"if","locations":[{"start":{"line":17,"column":4},"end":{"line":17,"column":4}},{"start":{"line":17,"column":4},"end":{"line":17,"column":4}}]},"3":{"line":20,"type":"if","locations":[{"start":{"line":20,"column":4},"end":{"line":20,"column":4}},{"start":{"line":20,"column":4},"end":{"line":20,"column":4}}]},"4":{"line":23,"type":"if","locations":[{"start":{"line":23,"column":4},"end":{"line":23,"column":4}},{"start":{"line":23,"column":4},"end":{"line":23,"column":4}}]},"5":{"line":28,"type":"if","locations":[{"start":{"line":28,"column":4},"end":{"line":28,"column":4}},{"start":{"line":28,"column":4},"end":{"line":28,"column":4}}]},"6":{"line":31,"type":"if","locations":[{"start":{"line":31,"column":4},"end":{"line":31,"column":4}},{"start":{"line":31,"column":4},"end":{"line":31,"column":4}}]},"7":{"line":58,"type":"if","locations":[{"start":{"line":58,"column":2},"end":{"line":58,"column":2}},{"start":{"line":58,"column":2},"end":{"line":58,"column":2}}]},"8":{"line":59,"type":"if","locations":[{"start":{"line":59,"column":2},"end":{"line":59,"column":2}},{"start":{"line":59,"column":2},"end":{"line":59,"column":2}}]}}},"/home/grant/node-rethinkdb-job-queue/src/queue.js":{"path":"/home/grant/node-rethinkdb-job-queue/src/queue.js","s":{"1":1,"2":1,"3":1,"4":1,"5":1,"6":1,"7":1,"8":1,"9":1,"10":1,"11":1,"12":1,"13":1,"14":1,"15":1,"16":1,"17":1,"18":1,"19":1,"20":1,"21":36,"22":36,"23":36,"24":36,"25":36,"26":36,"27":36,"28":36,"29":36,"30":36,"31":36,"32":36,"33":36,"34":36,"35":36,"36":36,"37":36,"38":36,"39":36,"40":36,"41":36,"42":905,"43":2921,"44":1,"45":1,"46":867,"47":2787,"48":44,"49":138,"50":29,"51":144,"52":94,"53":810,"54":281,"55":126,"56":58,"57":3,"58":3,"59":4,"60":4,"61":3,"62":3,"63":3,"64":3,"65":1,"66":435,"67":435,"68":435,"69":44,"70":44,"71":44,"72":0,"73":0,"74":0,"75":70,"76":70,"77":70,"78":0,"79":0,"80":0,"81":2,"82":2,"83":2,"84":0,"85":0,"86":0,"87":5,"88":5,"89":5,"90":0,"91":0,"92":0,"93":5,"94":5,"95":5,"96":0,"97":0,"98":0,"99":3,"100":3,"101":3,"102":0,"103":0,"104":0,"105":0,"106":0,"107":0,"108":0,"109":0,"110":0,"111":7,"112":7,"113":7,"114":0,"115":0,"116":0,"117":385,"118":385,"119":57,"120":57,"121":57,"122":0,"123":0,"124":0,"125":18,"126":18,"127":18,"128":0,"129":0,"130":0,"131":41,"132":41,"133":41,"134":0,"135":0,"136":0,"137":33,"138":33,"139":33,"140":0,"141":0,"142":0,"143":1,"144":1,"145":0,"146":0,"147":0,"148":1},"b":{"1":[36,0],"2":[36,0],"3":[3,33],"4":[36,0],"5":[36,0],"6":[31,5],"7":[36,0],"8":[3,1],"9":[4,2],"10":[135,300]},"f":{"1":36,"2":905,"3":2921,"4":1,"5":1,"6":867,"7":2787,"8":44,"9":138,"10":29,"11":144,"12":94,"13":810,"14":281,"15":126,"16":58,"17":3,"18":4,"19":435,"20":44,"21":70,"22":2,"23":5,"24":5,"25":3,"26":0,"27":7,"28":385,"29":57,"30":18,"31":41,"32":33,"33":1},"fnMap":{"1":{"name":"(anonymous_1)","line":24,"loc":{"start":{"line":24,"column":14},"end":{"line":24,"column":29}}},"2":{"name":"(anonymous_2)","line":58,"loc":{"start":{"line":58,"column":11},"end":{"line":58,"column":14}}},"3":{"name":"(anonymous_3)","line":59,"loc":{"start":{"line":59,"column":9},"end":{"line":59,"column":12}}},"4":{"name":"(anonymous_4)","line":60,"loc":{"start":{"line":60,"column":11},"end":{"line":60,"column":14}}},"5":{"name":"(anonymous_5)","line":61,"loc":{"start":{"line":61,"column":11},"end":{"line":61,"column":14}}},"6":{"name":"(anonymous_6)","line":62,"loc":{"start":{"line":62,"column":9},"end":{"line":62,"column":12}}},"7":{"name":"(anonymous_7)","line":63,"loc":{"start":{"line":63,"column":8},"end":{"line":63,"column":11}}},"8":{"name":"(anonymous_8)","line":64,"loc":{"start":{"line":64,"column":17},"end":{"line":64,"column":20}}},"9":{"name":"(anonymous_9)","line":65,"loc":{"start":{"line":65,"column":13},"end":{"line":65,"column":16}}},"10":{"name":"(anonymous_10)","line":66,"loc":{"start":{"line":66,"column":21},"end":{"line":66,"column":24}}},"11":{"name":"(anonymous_11)","line":67,"loc":{"start":{"line":67,"column":17},"end":{"line":67,"column":20}}},"12":{"name":"(anonymous_12)","line":68,"loc":{"start":{"line":68,"column":25},"end":{"line":68,"column":28}}},"13":{"name":"(anonymous_13)","line":69,"loc":{"start":{"line":69,"column":14},"end":{"line":69,"column":17}}},"14":{"name":"(anonymous_14)","line":70,"loc":{"start":{"line":70,"column":18},"end":{"line":70,"column":21}}},"15":{"name":"(anonymous_15)","line":71,"loc":{"start":{"line":71,"column":13},"end":{"line":71,"column":16}}},"16":{"name":"(anonymous_16)","line":72,"loc":{"start":{"line":72,"column":11},"end":{"line":72,"column":14}}},"17":{"name":"(anonymous_17)","line":74,"loc":{"start":{"line":74,"column":17},"end":{"line":74,"column":27}}},"18":{"name":"(anonymous_18)","line":79,"loc":{"start":{"line":79,"column":18},"end":{"line":79,"column":26}}},"19":{"name":"(anonymous_19)","line":90,"loc":{"start":{"line":90,"column":12},"end":{"line":90,"column":22}}},"20":{"name":"(anonymous_20)","line":96,"loc":{"start":{"line":96,"column":9},"end":{"line":96,"column":15}}},"21":{"name":"(anonymous_21)","line":107,"loc":{"start":{"line":107,"column":9},"end":{"line":107,"column":19}}},"22":{"name":"(anonymous_22)","line":118,"loc":{"start":{"line":118,"column":10},"end":{"line":118,"column":27}}},"23":{"name":"(anonymous_23)","line":129,"loc":{"start":{"line":129,"column":12},"end":{"line":129,"column":30}}},"24":{"name":"(anonymous_24)","line":140,"loc":{"start":{"line":140,"column":12},"end":{"line":140,"column":22}}},"25":{"name":"(anonymous_25)","line":151,"loc":{"start":{"line":151,"column":10},"end":{"line":151,"column":20}}},"26":{"name":"(anonymous_26)","line":162,"loc":{"start":{"line":162,"column":9},"end":{"line":162,"column":12}}},"27":{"name":"(anonymous_27)","line":173,"loc":{"start":{"line":173,"column":10},"end":{"line":173,"column":13}}},"28":{"name":"(anonymous_28)","line":184,"loc":{"start":{"line":184,"column":8},"end":{"line":184,"column":11}}},"29":{"name":"(anonymous_29)","line":189,"loc":{"start":{"line":189,"column":8},"end":{"line":189,"column":17}}},"30":{"name":"(anonymous_30)","line":200,"loc":{"start":{"line":200,"column":9},"end":{"line":200,"column":18}}},"31":{"name":"(anonymous_31)","line":211,"loc":{"start":{"line":211,"column":8},"end":{"line":211,"column":11}}},"32":{"name":"(anonymous_32)","line":222,"loc":{"start":{"line":222,"column":7},"end":{"line":222,"column":10}}},"33":{"name":"(anonymous_33)","line":233,"loc":{"start":{"line":233,"column":7},"end":{"line":233,"column":10}}}},"statementMap":{"1":{"start":{"line":1,"column":0},"end":{"line":1,"column":42}},"2":{"start":{"line":2,"column":0},"end":{"line":2,"column":51}},"3":{"start":{"line":3,"column":0},"end":{"line":3,"column":35}},"4":{"start":{"line":4,"column":0},"end":{"line":4,"column":26}},"5":{"start":{"line":5,"column":0},"end":{"line":5,"column":32}},"6":{"start":{"line":6,"column":0},"end":{"line":6,"column":28}},"7":{"start":{"line":7,"column":0},"end":{"line":7,"column":39}},"8":{"start":{"line":8,"column":0},"end":{"line":8,"column":37}},"9":{"start":{"line":9,"column":0},"end":{"line":9,"column":47}},"10":{"start":{"line":10,"column":0},"end":{"line":10,"column":46}},"11":{"start":{"line":11,"column":0},"end":{"line":11,"column":46}},"12":{"start":{"line":12,"column":0},"end":{"line":12,"column":48}},"13":{"start":{"line":13,"column":0},"end":{"line":13,"column":57}},"14":{"start":{"line":14,"column":0},"end":{"line":14,"column":52}},"15":{"start":{"line":15,"column":0},"end":{"line":15,"column":52}},"16":{"start":{"line":16,"column":0},"end":{"line":16,"column":43}},"17":{"start":{"line":17,"column":0},"end":{"line":17,"column":47}},"18":{"start":{"line":18,"column":0},"end":{"line":18,"column":41}},"19":{"start":{"line":19,"column":0},"end":{"line":19,"column":41}},"20":{"start":{"line":20,"column":0},"end":{"line":20,"column":43}},"21":{"start":{"line":25,"column":4},"end":{"line":25,"column":11}},"22":{"start":{"line":26,"column":4},"end":{"line":26,"column":40}},"23":{"start":{"line":28,"column":4},"end":{"line":28,"column":27}},"24":{"start":{"line":29,"column":4},"end":{"line":29,"column":51}},"25":{"start":{"line":33,"column":4},"end":{"line":33,"column":19}},"26":{"start":{"line":34,"column":4},"end":{"line":34,"column":19}},"27":{"start":{"line":35,"column":4},"end":{"line":35,"column":18}},"28":{"start":{"line":36,"column":4},"end":{"line":36,"column":17}},"29":{"start":{"line":37,"column":4},"end":{"line":37,"column":17}},"30":{"start":{"line":38,"column":4},"end":{"line":38,"column":23}},"31":{"start":{"line":40,"column":4},"end":{"line":41,"column":61}},"32":{"start":{"line":42,"column":4},"end":{"line":43,"column":67}},"33":{"start":{"line":44,"column":4},"end":{"line":44,"column":35}},"34":{"start":{"line":45,"column":4},"end":{"line":45,"column":34}},"35":{"start":{"line":46,"column":4},"end":{"line":46,"column":24}},"36":{"start":{"line":47,"column":4},"end":{"line":47,"column":21}},"37":{"start":{"line":48,"column":4},"end":{"line":49,"column":33}},"38":{"start":{"line":50,"column":4},"end":{"line":51,"column":55}},"39":{"start":{"line":52,"column":4},"end":{"line":53,"column":69}},"40":{"start":{"line":54,"column":4},"end":{"line":54,"column":25}},"41":{"start":{"line":55,"column":4},"end":{"line":55,"column":29}},"42":{"start":{"line":58,"column":16},"end":{"line":58,"column":34}},"43":{"start":{"line":59,"column":14},"end":{"line":59,"column":30}},"44":{"start":{"line":60,"column":16},"end":{"line":60,"column":34}},"45":{"start":{"line":61,"column":16},"end":{"line":61,"column":34}},"46":{"start":{"line":62,"column":14},"end":{"line":62,"column":30}},"47":{"start":{"line":63,"column":13},"end":{"line":63,"column":28}},"48":{"start":{"line":64,"column":22},"end":{"line":64,"column":46}},"49":{"start":{"line":65,"column":18},"end":{"line":65,"column":50}},"50":{"start":{"line":66,"column":26},"end":{"line":66,"column":54}},"51":{"start":{"line":67,"column":22},"end":{"line":67,"column":46}},"52":{"start":{"line":68,"column":30},"end":{"line":68,"column":62}},"53":{"start":{"line":69,"column":19},"end":{"line":69,"column":40}},"54":{"start":{"line":70,"column":23},"end":{"line":70,"column":48}},"55":{"start":{"line":71,"column":18},"end":{"line":71,"column":38}},"56":{"start":{"line":72,"column":16},"end":{"line":72,"column":41}},"57":{"start":{"line":75,"column":4},"end":{"line":75,"column":37}},"58":{"start":{"line":76,"column":4},"end":{"line":76,"column":60}},"59":{"start":{"line":80,"column":4},"end":{"line":80,"column":36}},"60":{"start":{"line":81,"column":4},"end":{"line":86,"column":5}},"61":{"start":{"line":82,"column":6},"end":{"line":82,"column":61}},"62":{"start":{"line":83,"column":6},"end":{"line":83,"column":54}},"63":{"start":{"line":84,"column":6},"end":{"line":84,"column":49}},"64":{"start":{"line":85,"column":6},"end":{"line":85,"column":12}},"65":{"start":{"line":87,"column":4},"end":{"line":87,"column":29}},"66":{"start":{"line":91,"column":4},"end":{"line":91,"column":32}},"67":{"start":{"line":92,"column":4},"end":{"line":92,"column":57}},"68":{"start":{"line":93,"column":4},"end":{"line":93,"column":33}},"69":{"start":{"line":97,"column":4},"end":{"line":97,"column":25}},"70":{"start":{"line":98,"column":4},"end":{"line":104,"column":6}},"71":{"start":{"line":99,"column":6},"end":{"line":99,"column":35}},"72":{"start":{"line":101,"column":6},"end":{"line":101,"column":49}},"73":{"start":{"line":102,"column":6},"end":{"line":102,"column":49}},"74":{"start":{"line":103,"column":6},"end":{"line":103,"column":32}},"75":{"start":{"line":108,"column":4},"end":{"line":108,"column":29}},"76":{"start":{"line":109,"column":4},"end":{"line":115,"column":6}},"77":{"start":{"line":110,"column":6},"end":{"line":110,"column":39}},"78":{"start":{"line":112,"column":6},"end":{"line":112,"column":49}},"79":{"start":{"line":113,"column":6},"end":{"line":113,"column":49}},"80":{"start":{"line":114,"column":6},"end":{"line":114,"column":32}},"81":{"start":{"line":119,"column":4},"end":{"line":119,"column":32}},"82":{"start":{"line":120,"column":4},"end":{"line":126,"column":6}},"83":{"start":{"line":121,"column":6},"end":{"line":121,"column":47}},"84":{"start":{"line":123,"column":6},"end":{"line":123,"column":50}},"85":{"start":{"line":124,"column":6},"end":{"line":124,"column":49}},"86":{"start":{"line":125,"column":6},"end":{"line":125,"column":32}},"87":{"start":{"line":130,"column":4},"end":{"line":130,"column":40}},"88":{"start":{"line":131,"column":4},"end":{"line":137,"column":6}},"89":{"start":{"line":132,"column":6},"end":{"line":132,"column":50}},"90":{"start":{"line":134,"column":6},"end":{"line":134,"column":52}},"91":{"start":{"line":135,"column":6},"end":{"line":135,"column":49}},"92":{"start":{"line":136,"column":6},"end":{"line":136,"column":32}},"93":{"start":{"line":141,"column":4},"end":{"line":141,"column":32}},"94":{"start":{"line":142,"column":4},"end":{"line":148,"column":6}},"95":{"start":{"line":143,"column":6},"end":{"line":143,"column":42}},"96":{"start":{"line":145,"column":6},"end":{"line":145,"column":52}},"97":{"start":{"line":146,"column":6},"end":{"line":146,"column":49}},"98":{"start":{"line":147,"column":6},"end":{"line":147,"column":32}},"99":{"start":{"line":152,"column":4},"end":{"line":152,"column":30}},"100":{"start":{"line":153,"column":4},"end":{"line":159,"column":6}},"101":{"start":{"line":154,"column":6},"end":{"line":154,"column":51}},"102":{"start":{"line":156,"column":6},"end":{"line":156,"column":50}},"103":{"start":{"line":157,"column":6},"end":{"line":157,"column":49}},"104":{"start":{"line":158,"column":6},"end":{"line":158,"column":32}},"105":{"start":{"line":163,"column":4},"end":{"line":163,"column":20}},"106":{"start":{"line":164,"column":4},"end":{"line":170,"column":6}},"107":{"start":{"line":165,"column":6},"end":{"line":165,"column":35}},"108":{"start":{"line":167,"column":6},"end":{"line":167,"column":49}},"109":{"start":{"line":168,"column":6},"end":{"line":168,"column":49}},"110":{"start":{"line":169,"column":6},"end":{"line":169,"column":32}},"111":{"start":{"line":174,"column":4},"end":{"line":174,"column":21}},"112":{"start":{"line":175,"column":4},"end":{"line":181,"column":6}},"113":{"start":{"line":176,"column":6},"end":{"line":176,"column":31}},"114":{"start":{"line":178,"column":6},"end":{"line":178,"column":50}},"115":{"start":{"line":179,"column":6},"end":{"line":179,"column":49}},"116":{"start":{"line":180,"column":6},"end":{"line":180,"column":32}},"117":{"start":{"line":185,"column":4},"end":{"line":185,"column":19}},"118":{"start":{"line":186,"column":4},"end":{"line":186,"column":22}},"119":{"start":{"line":190,"column":4},"end":{"line":190,"column":19}},"120":{"start":{"line":191,"column":4},"end":{"line":197,"column":6}},"121":{"start":{"line":192,"column":6},"end":{"line":192,"column":50}},"122":{"start":{"line":194,"column":6},"end":{"line":194,"column":48}},"123":{"start":{"line":195,"column":6},"end":{"line":195,"column":49}},"124":{"start":{"line":196,"column":6},"end":{"line":196,"column":32}},"125":{"start":{"line":201,"column":4},"end":{"line":201,"column":20}},"126":{"start":{"line":202,"column":4},"end":{"line":208,"column":6}},"127":{"start":{"line":203,"column":6},"end":{"line":203,"column":51}},"128":{"start":{"line":205,"column":6},"end":{"line":205,"column":49}},"129":{"start":{"line":206,"column":6},"end":{"line":206,"column":49}},"130":{"start":{"line":207,"column":6},"end":{"line":207,"column":32}},"131":{"start":{"line":212,"column":4},"end":{"line":212,"column":19}},"132":{"start":{"line":213,"column":4},"end":{"line":219,"column":6}},"133":{"start":{"line":214,"column":6},"end":{"line":214,"column":29}},"134":{"start":{"line":216,"column":6},"end":{"line":216,"column":48}},"135":{"start":{"line":217,"column":6},"end":{"line":217,"column":49}},"136":{"start":{"line":218,"column":6},"end":{"line":218,"column":32}},"137":{"start":{"line":223,"column":4},"end":{"line":223,"column":18}},"138":{"start":{"line":224,"column":4},"end":{"line":230,"column":6}},"139":{"start":{"line":225,"column":6},"end":{"line":225,"column":32}},"140":{"start":{"line":227,"column":6},"end":{"line":227,"column":47}},"141":{"start":{"line":228,"column":6},"end":{"line":228,"column":49}},"142":{"start":{"line":229,"column":6},"end":{"line":229,"column":32}},"143":{"start":{"line":234,"column":4},"end":{"line":234,"column":18}},"144":{"start":{"line":235,"column":4},"end":{"line":239,"column":6}},"145":{"start":{"line":236,"column":6},"end":{"line":236,"column":47}},"146":{"start":{"line":237,"column":6},"end":{"line":237,"column":49}},"147":{"start":{"line":238,"column":6},"end":{"line":238,"column":32}},"148":{"start":{"line":243,"column":0},"end":{"line":243,"column":22}}},"branchMap":{"1":{"line":28,"type":"binary-expr","locations":[{"start":{"line":28,"column":14},"end":{"line":28,"column":21}},{"start":{"line":28,"column":25},"end":{"line":28,"column":27}}]},"2":{"line":29,"type":"binary-expr","locations":[{"start":{"line":29,"column":17},"end":{"line":29,"column":29}},{"start":{"line":29,"column":33},"end":{"line":29,"column":51}}]},"3":{"line":40,"type":"cond-expr","locations":[{"start":{"line":41,"column":8},"end":{"line":41,"column":36}},{"start":{"line":41,"column":39},"end":{"line":41,"column":61}}]},"4":{"line":42,"type":"cond-expr","locations":[{"start":{"line":43,"column":8},"end":{"line":43,"column":39}},{"start":{"line":43,"column":42},"end":{"line":43,"column":67}}]},"5":{"line":48,"type":"cond-expr","locations":[{"start":{"line":49,"column":8},"end":{"line":49,"column":12}},{"start":{"line":49,"column":15},"end":{"line":49,"column":33}}]},"6":{"line":50,"type":"cond-expr","locations":[{"start":{"line":51,"column":8},"end":{"line":51,"column":27}},{"start":{"line":51,"column":30},"end":{"line":51,"column":55}}]},"7":{"line":52,"type":"cond-expr","locations":[{"start":{"line":53,"column":8},"end":{"line":53,"column":40}},{"start":{"line":53,"column":43},"end":{"line":53,"column":69}}]},"8":{"line":81,"type":"if","locations":[{"start":{"line":81,"column":4},"end":{"line":81,"column":4}},{"start":{"line":81,"column":4},"end":{"line":81,"column":4}}]},"9":{"line":81,"type":"binary-expr","locations":[{"start":{"line":81,"column":8},"end":{"line":81,"column":26}},{"start":{"line":81,"column":30},"end":{"line":81,"column":39}}]},"10":{"line":92,"type":"cond-expr","locations":[{"start":{"line":92,"column":32},"end":{"line":92,"column":47}},{"start":{"line":92,"column":50},"end":{"line":92,"column":57}}]}}},"/home/grant/node-rethinkdb-job-queue/src/job.js":{"path":"/home/grant/node-rethinkdb-job-queue/src/job.js","s":{"1":1,"2":1,"3":1,"4":1,"5":1,"6":1,"7":1,"8":1,"9":461,"10":461,"11":461,"12":461,"13":461,"14":301,"15":301,"16":301,"17":160,"18":160,"19":160,"20":160,"21":160,"22":160,"23":160,"24":160,"25":160,"26":160,"27":160,"28":160,"29":160,"30":160,"31":160,"32":160,"33":160,"34":160,"35":160,"36":160,"37":160,"38":1,"39":159,"40":22,"41":137,"42":14,"43":13,"44":13,"45":1,"46":3,"47":2,"48":2,"49":1,"50":3,"51":2,"52":2,"53":1,"54":3,"55":2,"56":2,"57":1,"58":9,"59":7,"60":7,"61":2,"62":5,"63":3,"64":3,"65":2,"66":8,"67":7,"68":7,"69":1,"70":5,"71":5,"72":5,"73":0,"74":0,"75":0,"76":6,"77":6,"78":6,"79":0,"80":0,"81":0,"82":158,"83":158,"84":158,"85":157,"86":158,"87":158,"88":2,"89":2,"90":2,"91":0,"92":0,"93":0,"94":11,"95":1},"b":{"1":[301,160],"2":[1,159],"3":[22,137],"4":[159,158],"5":[13,1],"6":[2,1],"7":[3,2],"8":[2,1],"9":[3,2],"10":[2,1],"11":[3,2],"12":[7,2],"13":[9,5,4],"14":[3,2],"15":[5,4],"16":[7,1],"17":[157,1]},"f":{"1":461,"2":14,"3":3,"4":3,"5":3,"6":9,"7":5,"8":8,"9":5,"10":6,"11":158,"12":2,"13":11},"fnMap":{"1":{"name":"(anonymous_1)","line":12,"loc":{"start":{"line":12,"column":14},"end":{"line":12,"column":27}}},"2":{"name":"(anonymous_2)","line":56,"loc":{"start":{"line":56,"column":14},"end":{"line":56,"column":28}}},"3":{"name":"(anonymous_3)","line":64,"loc":{"start":{"line":64,"column":13},"end":{"line":64,"column":26}}},"4":{"name":"(anonymous_4)","line":73,"loc":{"start":{"line":73,"column":14},"end":{"line":73,"column":28}}},"5":{"name":"(anonymous_5)","line":82,"loc":{"start":{"line":82,"column":16},"end":{"line":82,"column":32}}},"6":{"name":"(anonymous_6)","line":91,"loc":{"start":{"line":91,"column":12},"end":{"line":91,"column":24}}},"7":{"name":"(anonymous_7)","line":100,"loc":{"start":{"line":100,"column":17},"end":{"line":100,"column":34}}},"8":{"name":"(anonymous_8)","line":108,"loc":{"start":{"line":108,"column":16},"end":{"line":108,"column":32}}},"9":{"name":"(anonymous_9)","line":116,"loc":{"start":{"line":116,"column":17},"end":{"line":116,"column":27}}},"10":{"name":"(anonymous_10)","line":127,"loc":{"start":{"line":127,"column":9},"end":{"line":127,"column":12}}},"11":{"name":"(anonymous_11)","line":138,"loc":{"start":{"line":138,"column":15},"end":{"line":138,"column":34}}},"12":{"name":"(anonymous_12)","line":148,"loc":{"start":{"line":148,"column":9},"end":{"line":151,"column":32}}},"13":{"name":"(anonymous_13)","line":162,"loc":{"start":{"line":162,"column":13},"end":{"line":162,"column":16}}}},"statementMap":{"1":{"start":{"line":1,"column":0},"end":{"line":1,"column":42}},"2":{"start":{"line":2,"column":0},"end":{"line":2,"column":28}},"3":{"start":{"line":3,"column":0},"end":{"line":3,"column":32}},"4":{"start":{"line":4,"column":0},"end":{"line":4,"column":26}},"5":{"start":{"line":5,"column":0},"end":{"line":5,"column":43}},"6":{"start":{"line":6,"column":0},"end":{"line":6,"column":45}},"7":{"start":{"line":7,"column":0},"end":{"line":7,"column":41}},"8":{"start":{"line":8,"column":0},"end":{"line":8,"column":35}},"9":{"start":{"line":13,"column":4},"end":{"line":13,"column":25}},"10":{"start":{"line":14,"column":4},"end":{"line":14,"column":28}},"11":{"start":{"line":15,"column":4},"end":{"line":15,"column":30}},"12":{"start":{"line":16,"column":4},"end":{"line":16,"column":14}},"13":{"start":{"line":18,"column":4},"end":{"line":53,"column":5}},"14":{"start":{"line":19,"column":6},"end":{"line":19,"column":49}},"15":{"start":{"line":20,"column":6},"end":{"line":20,"column":34}},"16":{"start":{"line":21,"column":6},"end":{"line":21,"column":60}},"17":{"start":{"line":23,"column":6},"end":{"line":23,"column":46}},"18":{"start":{"line":25,"column":6},"end":{"line":25,"column":34}},"19":{"start":{"line":26,"column":6},"end":{"line":26,"column":28}},"20":{"start":{"line":27,"column":6},"end":{"line":27,"column":25}},"21":{"start":{"line":28,"column":6},"end":{"line":28,"column":38}},"22":{"start":{"line":29,"column":6},"end":{"line":29,"column":36}},"23":{"start":{"line":30,"column":6},"end":{"line":30,"column":42}},"24":{"start":{"line":31,"column":6},"end":{"line":31,"column":38}},"25":{"start":{"line":32,"column":6},"end":{"line":32,"column":25}},"26":{"start":{"line":33,"column":6},"end":{"line":33,"column":34}},"27":{"start":{"line":34,"column":6},"end":{"line":34,"column":44}},"28":{"start":{"line":35,"column":6},"end":{"line":35,"column":27}},"29":{"start":{"line":36,"column":6},"end":{"line":36,"column":23}},"30":{"start":{"line":37,"column":6},"end":{"line":37,"column":40}},"31":{"start":{"line":38,"column":6},"end":{"line":38,"column":19}},"32":{"start":{"line":39,"column":6},"end":{"line":39,"column":28}},"33":{"start":{"line":40,"column":6},"end":{"line":40,"column":27}},"34":{"start":{"line":41,"column":6},"end":{"line":41,"column":22}},"35":{"start":{"line":42,"column":6},"end":{"line":42,"column":23}},"36":{"start":{"line":43,"column":6},"end":{"line":43,"column":25}},"37":{"start":{"line":45,"column":6},"end":{"line":47,"column":7}},"38":{"start":{"line":46,"column":8},"end":{"line":46,"column":53}},"39":{"start":{"line":48,"column":6},"end":{"line":52,"column":7}},"40":{"start":{"line":49,"column":8},"end":{"line":49,"column":27}},"41":{"start":{"line":51,"column":8},"end":{"line":51,"column":36}},"42":{"start":{"line":57,"column":4},"end":{"line":60,"column":5}},"43":{"start":{"line":58,"column":6},"end":{"line":58,"column":33}},"44":{"start":{"line":59,"column":6},"end":{"line":59,"column":17}},"45":{"start":{"line":61,"column":4},"end":{"line":61,"column":50}},"46":{"start":{"line":65,"column":4},"end":{"line":69,"column":5}},"47":{"start":{"line":67,"column":6},"end":{"line":67,"column":31}},"48":{"start":{"line":68,"column":6},"end":{"line":68,"column":17}},"49":{"start":{"line":70,"column":4},"end":{"line":70,"column":48}},"50":{"start":{"line":74,"column":4},"end":{"line":78,"column":5}},"51":{"start":{"line":76,"column":6},"end":{"line":76,"column":33}},"52":{"start":{"line":77,"column":6},"end":{"line":77,"column":17}},"53":{"start":{"line":79,"column":4},"end":{"line":79,"column":49}},"54":{"start":{"line":83,"column":4},"end":{"line":87,"column":5}},"55":{"start":{"line":85,"column":6},"end":{"line":85,"column":37}},"56":{"start":{"line":86,"column":6},"end":{"line":86,"column":17}},"57":{"start":{"line":88,"column":4},"end":{"line":88,"column":51}},"58":{"start":{"line":92,"column":4},"end":{"line":96,"column":5}},"59":{"start":{"line":94,"column":6},"end":{"line":94,"column":29}},"60":{"start":{"line":95,"column":6},"end":{"line":95,"column":17}},"61":{"start":{"line":97,"column":4},"end":{"line":97,"column":48}},"62":{"start":{"line":101,"column":4},"end":{"line":104,"column":5}},"63":{"start":{"line":102,"column":6},"end":{"line":102,"column":39}},"64":{"start":{"line":103,"column":6},"end":{"line":103,"column":17}},"65":{"start":{"line":105,"column":4},"end":{"line":105,"column":53}},"66":{"start":{"line":109,"column":4},"end":{"line":112,"column":5}},"67":{"start":{"line":110,"column":6},"end":{"line":110,"column":37}},"68":{"start":{"line":111,"column":6},"end":{"line":111,"column":17}},"69":{"start":{"line":113,"column":4},"end":{"line":113,"column":51}},"70":{"start":{"line":117,"column":4},"end":{"line":117,"column":41}},"71":{"start":{"line":118,"column":4},"end":{"line":124,"column":6}},"72":{"start":{"line":119,"column":6},"end":{"line":119,"column":39}},"73":{"start":{"line":121,"column":6},"end":{"line":121,"column":59}},"74":{"start":{"line":122,"column":6},"end":{"line":122,"column":53}},"75":{"start":{"line":123,"column":6},"end":{"line":123,"column":32}},"76":{"start":{"line":128,"column":4},"end":{"line":128,"column":20}},"77":{"start":{"line":129,"column":4},"end":{"line":135,"column":6}},"78":{"start":{"line":130,"column":6},"end":{"line":130,"column":28}},"79":{"start":{"line":132,"column":6},"end":{"line":132,"column":51}},"80":{"start":{"line":133,"column":6},"end":{"line":133,"column":53}},"81":{"start":{"line":134,"column":6},"end":{"line":134,"column":32}},"82":{"start":{"line":139,"column":4},"end":{"line":139,"column":26}},"83":{"start":{"line":140,"column":4},"end":{"line":140,"column":43}},"84":{"start":{"line":141,"column":4},"end":{"line":143,"column":5}},"85":{"start":{"line":142,"column":6},"end":{"line":142,"column":57}},"86":{"start":{"line":144,"column":4},"end":{"line":144,"column":20}},"87":{"start":{"line":145,"column":4},"end":{"line":145,"column":18}},"88":{"start":{"line":152,"column":4},"end":{"line":152,"column":49}},"89":{"start":{"line":153,"column":4},"end":{"line":159,"column":6}},"90":{"start":{"line":154,"column":6},"end":{"line":154,"column":64}},"91":{"start":{"line":156,"column":6},"end":{"line":156,"column":51}},"92":{"start":{"line":157,"column":6},"end":{"line":157,"column":53}},"93":{"start":{"line":158,"column":6},"end":{"line":158,"column":32}},"94":{"start":{"line":163,"column":4},"end":{"line":163,"column":34}},"95":{"start":{"line":167,"column":0},"end":{"line":167,"column":20}}},"branchMap":{"1":{"line":18,"type":"if","locations":[{"start":{"line":18,"column":4},"end":{"line":18,"column":4}},{"start":{"line":18,"column":4},"end":{"line":18,"column":4}}]},"2":{"line":45,"type":"if","locations":[{"start":{"line":45,"column":6},"end":{"line":45,"column":6}},{"start":{"line":45,"column":6},"end":{"line":45,"column":6}}]},"3":{"line":48,"type":"if","locations":[{"start":{"line":48,"column":6},"end":{"line":48,"column":6}},{"start":{"line":48,"column":6},"end":{"line":48,"column":6}}]},"4":{"line":48,"type":"binary-expr","locations":[{"start":{"line":48,"column":10},"end":{"line":48,"column":27}},{"start":{"line":48,"column":31},"end":{"line":48,"column":50}}]},"5":{"line":57,"type":"if","locations":[{"start":{"line":57,"column":4},"end":{"line":57,"column":4}},{"start":{"line":57,"column":4},"end":{"line":57,"column":4}}]},"6":{"line":65,"type":"if","locations":[{"start":{"line":65,"column":4},"end":{"line":65,"column":4}},{"start":{"line":65,"column":4},"end":{"line":65,"column":4}}]},"7":{"line":65,"type":"binary-expr","locations":[{"start":{"line":65,"column":8},"end":{"line":65,"column":30}},{"start":{"line":66,"column":8},"end":{"line":66,"column":23}}]},"8":{"line":74,"type":"if","locations":[{"start":{"line":74,"column":4},"end":{"line":74,"column":4}},{"start":{"line":74,"column":4},"end":{"line":74,"column":4}}]},"9":{"line":74,"type":"binary-expr","locations":[{"start":{"line":74,"column":8},"end":{"line":74,"column":31}},{"start":{"line":75,"column":8},"end":{"line":75,"column":24}}]},"10":{"line":83,"type":"if","locations":[{"start":{"line":83,"column":4},"end":{"line":83,"column":4}},{"start":{"line":83,"column":4},"end":{"line":83,"column":4}}]},"11":{"line":83,"type":"binary-expr","locations":[{"start":{"line":83,"column":8},"end":{"line":83,"column":33}},{"start":{"line":84,"column":8},"end":{"line":84,"column":26}}]},"12":{"line":92,"type":"if","locations":[{"start":{"line":92,"column":4},"end":{"line":92,"column":4}},{"start":{"line":92,"column":4},"end":{"line":92,"column":4}}]},"13":{"line":92,"type":"binary-expr","locations":[{"start":{"line":92,"column":8},"end":{"line":92,"column":29}},{"start":{"line":93,"column":8},"end":{"line":93,"column":29}},{"start":{"line":93,"column":33},"end":{"line":93,"column":47}}]},"14":{"line":101,"type":"if","locations":[{"start":{"line":101,"column":4},"end":{"line":101,"column":4}},{"start":{"line":101,"column":4},"end":{"line":101,"column":4}}]},"15":{"line":101,"type":"binary-expr","locations":[{"start":{"line":101,"column":8},"end":{"line":101,"column":34}},{"start":{"line":101,"column":38},"end":{"line":101,"column":57}}]},"16":{"line":109,"type":"if","locations":[{"start":{"line":109,"column":4},"end":{"line":109,"column":4}},{"start":{"line":109,"column":4},"end":{"line":109,"column":4}}]},"17":{"line":141,"type":"if","locations":[{"start":{"line":141,"column":4},"end":{"line":141,"column":4}},{"start":{"line":141,"column":4},"end":{"line":141,"column":4}}]}}},"/home/grant/node-rethinkdb-job-queue/src/job-options.js":{"path":"/home/grant/node-rethinkdb-job-queue/src/job-options.js","s":{"1":1,"2":1,"3":1,"4":1,"5":209,"6":209,"7":209,"8":209,"9":209,"10":209,"11":209,"12":209,"13":209,"14":11,"15":209,"16":11,"17":209,"18":11,"19":209,"20":11,"21":209,"22":11,"23":209,"24":11,"25":209,"26":4,"27":209,"28":4,"29":209,"30":4,"31":209,"32":4,"33":209,"34":4,"35":209,"36":4,"37":209},"b":{"1":[11,198],"2":[11,198],"3":[209,11],"4":[11,198],"5":[209,11],"6":[11,198],"7":[209,11],"8":[11,198],"9":[209,209,205,7],"10":[11,198],"11":[209,11],"12":[4,205],"13":[4,205],"14":[209,5],"15":[4,205],"16":[209,5],"17":[4,205],"18":[209,5],"19":[4,205],"20":[209,209,207,3],"21":[4,205],"22":[209,5]},"f":{"1":209},"fnMap":{"1":{"name":"jobOptions","line":5,"loc":{"start":{"line":5,"column":17},"end":{"line":5,"column":72}}}},"statementMap":{"1":{"start":{"line":1,"column":0},"end":{"line":1,"column":42}},"2":{"start":{"line":2,"column":0},"end":{"line":2,"column":32}},"3":{"start":{"line":3,"column":0},"end":{"line":3,"column":26}},"4":{"start":{"line":5,"column":0},"end":{"line":69,"column":1}},"5":{"start":{"line":6,"column":2},"end":{"line":6,"column":46}},"6":{"start":{"line":8,"column":2},"end":{"line":8,"column":25}},"7":{"start":{"line":9,"column":2},"end":{"line":9,"column":48}},"8":{"start":{"line":10,"column":2},"end":{"line":10,"column":46}},"9":{"start":{"line":11,"column":2},"end":{"line":11,"column":48}},"10":{"start":{"line":12,"column":2},"end":{"line":12,"column":52}},"11":{"start":{"line":13,"column":2},"end":{"line":13,"column":44}},"12":{"start":{"line":14,"column":2},"end":{"line":14,"column":54}},"13":{"start":{"line":16,"column":2},"end":{"line":18,"column":3}},"14":{"start":{"line":17,"column":4},"end":{"line":17,"column":47}},"15":{"start":{"line":20,"column":2},"end":{"line":22,"column":3}},"16":{"start":{"line":21,"column":4},"end":{"line":21,"column":45}},"17":{"start":{"line":24,"column":2},"end":{"line":26,"column":3}},"18":{"start":{"line":25,"column":4},"end":{"line":25,"column":47}},"19":{"start":{"line":28,"column":2},"end":{"line":30,"column":3}},"20":{"start":{"line":29,"column":4},"end":{"line":29,"column":51}},"21":{"start":{"line":32,"column":2},"end":{"line":36,"column":3}},"22":{"start":{"line":35,"column":4},"end":{"line":35,"column":43}},"23":{"start":{"line":38,"column":2},"end":{"line":40,"column":3}},"24":{"start":{"line":39,"column":4},"end":{"line":39,"column":53}},"25":{"start":{"line":42,"column":2},"end":{"line":44,"column":3}},"26":{"start":{"line":43,"column":4},"end":{"line":43,"column":47}},"27":{"start":{"line":46,"column":2},"end":{"line":48,"column":3}},"28":{"start":{"line":47,"column":4},"end":{"line":47,"column":45}},"29":{"start":{"line":50,"column":2},"end":{"line":52,"column":3}},"30":{"start":{"line":51,"column":4},"end":{"line":51,"column":47}},"31":{"start":{"line":54,"column":2},"end":{"line":56,"column":3}},"32":{"start":{"line":55,"column":4},"end":{"line":55,"column":51}},"33":{"start":{"line":58,"column":2},"end":{"line":62,"column":3}},"34":{"start":{"line":61,"column":4},"end":{"line":61,"column":43}},"35":{"start":{"line":64,"column":2},"end":{"line":66,"column":3}},"36":{"start":{"line":65,"column":4},"end":{"line":65,"column":53}},"37":{"start":{"line":68,"column":2},"end":{"line":68,"column":21}}},"branchMap":{"1":{"line":16,"type":"if","locations":[{"start":{"line":16,"column":2},"end":{"line":16,"column":2}},{"start":{"line":16,"column":2},"end":{"line":16,"column":2}}]},"2":{"line":20,"type":"if","locations":[{"start":{"line":20,"column":2},"end":{"line":20,"column":2}},{"start":{"line":20,"column":2},"end":{"line":20,"column":2}}]},"3":{"line":20,"type":"binary-expr","locations":[{"start":{"line":20,"column":6},"end":{"line":20,"column":36}},{"start":{"line":20,"column":40},"end":{"line":20,"column":63}}]},"4":{"line":24,"type":"if","locations":[{"start":{"line":24,"column":2},"end":{"line":24,"column":2}},{"start":{"line":24,"column":2},"end":{"line":24,"column":2}}]},"5":{"line":24,"type":"binary-expr","locations":[{"start":{"line":24,"column":6},"end":{"line":24,"column":37}},{"start":{"line":24,"column":41},"end":{"line":24,"column":65}}]},"6":{"line":28,"type":"if","locations":[{"start":{"line":28,"column":2},"end":{"line":28,"column":2}},{"start":{"line":28,"column":2},"end":{"line":28,"column":2}}]},"7":{"line":28,"type":"binary-expr","locations":[{"start":{"line":28,
[...]
","locations":[{"start":{"line":80,"column":8},"end":{"line":80,"column":8}},{"start":{"line":80,"column":8},"end":{"line":80,"column":8}}]},"18":{"line":93,"type":"if","locations":[{"start":{"line":93,"column":2},"end":{"line":93,"column":2}},{"start":{"line":93,"column":2},"end":{"line":93,"column":2}}]},"19":{"line":93,"type":"binary-expr","locations":[{"start":{"line":93,"column":6},"end":{"line":93,"column":20}},{"start":{"line":94,"column":6},"end":{"line":94,"column":21}}]},"20":{"line":102,"type":"if","locations":[{"start":{"line":102,"column":2},"end":{"line":102,"column":2}},{"start":{"line":102,"column":2},"end":{"line":102,"column":2}}]},"21":{"line":102,"type":"binary-expr","locations":[{"start":{"line":102,"column":6},"end":{"line":102,"column":23}},{"start":{"line":103,"column":6},"end":{"line":103,"column":24}}]},"22":{"line":110,"type":"if","locations":[{"start":{"line":110,"column":2},"end":{"line":110,"column":2}},{"start":{"line":110,"column":2},"end":{"line":110,"column":2}}]},"23":{"line":110,"type":"binary-expr","locations":[{"start":{"line":110,"column":6},"end":{"line":110,"column":20}},{"start":{"line":111,"column":6},"end":{"line":111,"column":20}},{"start":{"line":112,"column":6},"end":{"line":112,"column":41}}]},"24":{"line":119,"type":"if","locations":[{"start":{"line":119,"column":2},"end":{"line":119,"column":2}},{"start":{"line":119,"column":2},"end":{"line":119,"column":2}}]},"25":{"line":119,"type":"binary-expr","locations":[{"start":{"line":119,"column":6},"end":{"line":119,"column":26}},{"start":{"line":120,"column":6},"end":{"line":120,"column":27}}]},"26":{"line":128,"type":"if","locations":[{"start":{"line":128,"column":2},"end":{"line":128,"column":2}},{"start":{"line":128,"column":2},"end":{"line":128,"column":2}}]},"27":{"line":128,"type":"binary-expr","locations":[{"start":{"line":128,"column":6},"end":{"line":128,"column":26}},{"start":{"line":129,"column":6},"end":{"line":129,"column":27}}]},"28":{"line":136,"type":"if","locations":[{"start":{"line":136,"column":2},"end":{"line":136,"column":2}},{"start":{"line":136,"column":2},"end":{"line":136,"column":2}}]},"29":{"line":136,"type":"binary-expr","locations":[{"start":{"line":136,"column":6},"end":{"line":136,"column":23}},{"start":{"line":137,"column":6},"end":{"line":137,"column":24}}]},"30":{"line":144,"type":"if","locations":[{"start":{"line":144,"column":2},"end":{"line":144,"column":2}},{"start":{"line":144,"column":2},"end":{"line":144,"column":2}}]},"31":{"line":144,"type":"binary-expr","locations":[{"start":{"line":144,"column":6},"end":{"line":144,"column":27}},{"start":{"line":145,"column":6},"end":{"line":145,"column":28}}]},"32":{"line":152,"type":"if","locations":[{"start":{"line":152,"column":2},"end":{"line":152,"column":2}},{"start":{"line":152,"column":2},"end":{"line":152,"column":2}}]},"33":{"line":152,"type":"binary-expr","locations":[{"start":{"line":152,"column":6},"end":{"line":152,"column":21}},{"start":{"line":153,"column":6},"end":{"line":153,"column":20}}]},"34":{"line":160,"type":"if","locations":[{"start":{"line":160,"column":2},"end":{"line":160,"column":2}},{"start":{"line":160,"column":2},"end":{"line":160,"column":2}}]},"35":{"line":160,"type":"binary-expr","locations":[{"start":{"line":160,"column":6},"end":{"line":160,"column":20}},{"start":{"line":161,"column":6},"end":{"line":161,"column":20}},{"start":{"line":162,"column":6},"end":{"line":162,"column":26}},{"start":{"line":163,"column":6},"end":{"line":163,"column":26}},{"start":{"line":164,"column":6},"end":{"line":164,"column":43}}]}}},"/home/grant/node-rethinkdb-job-queue/src/queue-interruption.js":{"path":"/home/grant/node-rethinkdb-job-queue/src/queue-interruption.js","s":{"1":2,"2":2,"3":2,"4":2,"5":2,"6":2,"7":2,"8":59,"9":59,"10":59,"11":59,"12":59,"13":59,"14":0,"15":59,"16":59,"17":59,"18":59,"19":59,"20":43,"21":16,"22":19,"23":19,"24":16,"25":16,"26":59,"27":59,"28":59,"29":2,"30":20,"31":20,"32":20,"33":20,"34":20,"35":20,"36":0,"37":20,"38":20,"39":20,"40":20,"41":20},"b":{"1":[59,59],"2":[0,59],"3":[43,16],"4":[16,3],"5":[20,20],"6":[0,20]},"f":{"1":59,"2":19,"3":20},"fnMap":{"1":{"name":"interruptionPause","line":8,"loc":{"start":{"line":8,"column":23},"end":{"line":8,"column":62}}},"2":{"name":"pausing","line":23,"loc":{"start":{"line":23,"column":30},"end":{"line":23,"column":50}}},"3":{"name":"interruptionResume","line":38,"loc":{"start":{"line":38,"column":24},"end":{"line":38,"column":64}}}},"statementMap":{"1":{"start":{"line":1,"column":0},"end":{"line":1,"column":42}},"2":{"start":{"line":2,"column":0},"end":{"line":2,"column":35}},"3":{"start":{"line":3,"column":0},"end":{"line":3,"column":32}},"4":{"start":{"line":4,"column":0},"end":{"line":4,"column":26}},"5":{"start":{"line":5,"column":0},"end":{"line":5,"column":47}},"6":{"start":{"line":6,"column":0},"end":{"line":6,"column":43}},"7":{"start":{"line":8,"column":0},"end":{"line":36,"column":1}},"8":{"start":{"line":9,"column":2},"end":{"line":9,"column":25}},"9":{"start":{"line":10,"column":2},"end":{"line":10,"column":18}},"10":{"start":{"line":11,"column":2},"end":{"line":11,"column":36}},"11":{"start":{"line":12,"column":2},"end":{"line":12,"column":65}},"12":{"start":{"line":13,"column":2},"end":{"line":35,"column":4}},"13":{"start":{"line":14,"column":4},"end":{"line":16,"column":5}},"14":{"start":{"line":15,"column":6},"end":{"line":15,"column":47}},"15":{"start":{"line":17,"column":4},"end":{"line":17,"column":10}},"16":{"start":{"line":19,"column":4},"end":{"line":30,"column":6}},"17":{"start":{"line":20,"column":6},"end":{"line":20,"column":49}},"18":{"start":{"line":21,"column":6},"end":{"line":21,"column":53}},"19":{"start":{"line":22,"column":6},"end":{"line":22,"column":45}},"20":{"start":{"line":22,"column":27},"end":{"line":22,"column":44}},"21":{"start":{"line":23,"column":6},"end":{"line":29,"column":13}},"22":{"start":{"line":24,"column":8},"end":{"line":24,"column":66}},"23":{"start":{"line":25,"column":8},"end":{"line":28,"column":9}},"24":{"start":{"line":26,"column":10},"end":{"line":26,"column":30}},"25":{"start":{"line":27,"column":10},"end":{"line":27,"column":19}},"26":{"start":{"line":32,"column":4},"end":{"line":32,"column":46}},"27":{"start":{"line":33,"column":4},"end":{"line":33,"column":50}},"28":{"start":{"line":34,"column":4},"end":{"line":34,"column":15}},"29":{"start":{"line":38,"column":0},"end":{"line":54,"column":1}},"30":{"start":{"line":39,"column":2},"end":{"line":39,"column":26}},"31":{"start":{"line":40,"column":2},"end":{"line":40,"column":19}},"32":{"start":{"line":41,"column":2},"end":{"line":41,"column":36}},"33":{"start":{"line":42,"column":2},"end":{"line":42,"column":65}},"34":{"start":{"line":43,"column":2},"end":{"line":53,"column":4}},"35":{"start":{"line":44,"column":4},"end":{"line":46,"column":5}},"36":{"start":{"line":45,"column":6},"end":{"line":45,"column":47}},"37":{"start":{"line":47,"column":4},"end":{"line":47,"column":10}},"38":{"start":{"line":49,"column":4},"end":{"line":49,"column":27}},"39":{"start":{"line":50,"column":4},"end":{"line":50,"column":47}},"40":{"start":{"line":51,"column":4},"end":{"line":51,"column":51}},"41":{"start":{"line":52,"column":4},"end":{"line":52,"column":15}}},"branchMap":{"1":{"line":12,"type":"binary-expr","locations":[{"start":{"line":12,"column":22},"end":{"line":12,"column":32}},{"start":{"line":12,"column":36},"end":{"line":12,"column":65}}]},"2":{"line":14,"type":"if","locations":[{"start":{"line":14,"column":4},"end":{"line":14,"column":4}},{"start":{"line":14,"column":4},"end":{"line":14,"column":4}}]},"3":{"line":22,"type":"if","locations":[{"start":{"line":22,"column":6},"end":{"line":22,"column":6}},{"start":{"line":22,"column":6},"end":{"line":22,"column":6}}]},"4":{"line":25,"type":"if","locations":[{"start":{"line":25,"column":8},"end":{"line":25,"column":8}},{"start":{"line":25,"column":8},"end":{"line":25,"column":8}}]},"5":{"line":42,"type":"binary-expr","locations":[{"start":{"line":42,"column":22},"end":{"line":42,"column":32}},{"start":{"line":42,"column":36},"end":{"line":42,"column":65}}]},"6":{"line":44,"type":"if","locations":[{"start":{"line":44,"column":4},"end":{"line":44,"column":4}},{"start":{"line":44,"column":4},"end":{"line":44,"column":4}}]}}},"/home/grant/node-rethinkdb-job-queue/src/queue-add-job.js":{"path":"/home/grant/node-rethinkdb-job-queue/src/queue-add-job.js","s":{"1":1,"2":1,"3":1,"4":1,"5":1,"6":1,"7":1,"8":1,"9":52,"10":52,"11":52,"12":129,"13":102,"14":129,"15":129,"16":129,"17":51,"18":51,"19":51,"20":51,"21":51,"22":51,"23":129,"24":129,"25":51},"b":{"1":[102,27]},"f":{"1":52},"fnMap":{"1":{"name":"queueAddJob","line":9,"loc":{"start":{"line":9,"column":17},"end":{"line":9,"column":47}}}},"statementMap":{"1":{"start":{"line":1,"column":0},"end":{"line":1,"column":42}},"2":{"start":{"line":2,"column":0},"end":{"line":2,"column":35}},"3":{"start":{"line":3,"column":0},"end":{"line":3,"column":32}},"4":{"start":{"line":4,"column":0},"end":{"line":4,"column":47}},"5":{"start":{"line":5,"column":0},"end":{"line":5,"column":39}},"6":{"start":{"line":6,"column":0},"end":{"line":6,"column":35}},"7":{"start":{"line":7,"column":0},"end":{"line":7,"column":39}},"8":{"start":{"line":9,"column":0},"end":{"line":39,"column":1}},"9":{"start":{"line":10,"column":2},"end":{"line":10,"column":23}},"10":{"start":{"line":11,"column":2},"end":{"line":38,"column":4}},"11":{"start":{"line":12,"column":4},"end":{"line":12,"column":28}},"12":{"start":{"line":14,"column":4},"end":{"line":16,"column":5}},"13":{"start":{"line":15,"column":6},"end":{"line":15,"column":42}},"14":{"start":{"line":17,"column":4},"end":{"line":21,"column":27}},"15":{"start":{"line":22,"column":4},"end":{"line":22,"column":24}},"16":{"start":{"line":23,"column":4},"end":{"line":23,"column":32}},"17":{"start":{"line":25,"column":4},"end":{"line":25,"column":34}},"18":{"start":{"line":26,"column":4},"end":{"line":27,"column":51}},"19":{"start":{"line":29,"column":4},"end":{"line":29,"column":36}},"20":{"start":{"line":30,"column":4},"end":{"line":30,"column":27}},"21":{"start":{"line":31,"column":4},"end":{"line":31,"column":40}},"22":{"start":{"line":33,"column":4},"end":{"line":36,"column":5}},"23":{"start":{"line":34,"column":6},"end":{"line":34,"column":45}},"24":{"start":{"line":35,"column":6},"end":{"line":35,"column":51}},"25":{"start":{"line":37,"column":4},"end":{"line":37,"column":20}}},"branchMap":{"1":{"line":14,"type":"if","locations":[{"start":{"line":14,"column":4},"end":{"line":14,"column":4}},{"start":{"line":14,"column":4},"end":{"line":14,"column":4}}]}}},"/home/grant/node-rethinkdb-job-queue/src/queue-find-job.js":{"path":"/home/grant/node-rethinkdb-job-queue/src/queue-find-job.js","s":{"1":1,"2":1,"3":1,"4":1,"5":7,"6":7,"7":7,"8":7,"9":7,"10":2,"11":5},"b":{"1":[2,5]},"f":{"1":7},"fnMap":{"1":{"name":"queueFindJob","line":5,"loc":{"start":{"line":5,"column":17},"end":{"line":5,"column":59}}}},"statementMap":{"1":{"start":{"line":1,"column":0},"end":{"line":1,"column":42}},"2":{"start":{"line":2,"column":0},"end":{"line":2,"column":35}},"3":{"start":{"line":3,"column":0},"end":{"line":3,"column":39}},"4":{"start":{"line":5,"column":0},"end":{"line":18,"column":1}},"5":{"start":{"line":6,"column":2},"end":{"line":6,"column":37}},"6":{"start":{"line":7,"column":2},"end":{"line":17,"column":4}},"7":{"start":{"line":8,"column":4},"end":{"line":12,"column":12}},"8":{"start":{"line":14,"column":4},"end":{"line":14,"column":32}},"9":{"start":{"line":15,"column":4},"end":{"line":15,"column":32}},"10":{"start":{"line":15,"column":15},"end":{"line":15,"column":31}},"11":{"start":{"line":16,"column":4},"end":{"line":16,"column":38}}},"branchMap":{"1":{"line":15,"type":"if","locations":[{"start":{"line":15,"column":4},"end":{"line":15,"column":4}},{"start":{"line":15,"column":4},"end":{"line":15,"column":4}}]}}},"/home/grant/node-rethinkdb-job-queue/src/queue-remove-job.js":{"path":"/home/grant/node-rethinkdb-job-queue/src/queue-remove-job.js","s":{"1":1,"2":1,"3":1,"4":1,"5":1,"6":11,"7":11,"8":11,"9":10,"10":10,"11":17,"12":17,"13":10},"b":{},"f":{"1":11},"fnMap":{"1":{"name":"removeJob","line":6,"loc":{"start":{"line":6,"column":17},"end":{"line":6,"column":49}}}},"statementMap":{"1":{"start":{"line":1,"column":0},"end":{"line":1,"column":42}},"2":{"start":{"line":2,"column":0},"end":{"line":2,"column":35}},"3":{"start":{"line":3,"column":0},"end":{"line":3,"column":32}},"4":{"start":{"line":4,"column":0},"end":{"line":4,"column":39}},"5":{"start":{"line":6,"column":0},"end":{"line":27,"column":1}},"6":{"start":{"line":7,"column":2},"end":{"line":7,"column":33}},"7":{"start":{"line":9,"column":2},"end":{"line":26,"column":4}},"8":{"start":{"line":10,"column":4},"end":{"line":10,"column":31}},"9":{"start":{"line":12,"column":4},"end":{"line":19,"column":6}},"10":{"start":{"line":21,"column":4},"end":{"line":24,"column":5}},"11":{"start":{"line":22,"column":6},"end":{"line":22,"column":40}},"12":{"start":{"line":23,"column":6},"end":{"line":23,"column":44}},"13":{"start":{"line":25,"column":4},"end":{"line":25,"column":24}}},"branchMap":{}},"/home/grant/node-rethinkdb-job-queue/src/queue-reset.js":{"path":"/home/grant/node-rethinkdb-job-queue/src/queue-reset.js","s":{"1":1,"2":1,"3":1,"4":1,"5":1,"6":43,"7":43,"8":43,"9":43,"10":43,"11":43,"12":43,"13":43},"b":{},"f":{"1":43},"fnMap":{"1":{"name":"queueReset","line":6,"loc":{"start":{"line":6,"column":17},"end":{"line":6,"column":41}}}},"statementMap":{"1":{"start":{"line":1,"column":0},"end":{"line":1,"column":42}},"2":{"start":{"line":2,"column":0},"end":{"line":2,"column":35}},"3":{"start":{"line":3,"column":0},"end":{"line":3,"column":32}},"4":{"start":{"line":4,"column":0},"end":{"line":4,"column":39}},"5":{"start":{"line":6,"column":0},"end":{"line":21,"column":1}},"6":{"start":{"line":7,"column":2},"end":{"line":7,"column":17}},"7":{"start":{"line":8,"column":2},"end":{"line":20,"column":4}},"8":{"start":{"line":9,"column":4},"end":{"line":12,"column":10}},"9":{"start":{"line":14,"column":4},"end":{"line":14,"column":38}},"10":{"start":{"line":15,"column":4},"end":{"line":15,"column":63}},"11":{"start":{"line":17,"column":4},"end":{"line":17,"column":44}},"12":{"start":{"line":18,"column":4},"end":{"line":18,"column":50}},"13":{"start":{"line":19,"column":4},"end":{"line":19,"column":23}}},"branchMap":{}},"/home/grant/node-rethinkdb-job-queue/src/queue-summary.js":{"path":"/home/grant/node-rethinkdb-job-queue/src/queue-summary.js","s":{"1":1,"2":1,"3":1,"4":8,"5":8,"6":8,"7":8,"8":8,"9":12,"10":12,"11":8,"12":48,"13":8,"14":8},"b":{"1":[12,0]},"f":{"1":8},"fnMap":{"1":{"name":"summary","line":4,"loc":{"start":{"line":4,"column":17},"end":{"line":4,"column":38}}}},"statementMap":{"1":{"start":{"line":1,"column":0},"end":{"line":1,"column":42}},"2":{"start":{"line":2,"column":0},"end":{"line":2,"column":35}},"3":{"start":{"line":4,"column":0},"end":{"line":27,"column":1}},"4":{"start":{"line":5,"column":2},"end":{"line":5,"column":19}},"5":{"start":{"line":6,"column":2},"end":{"line":26,"column":4}},"6":{"start":{"line":7,"column":4},"end":{"line":8,"column":39}},"7":{"start":{"line":10,"column":4},"end":{"line":17,"column":5}},"8":{"start":{"line":18,"column":4},"end":{"line":20,"column":5}},"9":{"start":{"line":19,"column":6},"end":{"line":19,"column":62}},"10":{"start":{"line":19,"column":24},"end":{"line":19,"column":61}},"11":{"start":{"line":21,"column":4},"end":{"line":23,"column":9}},"12":{"start":{"line":22,"column":6},"end":{"line":22,"column":40}},"13":{"start":{"line":24,"column":4},"end":{"line":24,"column":30}},"14":{"start":{"line":25,"column":4},"end":{"line":25,"column":18}}},"branchMap":{"1":{"line":19,"type":"if","locations":[{"start":{"line":19,"column":6},"end":{"line":19,"column":6}},{"start":{"line":19,"column":6},"end":{"line":19,"column":6}}]}}},"/home/grant/node-rethinkdb-job-queue/src/queue-stop.js":{"path":"/home/grant/node-rethinkdb-job-queue/src/queue-stop.js","s":{"1":1,"2":1,"3":1,"4":1,"5":37,"6":37,"7":37,"8":37,"9":37,"10":37,"11":37,"12":37},"b":{},"f":{"1":37},"fnMap":{"1":{"name":"queueStop","line":5,"loc":{"start":{"line":5,"column":17},"end":{"line":5,"column":40}}}},"statementMap":{"1":{"start":{"line":1,"column":0},"end":{"line":1,"column":42}},"2":{"start":{"line":2,"column":0},"end":{"line":2,"column":32}},"3":{"start":{"line":3,"column":0},"end":{"line":3,"column":37}},"4":{"start":{"line":5,"column":0},"end":{"line":16,"column":1}},"5":{"start":{"line":6,"column":2},"end":{"line":6,"column":21}},"6":{"start":{"line":7,"column":2},"end":{"line":7,"column":37}},"7":{"start":{"line":8,"column":2},"end":{"line":8,"column":37}},"8":{"start":{"line":9,"column":2},"end":{"line":15,"column":4}},"9":{"start":{"line":10,"column":4},"end":{"line":10,"column":28}},"10":{"start":{"line":12,"column":4},"end":{"line":12,"column":38}},"11":{"start":{"line":13,"column":4},"end":{"line":13,"column":38}},"12":{"start":{"line":14,"column":4},"end":{"line":14,"column":15}}},"branchMap":{}},"/home/grant/node-rethinkdb-job-queue/src/queue-drop.js":{"path":"/home/grant/node-rethinkdb-job-queue/src/queue-drop.js","s":{"1":1,"2":1,"3":1,"4":1,"5":1,"6":1,"7":2,"8":2,"9":2,"10":2,"11":2,"12":2,"13":2,"14":2},"b":{},"f":{"1":2},"fnMap":{"1":{"name":"queueDrop","line":7,"loc":{"start":{"line":7,"column":17},"end":{"line":7,"column":40}}}},"statementMap":{"1":{"start":{"line":1,"column":0},"end":{"line":1,"column":42}},"2":{"start":{"line":2,"column":0},"end":{"line":2,"column":35}},"3":{"start":{"line":3,"column":0},"end":{"line":3,"column":32}},"4":{"start":{"line":4,"column":0},"end":{"line":4,"column":37}},"5":{"start":{"line":5,"column":0},"end":{"line":5,"column":41}},"6":{"start":{"line":7,"column":0},"end":{"line":19,"column":1}},"7":{"start":{"line":8,"column":2},"end":{"line":8,"column":21}},"8":{"start":{"line":9,"column":2},"end":{"line":18,"column":4}},"9":{"start":{"line":10,"column":4},"end":{"line":10,"column":37}},"10":{"start":{"line":11,"column":4},"end":{"line":11,"column":28}},"11":{"start":{"line":13,"column":4},"end":{"line":13,"column":47}},"12":{"start":{"line":15,"column":4},"end":{"line":15,"column":38}},"13":{"start":{"line":16,"column":4},"end":{"line":16,"column":38}},"14":{"start":{"line":17,"column":4},"end":{"line":17,"column":27}}},"branchMap":{}},"/home/grant/node-rethinkdb-job-queue/src/queue-reanimate-job.js":{"path":"/home/grant/node-rethinkdb-job-queue/src/queue-reanimate-job.js","s":{"1":1,"2":1,"3":1,"4":1,"5":1,"6":1,"7":1,"8":1,"9":1,"10":1,"11":1,"12":1,"13":1,"14":1,"15":1,"16":1,"17":1,"18":1},"b":{},"f":{"1":1},"fnMap":{"1":{"name":"queueGetJob","line":8,"loc":{"start":{"line":8,"column":17},"end":{"line":10,"column":29}}}},"statementMap":{"1":{"start":{"line":1,"column":0},"end":{"line":1,"column":42}},"2":{"start":{"line":2,"column":0},"end":{"line":2,"column":35}},"3":{"start":{"line":3,"column":0},"end":{"line":3,"column":32}},"4":{"start":{"line":4,"column":0},"end":{"line":4,"column":39}},"5":{"start":{"line":5,"column":0},"end":{"line":5,"column":39}},"6":{"start":{"line":6,"column":0},"end":{"line":6,"column":35}},"7":{"start":{"line":8,"column":0},"end":{"line":45,"column":1}},"8":{"start":{"line":11,"column":2},"end":{"line":11,"column":34}},"9":{"start":{"line":12,"column":2},"end":{"line":44,"column":4}},"10":{"start":{"line":13,"column":4},"end":{"line":13,"column":31}},"11":{"start":{"line":15,"column":4},"end":{"line":21,"column":5}},"12":{"start":{"line":22,"column":4},"end":{"line":34,"column":12}},"13":{"start":{"line":36,"column":4},"end":{"line":36,"column":36}},"14":{"start":{"line":37,"column":4},"end":{"line":37,"column":40}},"15":{"start":{"line":39,"column":4},"end":{"line":42,"column":5}},"16":{"start":{"line":40,"column":6},"end":{"line":40,"column":57}},"17":{"start":{"line":41,"column":6},"end":{"line":41,"column":61}},"18":{"start":{"line":43,"column":4},"end":{"line":43,"column":25}}},"branchMap":{}}}