{"/home/grant/node-rethinkdb-job-queue/src/enums.js":{"path":"/home/grant/node-rethinkdb-job-queue/src/enums.js","s":{"1":1,"2":1,"3":1,"4":1,"5":1,"6":1,"7":1,"8":1,"9":1,"10":1,"11":259,"12":259,"13":801},"b":{},"f":{"1":259},"fnMap":{"1":{"name":"(anonymous_1)","line":109,"loc":{"start":{"line":109,"column":20},"end":{"line":109,"column":28}}}},"statementMap":{"1":{"start":{"line":1,"column":0},"end":{"line":1,"column":42}},"2":{"start":{"line":2,"column":0},"end":{"line":6,"column":2}},"3":{"start":{"line":7,"column":0},"end":{"line":14,"column":2}},"4":{"start":{"line":15,"column":0},"end":{"line":44,"column":2}},"5":{"start":{"line":45,"column":0},"end":{"line":59,"column":2}},"6":{"start":{"line":60,"column":0},"end":{"line":65,"column":2}},"7":{"start":{"line":66,"column":0},"end":{"line":74,"column":2}},"8":{"start":{"line":75,"column":0},"end":{"line":79,"column":2}},"9":{"start":{"line":80,"column":0},"end":{"line":106,"column":2}},"10":{"start":{"line":108,"column":0},"end":{"line":121,"column":1}},"11":{"start":{"line":110,"column":4},"end":{"line":110,"column":43}},"12":{"start":{"line":111,"column":4},"end":{"line":111,"column":81}},"13":{"start":{"line":111,"column":51},"end":{"line":111,"column":80}}},"branchMap":{}},"/home/grant/node-rethinkdb-job-queue/src/logger.js":{"path":"/home/grant/node-rethinkdb-job-queue/src/logger.js","s":{"1":1,"2":1,"3":1,"4":1,"5":36,"6":0,"7":0,"8":0,"9":0,"10":36},"b":{"1":[0,36]},"f":{"1":36},"fnMap":{"1":{"name":"logger","line":4,"loc":{"start":{"line":4,"column":17},"end":{"line":4,"column":45}}}},"statementMap":{"1":{"start":{"line":1,"column":0},"end":{"line":1,"column":28}},"2":{"start":{"line":2,"column":0},"end":{"line":2,"column":38}},"3":{"start":{"line":3,"column":0},"end":{"line":3,"column":30}},"4":{"start":{"line":4,"column":0},"end":{"line":13,"column":1}},"5":{"start":{"line":5,"column":2},"end":{"line":12,"column":3}},"6":{"start":{"line":6,"column":4},"end":{"line":6,"column":44}},"7":{"start":{"line":7,"column":4},"end":{"line":7,"column":57}},"8":{"start":{"line":8,"column":4},"end":{"line":8,"column":43}},"9":{"start":{"line":9,"column":4},"end":{"line":9,"column":24}},"10":{"start":{"line":11,"column":4},"end":{"line":11,"column":19}}},"branchMap":{"1":{"line":5,"type":"if","locations":[{"start":{"line":5,"column":2},"end":{"line":5,"column":2}},{"start":{"line":5,"column":2},"end":{"line":5,"column":2}}]}}},"/home/grant/node-rethinkdb-job-queue/src/datetime.js":{"path":"/home/grant/node-rethinkdb-job-queue/src/datetime.js","s":{"1":1,"2":79,"3":1,"4":44,"5":44,"6":1,"7":13,"8":13,"9":1,"10":2,"11":2,"12":1,"13":2,"14":2,"15":1,"16":18,"17":18,"18":1,"19":1,"20":24,"21":24,"22":24,"23":24,"24":24,"25":24,"26":1,"27":1,"28":24,"29":24,"30":24,"31":24,"32":24,"33":24,"34":24,"35":24,"36":24,"37":24,"38":1,"39":1,"40":23,"41":1},"b":{"1":[79,0],"2":[44,0],"3":[13,0],"4":[2,0],"5":[2,0],"6":[18,0],"7":[22,2],"8":[22,2],"9":[22,2],"10":[22,2],"11":[18,6],"12":[20,4],"13":[22,2]},"f":{"1":79,"2":44,"3":13,"4":2,"5":2,"6":18,"7":24,"8":24,"9":23},"fnMap":{"1":{"name":"isDate","line":3,"loc":{"start":{"line":3,"column":0},"end":{"line":3,"column":24}}},"2":{"name":"addMilliseconds","line":10,"loc":{"start":{"line":10,"column":0},"end":{"line":10,"column":42}}},"3":{"name":"addSeconds","line":15,"loc":{"start":{"line":15,"column":0},"end":{"line":15,"column":38}}},"4":{"name":"addMinutes","line":20,"loc":{"start":{"line":20,"column":0},"end":{"line":20,"column":38}}},"5":{"name":"addHours","line":25,"loc":{"start":{"line":25,"column":0},"end":{"line":25,"column":38}}},"6":{"name":"addDays","line":30,"loc":{"start":{"line":30,"column":0},"end":{"line":30,"column":36}}},"7":{"name":"formatDate","line":43,"loc":{"start":{"line":43,"column":0},"end":{"line":43,"column":33}}},"8":{"name":"formatTime","line":54,"loc":{"start":{"line":54,"column":0},"end":{"line":54,"column":33}}},"9":{"name":"format","line":69,"loc":{"start":{"line":69,"column":0},"end":{"line":69,"column":29}}}},"statementMap":{"1":{"start":{"line":3,"column":0},"end":{"line":7,"column":1}},"2":{"start":{"line":5,"column":2},"end":{"line":6,"column":61}},"3":{"start":{"line":10,"column":0},"end":{"line":13,"column":1}},"4":{"start":{"line":11,"column":2},"end":{"line":11,"column":69}},"5":{"start":{"line":12,"column":2},"end":{"line":12,"column":44}},"6":{"start":{"line":15,"column":0},"end":{"line":18,"column":1}},"7":{"start":{"line":16,"column":2},"end":{"line":16,"column":69}},"8":{"start":{"line":17,"column":2},"end":{"line":17,"column":48}},"9":{"start":{"line":20,"column":0},"end":{"line":23,"column":1}},"10":{"start":{"line":21,"column":2},"end":{"line":21,"column":69}},"11":{"start":{"line":22,"column":2},"end":{"line":22,"column":49}},"12":{"start":{"line":25,"column":0},"end":{"line":28,"column":1}},"13":{"start":{"line":26,"column":2},"end":{"line":26,"column":69}},"14":{"start":{"line":27,"column":2},"end":{"line":27,"column":53}},"15":{"start":{"line":30,"column":0},"end":{"line":33,"column":1}},"16":{"start":{"line":31,"column":2},"end":{"line":31,"column":69}},"17":{"start":{"line":32,"column":2},"end":{"line":32,"column":53}},"18":{"start":{"line":35,"column":0},"end":{"line":41,"column":1}},"19":{"start":{"line":43,"column":0},"end":{"line":50,"column":1}},"20":{"start":{"line":44,"column":2},"end":{"line":44,"column":48}},"21":{"start":{"line":45,"column":2},"end":{"line":45,"column":52}},"22":{"start":{"line":46,"column":2},"end":{"line":46,"column":40}},"23":{"start":{"line":47,"column":2},"end":{"line":47,"column":43}},"24":{"start":{"line":48,"column":2},"end":{"line":48,"column":32}},"25":{"start":{"line":49,"column":2},"end":{"line":49,"column":34}},"26":{"start":{"line":52,"column":0},"end":{"line":52,"column":38}},"27":{"start":{"line":54,"column":0},"end":{"line":65,"column":1}},"28":{"start":{"line":55,"column":2},"end":{"line":55,"column":45}},"29":{"start":{"line":56,"column":2},"end":{"line":56,"column":36}},"30":{"start":{"line":57,"column":2},"end":{"line":57,"column":46}},"31":{"start":{"line":58,"column":2},"end":{"line":58,"column":32}},"32":{"start":{"line":59,"column":2},"end":{"line":59,"column":46}},"33":{"start":{"line":60,"column":2},"end":{"line":60,"column":32}},"34":{"start":{"line":61,"column":2},"end":{"line":61,"column":50}},"35":{"start":{"line":62,"column":2},"end":{"line":62,"column":37}},"36":{"start":{"line":63,"column":2},"end":{"line":63,"column":36}},"37":{"start":{"line":64,"column":2},"end":{"line":64,"column":38}},"38":{"start":{"line":67,"column":0},"end":{"line":67,"column":38}},"39":{"start":{"line":69,"column":0},"end":{"line":71,"column":1}},"40":{"start":{"line":70,"column":2},"end":{"line":70,"column":62}},"41":{"start":{"line":73,"column":0},"end":{"line":73,"column":30}}},"branchMap":{"1":{"line":5,"type":"binary-expr","locations":[{"start":{"line":5,"column":9},"end":{"line":5,"column":30}},{"start":{"line":6,"column":4},"end":{"line":6,"column":61}}]},"2":{"line":11,"type":"cond-expr","locations":[{"start":{"line":11,"column":36},"end":{"line":11,"column":46}},{"start":{"line":11,"column":49},"end":{"line":11,"column":69}}]},"3":{"line":16,"type":"cond-expr","locations":[{"start":{"line":16,"column":36},"end":{"line":16,"column":46}},{"start":{"line":16,"column":49},"end":{"line":16,"column":69}}]},"4":{"line":21,"type":"cond-expr","locations":[{"start":{"line":21,"column":36},"end":{"line":21,"column":46}},{"start":{"line":21,"column":49},"end":{"line":21,"column":69}}]},"5":{"line":26,"type":"cond-expr","locations":[{"start":{"line":26,"column":36},"end":{"line":26,"column":46}},{"start":{"line":26,"column":49},"end":{"line":26,"column":69}}]},"6":{"line":31,"type":"cond-expr","locations":[{"start":{"line":31,"column":36},"end":{"line":31,"column":46}},{"start":{"line":31,"column":49},"end":{"line":31,"column":69}}]},"7":{"line":46,"type":"cond-expr","locations":[{"start":{"line":46,"column":21},"end":{"line":46,"column":26}},{"start":{"line":46,"column":29},"end":{"line":46,"column":40}}]},"8":{"line":48,"type":"cond-expr","locations":[{"start":{"line":48,"column":17},"end":{"line":48,"column":20}},{"start":{"line":48,"column":23},"end":{"line":48,"column":32}}]},"9":{"line":56,"type":"cond-expr","locations":[{"start":{"line":56,"column":19},"end":{"line":56,"column":23}},{"start":{"line":56,"column":26},"end":{"line":56,"column":36}}]},"10":{"line":58,"type":"cond-expr","locations":[{"start":{"line":58,"column":17},"end":{"line":58,"column":20}},{"start":{"line":58,"column":23},"end":{"line":58,"column":32}}]},"11":{"line":60,"type":"cond-expr","locations":[{"start":{"line":60,"column":17},"end":{"line":60,"column":20}},{"start":{"line":60,"column":23},"end":{"line":60,"column":32}}]},"12":{"line":62,"type":"cond-expr","locations":[{"start":{"line":62,"column":23},"end":{"line":62,"column":25}},{"start":{"line":62,"column":28},"end":{"line":62,"column":37}}]},"13":{"line":63,"type":"cond-expr","locations":[{"start":{"line":63,"column":23},"end":{"line":63,"column":25}},{"start":{"line":63,"column":28},"end":{"line":63,"column":36}}]}}},"/home/grant/node-rethinkdb-job-queue/src/is.js":{"path":"/home/grant/node-rethinkdb-job-queue/src/is.js","s":{"1":1,"2":1,"3":1,"4":1,"5":170,"6":170,"7":1,"8":1,"9":195,"10":195,"11":1,"12":1,"13":385,"14":385,"15":1,"16":1,"17":2631,"18":2631,"19":1,"20":1,"21":1064,"22":1064,"23":1,"24":1,"25":610,"26":610,"27":1,"28":1,"29":414,"30":414,"31":1,"32":1,"33":803,"34":803,"35":1,"36":1,"37":58,"38":58,"39":1,"40":17,"41":17,"42":17,"43":17,"44":1,"45":1,"46":7,"47":7,"48":7,"49":7,"50":1,"51":1,"52":5,"53":5,"54":5,"55":5,"56":5,"57":5,"58":1,"59":1,"60":1272,"61":1272,"62":1,"63":1,"64":188,"65":188,"66":1,"67":1,"68":2227,"69":2227,"70":1,"71":1,"72":896,"73":896,"74":1,"75":1,"76":49,"77":49,"78":1,"79":1,"80":5,"81":5,"82":0,"83":5,"84":1,"85":4,"86":1,"87":3,"88":1,"89":2,"90":1,"91":1,"92":1,"93":1,"94":605,"95":605,"96":79,"97":526,"98":138,"99":388,"100":1,"101":387,"102":1,"103":386,"104":1,"105":385,"106":0,"107":385,"108":1,"109":384,"110":1,"111":1,"112":95,"113":95,"114":35,"115":60,"116":27,"117":33,"118":1,"119":44,"120":44,"121":1,"122":43,"123":1,"124":42,"125":1,"126":41,"127":41,"128":1,"129":14,"130":14,"131":1,"132":16,"133":16,"134":1,"135":13,"136":13,"137":1,"138":11,"139":11},"b":{"1":[610,93],"2":[414,11],"3":[803,10],"4":[58,0],"5":[0,5],"6":[0,5],"7":[5,4],"8":[2227,185,185],"9":[0,5],"10":[1,4],"11":[1,3],"12":[1,2],"13":[1,1],"14":[79,526],"15":[138,388],"16":[1,387],"17":[1,386],"18":[1,385],"19":[0,385],"20":[385,17],"21":[1,384],"22":[35,60],"23":[27,33],"24":[1,43],"25":[1,42],"26":[43,4,3]},"f":{"1":170,"2":195,"3":385,"4":2631,"5":1064,"6":610,"7":414,"8":803,"9":58,"10":17,"11":7,"12":5,"13":1272,"14":188,"15":2227,"16":896,"17":49,"18":5,"19":605,"20":95,"21":44,"22":41,"23":14,"24":16,"25":13,"26":11},"fnMap":{"1":{"name":"isObject","line":5,"loc":{"start":{"line":5,"column":0},"end":{"line":5,"column":26}}},"2":{"name":"isFunction","line":11,"loc":{"start":{"line":11,"column":0},"end":{"line":11,"column":28}}},"3":{"name":"isString","line":17,"loc":{"start":{"line":17,"column":0},"end":{"line":17,"column":26}}},"4":{"name":"isNumber","line":23,"loc":{"start":{"line":23,"column":0},"end":{"line":23,"column":26}}},"5":{"name":"isBoolean","line":29,"loc":{"start":{"line":29,"column":0},"end":{"line":29,"column":27}}},"6":{"name":"isTrue","line":35,"loc":{"start":{"line":35,"column":0},"end":{"line":35,"column":24}}},"7":{"name":"isFalse","line":41,"loc":{"start":{"line":41,"column":0},"end":{"line":41,"column":25}}},"8":{"name":"isDate","line":47,"loc":{"start":{"line":47,"column":0},"end":{"line":47,"column":24}}},"9":{"name":"ensureDate","line":54,"loc":{"start":{"line":54,"column":0},"end":{"line":54,"column":28}}},"10":{"name":"isDateBefore","line":59,"loc":{"start":{"line":59,"column":0},"end":{"line":59,"column":42}}},"11":{"name":"isDateAfter","line":67,"loc":{"start":{"line":67,"column":0},"end":{"line":67,"column":41}}},"12":{"name":"isDateBetween","line":75,"loc":{"start":{"line":75,"column":0},"end":{"line":75,"column":48}}},"13":{"name":"isUuid","line":85,"loc":{"start":{"line":85,"column":0},"end":{"line":85,"column":24}}},"14":{"name":"isNan","line":91,"loc":{"start":{"line":91,"column":0},"end":{"line":91,"column":23}}},"15":{"name":"isInteger","line":97,"loc":{"start":{"line":97,"column":0},"end":{"line":97,"column":27}}},"16":{"name":"isArray","line":103,"loc":{"start":{"line":103,"column":0},"end":{"line":103,"column":25}}},"17":{"name":"isError","line":109,"loc":{"start":{"line":109,"column":0},"end":{"line":109,"column":25}}},"18":{"name":"isLog","line":115,"loc":{"start":{"line":115,"column":0},"end":{"line":115,"column":23}}},"19":{"name":"isJob","line":126,"loc":{"start":{"line":126,"column":0},"end":{"line":126,"column":23}}},"20":{"name":"isStatus","line":140,"loc":{"start":{"line":140,"column":0},"end":{"line":140,"column":32}}},"21":{"name":"isRepeating","line":147,"loc":{"start":{"line":147,"column":27},"end":{"line":147,"column":54}}},"22":{"name":"isActive","line":160,"loc":{"start":{"line":160,"column":24},"end":{"line":160,"column":48}}},"23":{"name":"isCompleted","line":165,"loc":{"start":{"line":165,"column":27},"end":{"line":165,"column":54}}},"24":{"name":"isCancelled","line":170,"loc":{"start":{"line":170,"column":27},"end":{"line":170,"column":54}}},"25":{"name":"isFailed","line":175,"loc":{"start":{"line":175,"column":24},"end":{"line":175,"column":48}}},"26":{"name":"isTerminated","line":180,"loc":{"start":{"line":180,"column":28},"end":{"line":180,"column":56}}}},"statementMap":{"1":{"start":{"line":1,"column":0},"end":{"line":1,"column":42}},"2":{"start":{"line":2,"column":0},"end":{"line":2,"column":32}},"3":{"start":{"line":3,"column":0},"end":{"line":3,"column":95}},"4":{"start":{"line":5,"column":0},"end":{"line":8,"column":1}},"5":{"start":{"line":6,"column":2},"end":{"line":6,"column":27}},"6":{"start":{"line":7,"column":2},"end":{"line":7,"column":68}},"7":{"start":{"line":9,"column":0},"end":{"line":9,"column":32}},"8":{"start":{"line":11,"column":0},"end":{"line":14,"column":1}},"9":{"start":{"line":12,"column":2},"end":{"line":12,"column":29}},"10":{"start":{"line":13,"column":2},"end":{"line":13,"column":70}},"11":{"start":{"line":15,"column":0},"end":{"line":15,"column":36}},"12":{"start":{"line":17,"column":0},"end":{"line":20,"column":1}},"13":{"start":{"line":18,"column":2},"end":{"line":18,"column":27}},"14":{"start":{"line":19,"column":2},"end":{"line":19,"column":68}},"15":{"start":{"line":21,"column":0},"end":{"line":21,"column":32}},"16":{"start":{"line":23,"column":0},"end":{"line":26,"column":1}},"17":{"start":{"line":24,"column":2},"end":{"line":24,"column":27}},"18":{"start":{"line":25,"column":2},"end":{"line":25,"column":68}},"19":{"start":{"line":27,"column":0},"end":{"line":27,"column":32}},"20":{"start":{"line":29,"column":0},"end":{"line":32,"column":1}},"21":{"start":{"line":30,"column":2},"end":{"line":30,"column":28}},"22":{"start":{"line":31,"column":2},"end":{"line":31,"column":69}},"23":{"start":{"line":33,"column":0},"end":{"line":33,"column":34}},"24":{"start":{"line":35,"column":0},"end":{"line":38,"column":1}},"25":{"start":{"line":36,"column":2},"end":{"line":36,"column":25}},"26":{"start":{"line":37,"column":2},"end":{"line":37,"column":43}},"27":{"start":{"line":39,"column":0},"end":{"line":39,"column":28}},"28":{"start":{"line":41,"column":0},"end":{"line":44,"column":1}},"29":{"start":{"line":42,"column":2},"end":{"line":42,"column":26}},"30":{"start":{"line":43,"column":2},"end":{"line":43,"column":44}},"31":{"start":{"line":45,"column":0},"end":{"line":45,"column":30}},"32":{"start":{"line":47,"column":0},"end":{"line":51,"column":1}},"33":{"start":{"line":48,"column":2},"end":{"line":48,"column":25}},"34":{"start":{"line":49,"column":2},"end":{"line":50,"column":61}},"35":{"start":{"line":52,"column":0},"end":{"line":52,"column":28}},"36":{"start":{"line":54,"column":0},"end":{"line":57,"column":1}},"37":{"start":{"line":55,"column":2},"end":{"line":55,"column":29}},"38":{"start":{"line":56,"column":2},"end":{"line":56,"column":48}},"39":{"start":{"line":59,"column":0},"end":{"line":64,"column":1}},"40":{"start":{"line":60,"column":2},"end":{"line":60,"column":43}},"41":{"start":{"line":61,"column":2},"end":{"line":61,"column":33}},"42":{"start":{"line":62,"column":2},"end":{"line":62,"column":31}},"43":{"start":{"line":63,"column":2},"end":{"line":63,"column":47}},"44":{"start":{"line":65,"column":0},"end":{"line":65,"column":40}},"45":{"start":{"line":67,"column":0},"end":{"line":72,"column":1}},"46":{"start":{"line":68,"column":2},"end":{"line":68,"column":42}},"47":{"start":{"line":69,"column":2},"end":{"line":69,"column":33}},"48":{"start":{"line":70,"column":2},"end":{"line":70,"column":31}},"49":{"start":{"line":71,"column":2},"end":{"line":71,"column":47}},"50":{"start":{"line":73,"column":0},"end":{"line":73,"column":38}},"51":{"start":{"line":75,"column":0},"end":{"line":82,"column":1}},"52":{"start":{"line":76,"column":2},"end":{"line":76,"column":49}},"53":{"start":{"line":77,"column":2},"end":{"line":77,"column":27}},"54":{"start":{"line":78,"column":2},"end":{"line":78,"column":27}},"55":{"start":{"line":79,"column":2},"end":{"line":79,"column":49}},"56":{"start":{"line":80,"column":2},"end":{"line":80,"column":49}},"57":{"start":{"line":81,"column":2},"end":{"line":81,"column":78}},"58":{"start":{"line":83,"column":0},"end":{"line":83,"column":42}},"59":{"start":{"line":85,"column":0},"end":{"line":88,"column":1}},"60":{"start":{"line":86,"column":2},"end":{"line":86,"column":25}},"61":{"start":{"line":87,"column":2},"end":{"line":87,"column":31}},"62":{"start":{"line":89,"column":0},"end":{"line":89,"column":28}},"63":{"start":{"line":91,"column":0},"end":{"line":94,"column":1}},"64":{"start":{"line":92,"column":2},"end":{"line":92,"column":24}},"65":{"start":{"line":93,"column":2},"end":{"line":93,"column":28}},"66":{"start":{"line":95,"column":0},"end":{"line":95,"column":26}},"67":{"start":{"line":97,"column":0},"end":{"line":100,"column":1}},"68":{"start":{"line":98,"column":2},"end":{"line":98,"column":28}},"69":{"start":{"line":99,"column":2},"end":{"line":99,"column":60}},"70":{"start":{"line":101,"column":0},"end":{"line":101,"column":34}},"71":{"start":{"line":103,"column":0},"end":{"line":106,"column":1}},"72":{"start":{"line":104,"column":2},"end":{"line":104,"column":26}},"73":{"start":{"line":105,"column":2},"end":{"line":105,"column":29}},"74":{"start":{"line":107,"column":0},"end":{"line":107,"column":30}},"75":{"start":{"line":109,"column":0},"end":{"line":112,"column":1}},"76":{"start":{"line":110,"column":2},"end":{"line":110,"column":26}},"77":{"start":{"line":111,"column":2},"end":{"line":111,"column":31}},"78":{"start":{"line":113,"column":0},"end":{"line":113,"column":30}},"79":{"start":{"line":115,"column":0},"end":{"line":123,"column":1}},"80":{"start":{"line":116,"column":2},"end":{"line":116,"column":24}},"81":{"start":{"line":117,"column":2},"end":{"line":117,"column":30}},"82":{"start":{"line":117,"column":16},"end":{"line":117,"column":29}},"83":{"start":{"line":118,"column":2},"end":{"line":118,"column":43}},"84":{"start":{"line":118,"column":29},"end":{"line":118,"column":42}},"85":{"start":{"line":119,"column":2},"end":{"line":119,"column":48}},"86":{"start":{"line":119,"column":34},"end":{"line":119,"column":47}},"87":{"start":{"line":120,"column":2},"end":{"line":120,"column":45}},"88":{"start":{"line":120,"column":31},"end":{"line":120,"column":44}},"89":{"start":{"line":121,"column":2},"end":{"line":121,"column":47}},"90":{"start":{"line":121,"column":33},"end":{"line":121,"column":46}},"91":{"start":{"line":122,"column":2},"end":{"line":122,"column":13}},"92":{"start":{"line":124,"column":0},"end":{"line":124,"column":26}},"93":{"start":{"line":126,"column":0},"end":{"line":137,"column":1}},"94":{"start":{"line":127,"column":2},"end":{"line":127,"column":24}},"95":{"start":{"line":128,"column":2},"end":{"line":128,"column":30}},"96":{"start":{"line":128,"column":16},"end":{"line":128,"column":29}},"97":{"start":{"line":129,"column":2},"end":{"line":129,"column":33}},"98":{"start":{"line":129,"column":19},"end":{"line":129,"column":32}},"99":{"start":{"line":130,"column":2},"end":{"line":130,"column":41}},"100":{"start":{"line":130,"column":27},"end":{"line":130,"column":40}},"101":{"start":{"line":131,"column":2},"end":{"line":131,"column":38}},"102":{"start":{"line":131,"column":24},"end":{"line":131,"column":37}},"103":{"start":{"line":132,"column":2},"end":{"line":132,"column":50}},"104":{"start":{"line":132,"column":36},"end":{"line":132,"column":49}},"105":{"start":{"line":133,"column":2},"end":{"line":134,"column":77}},"106":{"start":{"line":134,"column":63},"end":{"line":134,"column":76}},"107":{"start":{"line":135,"column":2},"end":{"line":135,"column":73}},"108":{"start":{"line":135,"column":59},"end":{"line":135,"column":72}},"109":{"start":{"line":136,"column":2},"end":{"line":136,"column":13}},"110":{"start":{"line":138,"column":0},"end":{"line":138,"column":26}},"111":{"start":{"line":140,"column":0},"end":{"line":145,"column":1}},"112":{"start":{"line":141,"column":2},"end":{"line":141,"column":33}},"113":{"start":{"line":142,"column":2},"end":{"line":142,"column":35}},"114":{"start":{"line":142,"column":21},"end":{"line":142,"column":34}},"115":{"start":{"line":143,"column":2},"end":{"line":143,"column":44}},"116":{"start":{"line":143,"column":31},"end":{"line":143,"column":43}},"117":{"start":{"line":144,"column":2},"end":{"line":144,"column":14}},"118":{"start":{"line":147,"column":0},"end":{"line":158,"column":1}},"119":{"start":{"line":148,"column":2},"end":{"line":148,"column":28}},"120":{"start":{"line":149,"column":2},"end":{"line":151,"column":3}},"121":{"start":{"line":150,"column":4},"end":{"line":150,"column":15}},"122":{"start":{"line":152,"column":2},"end":{"line":156,"column":3}},"123":{"start":{"line":155,"column":4},"end":{"line":155,"column":15}},"124":{"start":{"line":157,"column":2},"end":{"line":157,"column":14}},"125":{"start":{"line":160,"column":0},"end":{"line":163,"column":1}},"126":{"start":{"line":161,"column":2},"end":{"line":161,"column":25}},"127":{"start":{"line":162,"column":2},"end":{"line":162,"column":43}},"128":{"start":{"line":165,"column":0},"end":{"line":168,"column":1}},"129":{"start":{"line":166,"column":2},"end":{"line":166,"column":28}},"130":{"start":{"line":167,"column":2},"end":{"line":167,"column":46}},"131":{"start":{"line":170,"column":0},"end":{"line":173,"column":1}},"132":{"start":{"line":171,"column":2},"end":{"line":171,"column":28}},"133":{"start":{"line":172,"column":2},"end":{"line":172,"column":46}},"134":{"start":{"line":175,"column":0},"end":{"line":178,"column":1}},"135":{"start":{"line":176,"column":2},"end":{"line":176,"column":25}},"136":{"start":{"line":177,"column":2},"end":{"line":177,"column":43}},"137":{"start":{"line":180,"column":0},"end":{"line":183,"column":1}},"138":{"start":{"line":181,"column":2},"end":{"line":181,"column":29}},"139":{"start":{"line":182,"column":2},"end":{"line":182,"column":47}}},"branchMap":{"1":{"line":37,"type":"binary-expr","locations":[{"start":{"line":37,"column":9},"end":{"line":37,"column":25}},{"start":{"line":37,"column":29},"end":{"line":37,"column":43}}]},"2":{"line":43,"type":"binary-expr","locations":[{"start":{"line":43,"column":9},"end":{"line":43,"column":25}},{"start":{"line":43,"column":29},"end":{"line":43,"column":44}}]},"3":{"line":49,"type":"binary-expr","locations":[{"start":{"line":49,"column":9},"end":{"line":49,"column":30}},{"start":{"line":50,"column":4},"end":{"line":50,"column":61}}]},"4":{"line":56,"type":"cond-expr","locations":[{"start":{"line":56,"column":25},"end":{"line":56,"column":30}},{"start":{"line":56,"column":33},"end":{"line":56,"column":48}}]},"5":{"line":79,"type":"cond-expr","locations":[{"start":{"line":79,"column":36},"end":{"line":79,"column":41}},{"start":{"line":79,"column":44},"end":{"line":79,"column":49}}]},"6":{"line":80,"type":"cond-expr","locations":[{"start":{"line":80,"column":36},"end":{"line":80,"column":41}},{"start":{"line":80,"column":44},"end":{"line":80,"column":49}}]},"7":{"line":81,"type":"binary-expr","locations":[{"start":{"line":81,"column":9},"end":{"line":81,"column":41}},{"start":{"line":81,"column":45},"end":{"line":81,"column":78}}]},"8":{"line":99,"type":"binary-expr","locations":[{"start":{"line":99,"column":9},"end":{"line":99,"column":24}},{"start":{"line":99,"column":28},"end":{"line":99,"column":41}},{"start":{"line":99,"column":45},"end":{"line":99,"column":60}}]},"9":{"line":117,"type":"if","locations":[{"start":{"line":117,"column":2},"end":{"line":117,"column":2}},{"start":{"line":117,"column":2},"end":{"line":117,"column":2}}]},"10":{"line":118,"type":"if","locations":[{"start":{"line":118,"column":2},"end":{"line":118,"column":2}},{"start":{"line":118,"column":2},"end":{"line":118,"column":2}}]},"11":{"line":119,"type":"if","locations":[{"start":{"line":119,"column":2},"end":{"line":119,"column":2}},{"start":{"line":119,"column":2},"end":{"line":119,"column":2}}]},"12":{"line":120,"type":"if","locations":[{"start":{"line":120,"column":2},"end":{"line":120,"column":2}},{"start":{"line":120,"column":2},"end":{"line":120,"column":2}}]},"13":{"line":121,"type":"if","locations":[{"start":{"line":121,"column":2},"end":{"line":121,"column":2}},{"start":{"line":121,"column":2},"end":{"line":121,"column":2}}]},"14":{"line":128,"type":"if","locations":[{"start":{"line":128,"column":2},"end":{"line":128,"column":2}},{"start":{"line":128,"column":2},"end":{"line":128,"column":2}}]},"15":{"line":129,"type":"if","locations":[{"start":{"line":129,"column":2},"end":{"line":129,"column":2}},{"start":{"line":129,"column":2},"end":{"line":129,"column":2}}]},"16":{"line":130,"type":"if","locations":[{"start":{"line":130,"column":2},"end":{"line":130,"column":2}},{"start":{"line":130,"column":2},"end":{"line":130,"column":2}}]},"17":{"line":131,"type":"if","locations":[{"start":{"line":131,"column":2},"end":{"line":131,"column":2}},{"start":{"line":131,"column":2},"end":{"line":131,"column":2}}]},"18":{"line":132,"type":"if","locations":[{"start":{"line":132,"column":2},"end":{"line":132,"column":2}},{"start":{"line":132,"column":2},"end":{"line":132,"column":2}}]},"19":{"line":133,"type":"if","locations":[{"start":{"line":133,"column":2},"end":{"line":133,"column":2}},{"start":{"line":133,"column":2},"end":{"line":133,"column":2}}]},"20":{"line":133,"type":"binary-expr","locations":[{"start":{"line":133,"column":6},"end":{"line":133,"column":31}},{"start":{"line":134,"column":6},"end":{"line":134,"column":59}}]},"21":{"line":135,"type":"if","locations":[{"start":{"line":135,"column":2},"end":{"line":135,"column":2}},{"start":{"line":135,"column":2},"end":{"line":135,"column":2}}]},"22":{"line":142,"type":"if","locations":[{"start":{"line":142,"column":2},"end":{"line":142,"column":2}},{"start":{"line":142,"column":2},"end":{"line":142,"column":2}}]},"23":{"line":143,"type":"if","locations":[{"start":{"line":143,"column":2},"end":{"line":143,"column":2}},{"start":{"line":143,"column":2},"end":{"line":143,"column":2}}]},"24":{"line":149,"type":"if","locations":[{"start":{"line":149,"column":2},"end":{"line":149,"column":2}},{"start":{"line":149,"column":2},"end":{"line":149,"column":2}}]},"25":{"line":152,"type":"if","locations":[{"start":{"line":152,"column":2},"end":{"line":152,"column":2}},{"start":{"line":152,"column":2},"end":{"line":152,"column":2}}]},"26":{"line":152,"type":"binary-expr","locations":[{"start":{"line":152,"column":6},"end":{"line":152,"column":27}},{"start":{"line":153,"column":6},"end":{"line":153,"column":20}},{"start":{"line":154,"column":6},"end":{"line":154,"column":34}}]}}},"/home/grant/node-rethinkdb-job-queue/src/db-driver.js":{"path":"/home/grant/node-rethinkdb-job-queue/src/db-driver.js","s":{"1":1,"2":1,"3":1,"4":1,"5":1,"6":54,"7":54,"8":54,"9":54,"10":52,"11":52,"12":52,"13":52,"14":52,"15":52,"16":2,"17":1,"18":1,"19":1},"b":{"1":[52,2],"2":[52,2],"3":[54,52,4,3],"4":[4,48],"5":[3,49],"6":[3,49],"7":[1,1]},"f":{"1":54},"fnMap":{"1":{"name":"dbDriver","line":6,"loc":{"start":{"line":6,"column":17},"end":{"line":6,"column":41}}}},"statementMap":{"1":{"start":{"line":1,"column":0},"end":{"line":1,"column":42}},"2":{"start":{"line":2,"column":0},"end":{"line":2,"column":46}},"3":{"start":{"line":3,"column":0},"end":{"line":3,"column":26}},"4":{"start":{"line":4,"column":0},"end":{"line":4,"column":32}},"5":{"start":{"line":6,"column":0},"end":{"line":32,"column":1}},"6":{"start":{"line":7,"column":2},"end":{"line":7,"column":25}},"7":{"start":{"line":8,"column":2},"end":{"line":8,"column":36}},"8":{"start":{"line":9,"column":2},"end":{"line":9,"column":40}},"9":{"start":{"line":11,"column":2},"end":{"line":24,"column":3}},"10":{"start":{"line":15,"column":4},"end":{"line":15,"column":38}},"11":{"start":{"line":16,"column":4},"end":{"line":16,"column":25}},"12":{"start":{"line":17,"column":4},"end":{"line":18,"column":41}},"13":{"start":{"line":19,"column":4},"end":{"line":20,"column":41}},"14":{"start":{"line":21,"column":4},"end":{"line":22,"column":37}},"15":{"start":{"line":23,"column":4},"end":{"line":23,"column":33}},"16":{"start":{"line":26,"column":2},"end":{"line":29,"column":3}},"17":{"start":{"line":27,"column":4},"end":{"line":27,"column":43}},"18":{"start":{"line":28,"column":4},"end":{"line":28,"column":14}},"19":{"start":{"line":31,"column":2},"end":{"line":31,"column":55}}},"branchMap":{"1":{"line":8,"type":"cond-expr","locations":[{"start":{"line":8,"column":28},"end":{"line":8,"column":31}},{"start":{"line":8,"column":34},"end":{"line":8,"column":36}}]},"2":{"line":11,"type":"if","locations":[{"start":{"line":11,"column":2},"end":{"line":11,"column":2}},{"start":{"line":11,"column":2},"end":{"line":11,"column":2}}]},"3":{"line":11,"type":"binary-expr","locations":[{"start":{"line":11,"column":6},"end":{"line":11,"column":33}},{"start":{"line":12,"column":6},"end":{"line":12,"column":22}},{"start":{"line":13,"column":6},"end":{"line":13,"column":22}},{"start":{"line":14,"column":6},"end":{"line":14,"column":23}}]},"4":{"line":17,"type":"cond-expr","locations":[{"start":{"line":18,"column":8},"end":{"line":18,"column":26}},{"start":{"line":18,"column":29},"end":{"line":18,"column":41}}]},"5":{"line":19,"type":"cond-expr","locations":[{"start":{"line":20,"column":8},"end":{"line":20,"column":26}},{"start":{"line":20,"column":29},"end":{"line":20,"column":41}}]},"6":{"line":21,"type":"cond-expr","locations":[{"start":{"line":22,"column":8},"end":{"line":22,"column":24}},{"start":{"line":22,"column":27},"end":{"line":22,"column":37}}]},"7":{"line":26,"type":"if","locations":[{"start":{"line":26,"column":2},"end":{"line":26,"column":2}},{"start":{"line":26,"column":2},"end":{"line":26,"column":2}}]}}},"/home/grant/node-rethinkdb-job-queue/src/db-assert-database.js":{"path":"/home/grant/node-rethinkdb-job-queue/src/db-assert-database.js","s":{"1":1,"2":1,"3":1,"4":45,"5":45,"6":45,"7":45,"8":45,"9":45},"b":{"1":[0,45]},"f":{"1":45},"fnMap":{"1":{"name":"assertDatabase","line":4,"loc":{"start":{"line":4,"column":17},"end":{"line":4,"column":45}}}},"statementMap":{"1":{"start":{"line":1,"column":0},"end":{"line":1,"column":42}},"2":{"start":{"line":2,"column":0},"end":{"line":2,"column":35}},"3":{"start":{"line":4,"column":0},"end":{"line":23,"column":1}},"4":{"start":{"line":5,"column":2},"end":{"line":5,"column":26}},"5":{"start":{"line":6,"column":2},"end":{"line":22,"column":4}},"6":{"start":{"line":7,"column":4},"end":{"line":16,"column":12}},"7":{"start":{"line":10,"column":8},"end":{"line":14,"column":9}},"8":{"start":{"line":18,"column":4},"end":{"line":20,"column":40}},"9":{"start":{"line":21,"column":4},"end":{"line":21,"column":15}}},"branchMap":{"1":{"line":18,"type":"cond-expr","locations":[{"start":{"line":19,"column":6},"end":{"line":19,"column":41}},{"start":{"line":20,"column":6},"end":{"line":20,"column":40}}]}}},"/home/grant/node-rethinkdb-job-queue/src/db-assert-table.js":{"path":"/home/grant/node-rethinkdb-job-queue/src/db-assert-table.js","s":{"1":1,"2":1,"3":1,"4":45,"5":45,"6":45,"7":45,"8":45,"9":45,"10":45,"11":45},"b":{"1":[2,43]},"f":{"1":45},"fnMap":{"1":{"name":"assertTable","line":4,"loc":{"start":{"line":4,"column":17},"end":{"line":4,"column":42}}}},"statementMap":{"1":{"start":{"line":1,"column":0},"end":{"line":1,"column":42}},"2":{"start":{"line":2,"column":0},"end":{"line":2,"column":35}},"3":{"start":{"line":4,"column":0},"end":{"line":28,"column":1}},"4":{"start":{"line":5,"column":2},"end":{"line":5,"column":23}},"5":{"start":{"line":6,"column":2},"end":{"line":27,"column":4}},"6":{"start":{"line":7,"column":4},"end":{"line":17,"column":12}},"7":{"start":{"line":11,"column":8},"end":{"line":15,"column":9}},"8":{"start":{"line":19,"column":4},"end":{"line":21,"column":41}},"9":{"start":{"line":23,"column":4},"end":{"line":23,"column":50}},"10":{"start":{"line":25,"column":4},"end":{"line":25,"column":26}},"11":{"start":{"line":26,"column":4},"end":{"line":26,"column":15}}},"branchMap":{"1":{"line":19,"type":"cond-expr","locations":[{"start":{"line":20,"column":8},"end":{"line":20,"column":42}},{"start":{"line":21,"column":8},"end":{"line":21,"column":41}}]}}},"/home/grant/node-rethinkdb-job-queue/src/db-assert-index.js":{"path":"/home/grant/node-rethinkdb-job-queue/src/db-assert-index.js","s":{"1":1,"2":1,"3":1,"4":1,"5":45,"6":45,"7":45,"8":45,"9":45,"10":43,"11":2,"12":2,"13":1,"14":45,"15":45,"16":45,"17":45,"18":45,"19":43,"20":2,"21":2,"22":1,"23":45,"24":45,"25":45,"26":45,"27":45,"28":43,"29":2,"30":2,"31":1,"32":45,"33":45,"34":45,"35":45,"36":45,"37":43,"38":2,"39":1,"40":45,"41":45,"42":45,"43":45,"44":45,"45":45},"b":{"1":[43,2],"2":[43,2],"3":[43,2],"4":[43,2]},"f":{"1":45,"2":2,"3":45,"4":2,"5":45,"6":2,"7":45,"8":45},"fnMap":{"1":{"name":"createIndexActiveDateEnable","line":5,"loc":{"start":{"line":5,"column":0},"end":{"line":5,"column":40}}},"2":{"name":"(anonymous_2)","line":18,"loc":{"start":{"line":18,"column":61},"end":{"line":18,"column":76}}},"3":{"name":"createIndexInactivePriorityDateCreated","line":28,"loc":{"start":{"line":28,"column":0},"end":{"line":28,"column":51}}},"4":{"name":"(anonymous_4)","line":41,"loc":{"start":{"line":41,"column":61},"end":{"line":41,"column":76}}},"5":{"name":"createIndexFinishedDateFinished","line":61,"loc":{"start":{"line":61,"column":0},"end":{"line":61,"column":44}}},"6":{"name":"(anonymous_6)","line":74,"loc":{"start":{"line":74,"column":61},"end":{"line":74,"column":76}}},"7":{"name":"createIndexStatus","line":88,"loc":{"start":{"line":88,"column":0},"end":{"line":88,"column":30}}},"8":{"name":"assertIndex","line":106,"loc":{"start":{"line":106,"column":17},"end":{"line":106,"column":41}}}},"statementMap":{"1":{"start":{"line":1,"column":0},"end":{"line":1,"column":42}},"2":{"start":{"line":2,"column":0},"end":{"line":2,"column":35}},"3":{"start":{"line":3,"column":0},"end":{"line":3,"column":32}},"4":{"start":{"line":5,"column":0},"end":{"line":26,"column":1}},"5":{"start":{"line":6,"column":2},"end":{"line":6,"column":39}},"6":{"start":{"line":7,"column":2},"end":{"line":7,"column":51}},"7":{"start":{"line":8,"column":2},"end":{"line":25,"column":4}},"8":{"start":{"line":9,"column":4},"end":{"line":13,"column":12}},"9":{"start":{"line":15,"column":4},"end":{"line":17,"column":5}},"10":{"start":{"line":16,"column":6},"end":{"line":16,"column":19}},"11":{"start":{"line":18,"column":4},"end":{"line":24,"column":12}},"12":{"start":{"line":19,"column":6},"end":{"line":23,"column":7}},"13":{"start":{"line":28,"column":0},"end":{"line":59,"column":1}},"14":{"start":{"line":29,"column":2},"end":{"line":29,"column":50}},"15":{"start":{"line":30,"column":2},"end":{"line":30,"column":62}},"16":{"start":{"line":31,"column":2},"end":{"line":58,"column":4}},"17":{"start":{"line":32,"column":4},"end":{"line":36,"column":12}},"18":{"start":{"line":38,"column":4},"end":{"line":40,"column":5}},"19":{"start":{"line":39,"column":6},"end":{"line":39,"column":19}},"20":{"start":{"line":41,"column":4},"end":{"line":57,"column":12}},"21":{"start":{"line":42,"column":6},"end":{"line":56,"column":7}},"22":{"start":{"line":61,"column":0},"end":{"line":86,"column":1}},"23":{"start":{"line":62,"column":2},"end":{"line":62,"column":43}},"24":{"start":{"line":63,"column":2},"end":{"line":63,"column":57}},"25":{"start":{"line":64,"column":2},"end":{"line":85,"column":4}},"26":{"start":{"line":65,"column":4},"end":{"line":69,"column":12}},"27":{"start":{"line":71,"column":4},"end":{"line":73,"column":5}},"28":{"start":{"line":72,"column":6},"end":{"line":72,"column":19}},"29":{"start":{"line":74,"column":4},"end":{"line":84,"column":12}},"30":{"start":{"line":75,"column":6},"end":{"line":83,"column":7}},"31":{"start":{"line":88,"column":0},"end":{"line":103,"column":1}},"32":{"start":{"line":89,"column":2},"end":{"line":89,"column":29}},"33":{"start":{"line":90,"column":2},"end":{"line":90,"column":41}},"34":{"start":{"line":91,"column":2},"end":{"line":102,"column":4}},"35":{"start":{"line":92,"column":4},"end":{"line":96,"column":12}},"36":{"start":{"line":98,"column":4},"end":{"line":100,"column":5}},"37":{"start":{"line":99,"column":6},"end":{"line":99,"column":19}},"38":{"start":{"line":101,"column":4},"end":{"line":101,"column":66}},"39":{"start":{"line":106,"column":0},"end":{"line":120,"column":1}},"40":{"start":{"line":107,"column":2},"end":{"line":107,"column":23}},"41":{"start":{"line":108,"column":2},"end":{"line":119,"column":4}},"42":{"start":{"line":114,"column":4},"end":{"line":114,"column":34}},"43":{"start":{"line":115,"column":4},"end":{"line":115,"column":55}},"44":{"start":{"line":117,"column":4},"end":{"line":117,"column":28}},"45":{"start":{"line":118,"column":4},"end":{"line":118,"column":15}}},"branchMap":{"1":{"line":15,"type":"if","locations":[{"start":{"line":15,"column":4},"end":{"line":15,"column":4}},{"start":{"line":15,"column":4},"end":{"line":15,"column":4}}]},"2":{"line":38,"type":"if","locations":[{"start":{"line":38,"column":4},"end":{"line":38,"column":4}},{"start":{"line":38,"column":4},"end":{"line":38,"column":4}}]},"3":{"line":71,"type":"if","locations":[{"start":{"line":71,"column":4},"end":{"line":71,"column":4}},{"start":{"line":71,"column":4},"end":{"line":71,"column":4}}]},"4":{"line":98,"type":"if","locations":[{"start":{"line":98,"column":4},"end":{"line":98,"column":4}},{"start":{"line":98,"column":4},"end":{"line":98,"column":4}}]}}},"/home/grant/node-rethinkdb-job-queue/src/db-assert.js":{"path":"/home/grant/node-rethinkdb-job-queue/src/db-assert.js","s":{"1":1,"2":1,"3":1,"4":1,"5":1,"6":44,"7":44,"8":44,"9":44},"b":{},"f":{"1":44},"fnMap":{"1":{"name":"dbAssert","line":6,"loc":{"start":{"line":6,"column":17},"end":{"line":6,"column":39}}}},"statementMap":{"1":{"start":{"line":1,"column":0},"end":{"line":1,"column":42}},"2":{"start":{"line":2,"column":0},"end":{"line":2,"column":56}},"3":{"start":{"line":3,"column":0},"end":{"line":3,"column":50}},"4":{"start":{"line":4,"column":0},"end":{"line":4,"column":50}},"5":{"start":{"line":6,"column":0},"end":{"line":13,"column":1}},"6":{"start":{"line":7,"column":2},"end":{"line":7,"column":20}},"7":{"start":{"line":8,"column":2},"end":{"line":12,"column":4}},"8":{"start":{"line":9,"column":4},"end":{"line":9,"column":27}},"9":{"start":{"line":11,"column":4},"end":{"line":11,"column":27}}},"branchMap":{}},"/home/grant/node-rethinkdb-job-queue/src/db-result.js":{"path":"/home/grant/node-rethinkdb-job-queue/src/db-result.js","s":{"1":1,"2":1,"3":1,"4":1,"5":1,"6":2,"7":2,"8":2,"9":2,"10":1,"11":244,"12":244,"13":244,"14":1,"15":243,"16":2,"17":241,"18":65,"19":176,"20":141,"21":259,"22":35,"23":2,"24":33,"25":2,"26":31,"27":1,"28":182,"29":182,"30":181,"31":251,"32":1,"33":62,"34":62,"35":61,"36":73,"37":1,"38":64,"39":64,"40":0,"41":64,"42":40,"43":64},"b":{"1":[1,243],"2":[2,241],"3":[65,176],"4":[141,35],"5":[2,33],"6":[2,31],"7":[0,64],"8":[40,24]},"f":{"1":2,"2":244,"3":182,"4":62,"5":64},"fnMap":{"1":{"name":"getResultError","line":6,"loc":{"start":{"line":6,"column":0},"end":{"line":6,"column":35}}},"2":{"name":"getJobsData","line":13,"loc":{"start":{"line":13,"column":0},"end":{"line":13,"column":32}}},"3":{"name":"toJob","line":38,"loc":{"start":{"line":38,"column":23},"end":{"line":38,"column":52}}},"4":{"name":"toIds","line":47,"loc":{"start":{"line":47,"column":23},"end":{"line":47,"column":49}}},"5":{"name":"status","line":56,"loc":{"start":{"line":56,"column":24},"end":{"line":56,"column":57}}}},"statementMap":{"1":{"start":{"line":1,"column":0},"end":{"line":1,"column":42}},"2":{"start":{"line":2,"column":0},"end":{"line":2,"column":35}},"3":{"start":{"line":3,"column":0},"end":{"line":3,"column":26}},"4":{"start":{"line":4,"column":0},"end":{"line":4,"column":32}},"5":{"start":{"line":6,"column":0},"end":{"line":11,"column":1}},"6":{"start":{"line":7,"column":2},"end":{"line":7,"column":36}},"7":{"start":{"line":8,"column":2},"end":{"line":8,"column":46}},"8":{"start":{"line":9,"column":2},"end":{"line":9,"column":24}},"9":{"start":{"line":10,"column":2},"end":{"line":10,"column":28}},"10":{"start":{"line":13,"column":0},"end":{"line":36,"column":1}},"11":{"start":{"line":14,"column":2},"end":{"line":14,"column":34}},"12":{"start":{"line":15,"column":2},"end":{"line":35,"column":4}},"13":{"start":{"line":16,"column":4},"end":{"line":16,"column":32}},"14":{"start":{"line":16,"column":21},"end":{"line":16,"column":31}},"15":{"start":{"line":17,"column":4},"end":{"line":19,"column":5}},"16":{"start":{"line":18,"column":6},"end":{"line":18,"column":37}},"17":{"start":{"line":20,"column":4},"end":{"line":22,"column":5}},"18":{"start":{"line":21,"column":6},"end":{"line":21,"column":21}},"19":{"start":{"line":23,"column":4},"end":{"line":27,"column":5}},"20":{"start":{"line":24,"column":6},"end":{"line":26,"column":8}},"21":{"start":{"line":25,"column":8},"end":{"line":25,"column":29}},"22":{"start":{"line":28,"column":4},"end":{"line":30,"column":5}},"23":{"start":{"line":29,"column":6},"end":{"line":29,"column":31}},"24":{"start":{"line":31,"column":4},"end":{"line":33,"column":5}},"25":{"start":{"line":32,"column":6},"end":{"line":32,"column":23}},"26":{"start":{"line":34,"column":4},"end":{"line":34,"column":13}},"27":{"start":{"line":38,"column":0},"end":{"line":45,"column":1}},"28":{"start":{"line":39,"column":2},"end":{"line":39,"column":28}},"29":{"start":{"line":40,"column":2},"end":{"line":44,"column":4}},"30":{"start":{"line":41,"column":4},"end":{"line":43,"column":6}},"31":{"start":{"line":42,"column":6},"end":{"line":42,"column":33}},"32":{"start":{"line":47,"column":0},"end":{"line":54,"column":1}},"33":{"start":{"line":48,"column":2},"end":{"line":48,"column":27}},"34":{"start":{"line":49,"column":2},"end":{"line":53,"column":4}},"35":{"start":{"line":50,"column":4},"end":{"line":52,"column":6}},"36":{"start":{"line":51,"column":6},"end":{"line":51,"column":23}},"37":{"start":{"line":56,"column":0},"end":{"line":61,"column":1}},"38":{"start":{"line":57,"column":2},"end":{"line":57,"column":35}},"39":{"start":{"line":58,"column":2},"end":{"line":58,"column":62}},"40":{"start":{"line":58,"column":29},"end":{"line":58,"column":61}},"41":{"start":{"line":59,"column":2},"end":{"line":59,"column":45}},"42":{"start":{"line":59,"column":25},"end":{"line":59,"column":44}},"43":{"start":{"line":60,"column":2},"end":{"line":60,"column":40}}},"branchMap":{"1":{"line":16,"type":"if","locations":[{"start":{"line":16,"column":4},"end":{"line":16,"column":4}},{"start":{"line":16,"column":4},"end":{"line":16,"column":4}}]},"2":{"line":17,"type":"if","locations":[{"start":{"line":17,"column":4},"end":{"line":17,"column":4}},{"start":{"line":17,"column":4},"end":{"line":17,"column":4}}]},"3":{"line":20,"type":"if","locations":[{"start":{"line":20,"column":4},"end":{"line":20,"column":4}},{"start":{"line":20,"column":4},"end":{"line":20,"column":4}}]},"4":{"line":23,"type":"if","locations":[{"start":{"line":23,"column":4},"end":{"line":23,"column":4}},{"start":{"line":23,"column":4},"end":{"line":23,"column":4}}]},"5":{"line":28,"type":"if","locations":[{"start":{"line":28,"column":4},"end":{"line":28,"column":4}},{"start":{"line":28,"column":4},"end":{"line":28,"column":4}}]},"6":{"line":31,"type":"if","locations":[{"start":{"line":31,"column":4},"end":{"line":31,"column":4}},{"start":{"line":31,"column":4},"end":{"line":31,"column":4}}]},"7":{"line":58,"type":"if","locations":[{"start":{"line":58,"column":2},"end":{"line":58,"column":2}},{"start":{"line":58,"column":2},"end":{"line":58,"column":2}}]},"8":{"line":59,"type":"if","locations":[{"start":{"line":59,"column":2},"end":{"line":59,"column":2}},{"start":{"line":59,"column":2},"end":{"line":59,"column":2}}]}}},"/home/grant/node-rethinkdb-job-queue/src/queue.js":{"path":"/home/grant/node-rethinkdb-job-queue/src/queue.js","s":{"1":1,"2":1,"3":1,"4":1,"5":1,"6":1,"7":1,"8":1,"9":1,"10":1,"11":1,"12":1,"13":1,"14":1,"15":1,"16":1,"17":1,"18":1,"19":1,"20":1,"21":36,"22":36,"23":36,"24":36,"25":36,"26":36,"27":36,"28":36,"29":36,"30":36,"31":36,"32":36,"33":36,"34":36,"35":36,"36":36,"37":36,"38":36,"39":36,"40":36,"41":839,"42":2608,"43":1,"44":1,"45":816,"46":2343,"47":44,"48":95,"49":29,"50":139,"51":91,"52":632,"53":223,"54":99,"55":47,"56":3,"57":3,"58":4,"59":4,"60":3,"61":3,"62":3,"63":3,"64":1,"65":381,"66":381,"67":381,"68":39,"69":39,"70":39,"71":0,"72":0,"73":0,"74":52,"75":52,"76":52,"77":0,"78":0,"79":0,"80":2,"81":2,"82":2,"83":0,"84":0,"85":0,"86":4,"87":4,"88":4,"89":0,"90":0,"91":0,"92":5,"93":5,"94":5,"95":0,"96":0,"97":0,"98":3,"99":3,"100":3,"101":0,"102":0,"103":0,"104":0,"105":0,"106":0,"107":0,"108":0,"109":0,"110":7,"111":7,"112":7,"113":0,"114":0,"115":0,"116":310,"117":310,"118":45,"119":45,"120":45,"121":0,"122":0,"123":0,"124":7,"125":7,"126":7,"127":0,"128":0,"129":0,"130":41,"131":41,"132":41,"133":0,"134":0,"135":0,"136":33,"137":33,"138":33,"139":0,"140":0,"141":0,"142":1,"143":1,"144":0,"145":0,"146":0,"147":1},"b":{"1":[36,0],"2":[36,0],"3":[3,33],"4":[36,0],"5":[31,5],"6":[36,0],"7":[3,1],"8":[4,2],"9":[130,251]},"f":{"1":36,"2":839,"3":2608,"4":1,"5":1,"6":816,"7":2343,"8":44,"9":95,"10":29,"11":139,"12":91,"13":632,"14":223,"15":99,"16":47,"17":3,"18":4,"19":381,"20":39,"21":52,"22":2,"23":4,"24":5,"25":3,"26":0,"27":7,"28":310,"29":45,"30":7,"31":41,"32":33,"33":1},"fnMap":{"1":{"name":"(anonymous_1)","line":24,"loc":{"start":{"line":24,"column":14},"end":{"line":24,"column":29}}},"2":{"name":"(anonymous_2)","line":56,"loc":{"start":{"line":56,"column":11},"end":{"line":56,"column":14}}},"3":{"name":"(anonymous_3)","line":57,"loc":{"start":{"line":57,"column":9},"end":{"line":57,"column":12}}},"4":{"name":"(anonymous_4)","line":58,"loc":{"start":{"line":58,"column":11},"end":{"line":58,"column":14}}},"5":{"name":"(anonymous_5)","line":59,"loc":{"start":{"line":59,"column":11},"end":{"line":59,"column":14}}},"6":{"name":"(anonymous_6)","line":60,"loc":{"start":{"line":60,"column":9},"end":{"line":60,"column":12}}},"7":{"name":"(anonymous_7)","line":61,"loc":{"start":{"line":61,"column":8},"end":{"line":61,"column":11}}},"8":{"name":"(anonymous_8)","line":62,"loc":{"start":{"line":62,"column":17},"end":{"line":62,"column":20}}},"9":{"name":"(anonymous_9)","line":63,"loc":{"start":{"line":63,"column":13},"end":{"line":63,"column":16}}},"10":{"name":"(anonymous_10)","line":64,"loc":{"start":{"line":64,"column":21},"end":{"line":64,"column":24}}},"11":{"name":"(anonymous_11)","line":65,"loc":{"start":{"line":65,"column":17},"end":{"line":65,"column":20}}},"12":{"name":"(anonymous_12)","line":66,"loc":{"start":{"line":66,"column":25},"end":{"line":66,"column":28}}},"13":{"name":"(anonymous_13)","line":67,"loc":{"start":{"line":67,"column":14},"end":{"line":67,"column":17}}},"14":{"name":"(anonymous_14)","line":68,"loc":{"start":{"line":68,"column":18},"end":{"line":68,"column":21}}},"15":{"name":"(anonymous_15)","line":69,"loc":{"start":{"line":69,"column":13},"end":{"line":69,"column":16}}},"16":{"name":"(anonymous_16)","line":70,"loc":{"start":{"line":70,"column":11},"end":{"line":70,"column":14}}},"17":{"name":"(anonymous_17)","line":72,"loc":{"start":{"line":72,"column":17},"end":{"line":72,"column":27}}},"18":{"name":"(anonymous_18)","line":77,"loc":{"start":{"line":77,"column":18},"end":{"line":77,"column":26}}},"19":{"name":"(anonymous_19)","line":88,"loc":{"start":{"line":88,"column":12},"end":{"line":88,"column":22}}},"20":{"name":"(anonymous_20)","line":94,"loc":{"start":{"line":94,"column":9},"end":{"line":94,"column":15}}},"21":{"name":"(anonymous_21)","line":105,"loc":{"start":{"line":105,"column":9},"end":{"line":105,"column":19}}},"22":{"name":"(anonymous_22)","line":116,"loc":{"start":{"line":116,"column":10},"end":{"line":116,"column":27}}},"23":{"name":"(anonymous_23)","line":127,"loc":{"start":{"line":127,"column":12},"end":{"line":127,"column":30}}},"24":{"name":"(anonymous_24)","line":138,"loc":{"start":{"line":138,"column":12},"end":{"line":138,"column":22}}},"25":{"name":"(anonymous_25)","line":149,"loc":{"start":{"line":149,"column":10},"end":{"line":149,"column":20}}},"26":{"name":"(anonymous_26)","line":160,"loc":{"start":{"line":160,"column":9},"end":{"line":160,"column":12}}},"27":{"name":"(anonymous_27)","line":171,"loc":{"start":{"line":171,"column":10},"end":{"line":171,"column":13}}},"28":{"name":"(anonymous_28)","line":182,"loc":{"start":{"line":182,"column":8},"end":{"line":182,"column":11}}},"29":{"name":"(anonymous_29)","line":187,"loc":{"start":{"line":187,"column":8},"end":{"line":187,"column":17}}},"30":{"name":"(anonymous_30)","line":198,"loc":{"start":{"line":198,"column":9},"end":{"line":198,"column":18}}},"31":{"name":"(anonymous_31)","line":209,"loc":{"start":{"line":209,"column":8},"end":{"line":209,"column":11}}},"32":{"name":"(anonymous_32)","line":220,"loc":{"start":{"line":220,"column":7},"end":{"line":220,"column":10}}},"33":{"name":"(anonymous_33)","line":231,"loc":{"start":{"line":231,"column":7},"end":{"line":231,"column":10}}}},"statementMap":{"1":{"start":{"line":1,"column":0},"end":{"line":1,"column":42}},"2":{"start":{"line":2,"column":0},"end":{"line":2,"column":51}},"3":{"start":{"line":3,"column":0},"end":{"line":3,"column":35}},"4":{"start":{"line":4,"column":0},"end":{"line":4,"column":26}},"5":{"start":{"line":5,"column":0},"end":{"line":5,"column":32}},"6":{"start":{"line":6,"column":0},"end":{"line":6,"column":28}},"7":{"start":{"line":7,"column":0},"end":{"line":7,"column":39}},"8":{"start":{"line":8,"column":0},"end":{"line":8,"column":37}},"9":{"start":{"line":9,"column":0},"end":{"line":9,"column":47}},"10":{"start":{"line":10,"column":0},"end":{"line":10,"column":46}},"11":{"start":{"line":11,"column":0},"end":{"line":11,"column":46}},"12":{"start":{"line":12,"column":0},"end":{"line":12,"column":48}},"13":{"start":{"line":13,"column":0},"end":{"line":13,"column":57}},"14":{"start":{"line":14,"column":0},"end":{"line":14,"column":52}},"15":{"start":{"line":15,"column":0},"end":{"line":15,"column":52}},"16":{"start":{"line":16,"column":0},"end":{"line":16,"column":43}},"17":{"start":{"line":17,"column":0},"end":{"line":17,"column":47}},"18":{"start":{"line":18,"column":0},"end":{"line":18,"column":41}},"19":{"start":{"line":19,"column":0},"end":{"line":19,"column":41}},"20":{"start":{"line":20,"column":0},"end":{"line":20,"column":43}},"21":{"start":{"line":25,"column":4},"end":{"line":25,"column":11}},"22":{"start":{"line":26,"column":4},"end":{"line":26,"column":40}},"23":{"start":{"line":28,"column":4},"end":{"line":28,"column":27}},"24":{"start":{"line":29,"column":4},"end":{"line":29,"column":51}},"25":{"start":{"line":33,"column":4},"end":{"line":33,"column":19}},"26":{"start":{"line":34,"column":4},"end":{"line":34,"column":19}},"27":{"start":{"line":35,"column":4},"end":{"line":35,"column":18}},"28":{"start":{"line":36,"column":4},"end":{"line":36,"column":17}},"29":{"start":{"line":37,"column":4},"end":{"line":37,"column":17}},"30":{"start":{"line":38,"column":4},"end":{"line":38,"column":23}},"31":{"start":{"line":40,"column":4},"end":{"line":41,"column":61}},"32":{"start":{"line":42,"column":4},"end":{"line":42,"column":35}},"33":{"start":{"line":43,"column":4},"end":{"line":43,"column":34}},"34":{"start":{"line":44,"column":4},"end":{"line":44,"column":24}},"35":{"start":{"line":45,"column":4},"end":{"line":45,"column":21}},"36":{"start":{"line":46,"column":4},"end":{"line":47,"column":33}},"37":{"start":{"line":48,"column":4},"end":{"line":49,"column":55}},"38":{"start":{"line":50,"column":4},"end":{"line":51,"column":69}},"39":{"start":{"line":52,"column":4},"end":{"line":52,"column":25}},"40":{"start":{"line":53,"column":4},"end":{"line":53,"column":29}},"41":{"start":{"line":56,"column":16},"end":{"line":56,"column":34}},"42":{"start":{"line":57,"column":14},"end":{"line":57,"column":30}},"43":{"start":{"line":58,"column":16},"end":{"line":58,"column":34}},"44":{"start":{"line":59,"column":16},"end":{"line":59,"column":34}},"45":{"start":{"line":60,"column":14},"end":{"line":60,"column":30}},"46":{"start":{"line":61,"column":13},"end":{"line":61,"column":28}},"47":{"start":{"line":62,"column":22},"end":{"line":62,"column":46}},"48":{"start":{"line":63,"column":18},"end":{"line":63,"column":50}},"49":{"start":{"line":64,"column":26},"end":{"line":64,"column":54}},"50":{"start":{"line":65,"column":22},"end":{"line":65,"column":46}},"51":{"start":{"line":66,"column":30},"end":{"line":66,"column":62}},"52":{"start":{"line":67,"column":19},"end":{"line":67,"column":40}},"53":{"start":{"line":68,"column":23},"end":{"line":68,"column":48}},"54":{"start":{"line":69,"column":18},"end":{"line":69,"column":38}},"55":{"start":{"line":70,"column":16},"end":{"line":70,"column":41}},"56":{"start":{"line":73,"column":4},"end":{"line":73,"column":37}},"57":{"start":{"line":74,"column":4},"end":{"line":74,"column":60}},"58":{"start":{"line":78,"column":4},"end":{"line":78,"column":36}},"59":{"start":{"line":79,"column":4},"end":{"line":84,"column":5}},"60":{"start":{"line":80,"column":6},"end":{"line":80,"column":61}},"61":{"start":{"line":81,"column":6},"end":{"line":81,"column":54}},"62":{"start":{"line":82,"column":6},"end":{"line":82,"column":49}},"63":{"start":{"line":83,"column":6},"end":{"line":83,"column":12}},"64":{"start":{"line":85,"column":4},"end":{"line":85,"column":29}},"65":{"start":{"line":89,"column":4},"end":{"line":89,"column":32}},"66":{"start":{"line":90,"column":4},"end":{"line":90,"column":57}},"67":{"start":{"line":91,"column":4},"end":{"line":91,"column":33}},"68":{"start":{"line":95,"column":4},"end":{"line":95,"column":25}},"69":{"start":{"line":96,"column":4},"end":{"line":102,"column":6}},"70":{"start":{"line":97,"column":6},"end":{"line":97,"column":35}},"71":{"start":{"line":99,"column":6},"end":{"line":99,"column":49}},"72":{"start":{"line":100,"column":6},"end":{"line":100,"column":49}},"73":{"start":{"line":101,"column":6},"end":{"line":101,"column":32}},"74":{"start":{"line":106,"column":4},"end":{"line":106,"column":29}},"75":{"start":{"line":107,"column":4},"end":{"line":113,"column":6}},"76":{"start":{"line":108,"column":6},"end":{"line":108,"column":39}},"77":{"start":{"line":110,"column":6},"end":{"line":110,"column":49}},"78":{"start":{"line":111,"column":6},"end":{"line":111,"column":49}},"79":{"start":{"line":112,"column":6},"end":{"line":112,"column":32}},"80":{"start":{"line":117,"column":4},"end":{"line":117,"column":32}},"81":{"start":{"line":118,"column":4},"end":{"line":124,"column":6}},"82":{"start":{"line":119,"column":6},"end":{"line":119,"column":47}},"83":{"start":{"line":121,"column":6},"end":{"line":121,"column":50}},"84":{"start":{"line":122,"column":6},"end":{"line":122,"column":49}},"85":{"start":{"line":123,"column":6},"end":{"line":123,"column":32}},"86":{"start":{"line":128,"column":4},"end":{"line":128,"column":40}},"87":{"start":{"line":129,"column":4},"end":{"line":135,"column":6}},"88":{"start":{"line":130,"column":6},"end":{"line":130,"column":50}},"89":{"start":{"line":132,"column":6},"end":{"line":132,"column":52}},"90":{"start":{"line":133,"column":6},"end":{"line":133,"column":49}},"91":{"start":{"line":134,"column":6},"end":{"line":134,"column":32}},"92":{"start":{"line":139,"column":4},"end":{"line":139,"column":32}},"93":{"start":{"line":140,"column":4},"end":{"line":146,"column":6}},"94":{"start":{"line":141,"column":6},"end":{"line":141,"column":42}},"95":{"start":{"line":143,"column":6},"end":{"line":143,"column":52}},"96":{"start":{"line":144,"column":6},"end":{"line":144,"column":49}},"97":{"start":{"line":145,"column":6},"end":{"line":145,"column":32}},"98":{"start":{"line":150,"column":4},"end":{"line":150,"column":30}},"99":{"start":{"line":151,"column":4},"end":{"line":157,"column":6}},"100":{"start":{"line":152,"column":6},"end":{"line":152,"column":51}},"101":{"start":{"line":154,"column":6},"end":{"line":154,"column":50}},"102":{"start":{"line":155,"column":6},"end":{"line":155,"column":49}},"103":{"start":{"line":156,"column":6},"end":{"line":156,"column":32}},"104":{"start":{"line":161,"column":4},"end":{"line":161,"column":20}},"105":{"start":{"line":162,"column":4},"end":{"line":168,"column":6}},"106":{"start":{"line":163,"column":6},"end":{"line":163,"column":35}},"107":{"start":{"line":165,"column":6},"end":{"line":165,"column":49}},"108":{"start":{"line":166,"column":6},"end":{"line":166,"column":49}},"109":{"start":{"line":167,"column":6},"end":{"line":167,"column":32}},"110":{"start":{"line":172,"column":4},"end":{"line":172,"column":21}},"111":{"start":{"line":173,"column":4},"end":{"line":179,"column":6}},"112":{"start":{"line":174,"column":6},"end":{"line":174,"column":31}},"113":{"start":{"line":176,"column":6},"end":{"line":176,"column":50}},"114":{"start":{"line":177,"column":6},"end":{"line":177,"column":49}},"115":{"start":{"line":178,"column":6},"end":{"line":178,"column":32}},"116":{"start":{"line":183,"column":4},"end":{"line":183,"column":19}},"117":{"start":{"line":184,"column":4},"end":{"line":184,"column":22}},"118":{"start":{"line":188,"column":4},"end":{"line":188,"column":19}},"119":{"start":{"line":189,"column":4},"end":{"line":195,"column":6}},"120":{"start":{"line":190,"column":6},"end":{"line":190,"column":50}},"121":{"start":{"line":192,"column":6},"end":{"line":192,"column":48}},"122":{"start":{"line":193,"column":6},"end":{"line":193,"column":49}},"123":{"start":{"line":194,"column":6},"end":{"line":194,"column":32}},"124":{"start":{"line":199,"column":4},"end":{"line":199,"column":20}},"125":{"start":{"line":200,"column":4},"end":{"line":206,"column":6}},"126":{"start":{"line":201,"column":6},"end":{"line":201,"column":51}},"127":{"start":{"line":203,"column":6},"end":{"line":203,"column":49}},"128":{"start":{"line":204,"column":6},"end":{"line":204,"column":49}},"129":{"start":{"line":205,"column":6},"end":{"line":205,"column":32}},"130":{"start":{"line":210,"column":4},"end":{"line":210,"column":19}},"131":{"start":{"line":211,"column":4},"end":{"line":217,"column":6}},"132":{"start":{"line":212,"column":6},"end":{"line":212,"column":29}},"133":{"start":{"line":214,"column":6},"end":{"line":214,"column":48}},"134":{"start":{"line":215,"column":6},"end":{"line":215,"column":49}},"135":{"start":{"line":216,"column":6},"end":{"line":216,"column":32}},"136":{"start":{"line":221,"column":4},"end":{"line":221,"column":18}},"137":{"start":{"line":222,"column":4},"end":{"line":228,"column":6}},"138":{"start":{"line":223,"column":6},"end":{"line":223,"column":32}},"139":{"start":{"line":225,"column":6},"end":{"line":225,"column":47}},"140":{"start":{"line":226,"column":6},"end":{"line":226,"column":49}},"141":{"start":{"line":227,"column":6},"end":{"line":227,"column":32}},"142":{"start":{"line":232,"column":4},"end":{"line":232,"column":18}},"143":{"start":{"line":233,"column":4},"end":{"line":237,"column":6}},"144":{"start":{"line":234,"column":6},"end":{"line":234,"column":47}},"145":{"start":{"line":235,"column":6},"end":{"line":235,"column":49}},"146":{"start":{"line":236,"column":6},"end":{"line":236,"column":32}},"147":{"start":{"line":241,"column":0},"end":{"line":241,"column":22}}},"branchMap":{"1":{"line":28,"type":"binary-expr","locations":[{"start":{"line":28,"column":14},"end":{"line":28,"column":21}},{"start":{"line":28,"column":25},"end":{"line":28,"column":27}}]},"2":{"line":29,"type":"binary-expr","locations":[{"start":{"line":29,"column":17},"end":{"line":29,"column":29}},{"start":{"line":29,"column":33},"end":{"line":29,"column":51}}]},"3":{"line":40,"type":"cond-expr","locations":[{"start":{"line":41,"column":8},"end":{"line":41,"column":36}},{"start":{"line":41,"column":39},"end":{"line":41,"column":61}}]},"4":{"line":46,"type":"cond-expr","locations":[{"start":{"line":47,"column":8},"end":{"line":47,"column":12}},{"start":{"line":47,"column":15},"end":{"line":47,"column":33}}]},"5":{"line":48,"type":"cond-expr","locations":[{"start":{"line":49,"column":8},"end":{"line":49,"column":27}},{"start":{"line":49,"column":30},"end":{"line":49,"column":55}}]},"6":{"line":50,"type":"cond-expr","locations":[{"start":{"line":51,"column":8},"end":{"line":51,"column":40}},{"start":{"line":51,"column":43},"end":{"line":51,"column":69}}]},"7":{"line":79,"type":"if","locations":[{"start":{"line":79,"column":4},"end":{"line":79,"column":4}},{"start":{"line":79,"column":4},"end":{"line":79,"column":4}}]},"8":{"line":79,"type":"binary-expr","locations":[{"start":{"line":79,"column":8},"end":{"line":79,"column":26}},{"start":{"line":79,"column":30},"end":{"line":79,"column":39}}]},"9":{"line":90,"type":"cond-expr","locations":[{"start":{"line":90,"column":32},"end":{"line":90,"column":47}},{"start":{"line":90,"column":50},"end":{"line":90,"column":57}}]}}},"/home/grant/node-rethinkdb-job-queue/src/job.js":{"path":"/home/grant/node-rethinkdb-job-queue/src/job.js","s":{"1":1,"2":1,"3":1,"4":1,"5":1,"6":1,"7":1,"8":1,"9":407,"10":407,"11":407,"12":407,"13":407,"14":252,"15":252,"16":252,"17":155,"18":155,"19":155,"20":155,"21":155,"22":155,"23":155,"24":155,"25":155,"26":155,"27":155,"28":155,"29":155,"30":155,"31":155,"32":155,"33":155,"34":155,"35":155,"36":155,"37":155,"38":1,"39":154,"40":22,"41":132,"42":14,"43":13,"44":13,"45":1,"46":3,"47":2,"48":2,"49":1,"50":3,"51":2,"52":2,"53":1,"54":3,"55":2,"56":2,"57":1,"58":8,"59":7,"60":7,"61":1,"62":5,"63":5,"64":5,"65":0,"66":0,"67":0,"68":1,"69":1,"70":1,"71":0,"72":0,"73":0,"74":143,"75":143,"76":143,"77":142,"78":143,"79":143,"80":2,"81":2,"82":2,"83":0,"84":0,"85":0,"86":6,"87":1},"b":{"1":[252,155],"2":[1,154],"3":[22,132],"4":[154,153],"5":[13,1],"6":[2,1],"7":[3,2],"8":[2,1],"9":[3,2],"10":[2,1],"11":[3,2],"12":[7,1],"13":[142,1]},"f":{"1":407,"2":14,"3":3,"4":3,"5":3,"6":8,"7":5,"8":1,"9":143,"10":2,"11":6},"fnMap":{"1":{"name":"(anonymous_1)","line":12,"loc":{"start":{"line":12,"column":14},"end":{"line":12,"column":27}}},"2":{"name":"(anonymous_2)","line":56,"loc":{"start":{"line":56,"column":14},"end":{"line":56,"column":28}}},"3":{"name":"(anonymous_3)","line":64,"loc":{"start":{"line":64,"column":13},"end":{"line":64,"column":26}}},"4":{"name":"(anonymous_4)","line":73,"loc":{"start":{"line":73,"column":14},"end":{"line":73,"column":28}}},"5":{"name":"(anonymous_5)","line":82,"loc":{"start":{"line":82,"column":16},"end":{"line":82,"column":32}}},"6":{"name":"(anonymous_6)","line":91,"loc":{"start":{"line":91,"column":16},"end":{"line":91,"column":32}}},"7":{"name":"(anonymous_7)","line":99,"loc":{"start":{"line":99,"column":17},"end":{"line":99,"column":27}}},"8":{"name":"(anonymous_8)","line":110,"loc":{"start":{"line":110,"column":9},"end":{"line":110,"column":12}}},"9":{"name":"(anonymous_9)","line":121,"loc":{"start":{"line":121,"column":15},"end":{"line":121,"column":34}}},"10":{"name":"(anonymous_10)","line":131,"loc":{"start":{"line":131,"column":9},"end":{"line":134,"column":32}}},"11":{"name":"(anonymous_11)","line":145,"loc":{"start":{"line":145,"column":13},"end":{"line":145,"column":16}}}},"statementMap":{"1":{"start":{"line":1,"column":0},"end":{"line":1,"column":42}},"2":{"start":{"line":2,"column":0},"end":{"line":2,"column":28}},"3":{"start":{"line":3,"column":0},"end":{"line":3,"column":32}},"4":{"start":{"line":4,"column":0},"end":{"line":4,"column":26}},"5":{"start":{"line":5,"column":0},"end":{"line":5,"column":43}},"6":{"start":{"line":6,"column":0},"end":{"line":6,"column":45}},"7":{"start":{"line":7,"column":0},"end":{"line":7,"column":41}},"8":{"start":{"line":8,"column":0},"end":{"line":8,"column":35}},"9":{"start":{"line":13,"column":4},"end":{"line":13,"column":25}},"10":{"start":{"line":14,"column":4},"end":{"line":14,"column":28}},"11":{"start":{"line":15,"column":4},"end":{"line":15,"column":30}},"12":{"start":{"line":16,"column":4},"end":{"line":16,"column":14}},"13":{"start":{"line":18,"column":4},"end":{"line":53,"column":5}},"14":{"start":{"line":19,"column":6},"end":{"line":19,"column":49}},"15":{"start":{"line":20,"column":6},"end":{"line":20,"column":34}},"16":{"start":{"line":21,"column":6},"end":{"line":21,"column":60}},"17":{"start":{"line":23,"column":6},"end":{"line":23,"column":46}},"18":{"start":{"line":25,"column":6},"end":{"line":25,"column":34}},"19":{"start":{"line":26,"column":6},"end":{"line":26,"column":28}},"20":{"start":{"line":27,"column":6},"end":{"line":27,"column":25}},"21":{"start":{"line":28,"column":6},"end":{"line":28,"column":38}},"22":{"start":{"line":29,"column":6},"end":{"line":29,"column":36}},"23":{"start":{"line":30,"column":6},"end":{"line":30,"column":42}},"24":{"start":{"line":31,"column":6},"end":{"line":31,"column":38}},"25":{"start":{"line":32,"column":6},"end":{"line":32,"column":25}},"26":{"start":{"line":33,"column":6},"end":{"line":33,"column":34}},"27":{"start":{"line":34,"column":6},"end":{"line":34,"column":44}},"28":{"start":{"line":35,"column":6},"end":{"line":35,"column":26}},"29":{"start":{"line":36,"column":6},"end":{"line":36,"column":23}},"30":{"start":{"line":37,"column":6},"end":{"line":37,"column":40}},"31":{"start":{"line":38,"column":6},"end":{"line":38,"column":19}},"32":{"start":{"line":39,"column":6},"end":{"line":39,"column":28}},"33":{"start":{"line":40,"column":6},"end":{"line":40,"column":27}},"34":{"start":{"line":41,"column":6},"end":{"line":41,"column":22}},"35":{"start":{"line":42,"column":6},"end":{"line":42,"column":23}},"36":{"start":{"line":43,"column":6},"end":{"line":43,"column":25}},"37":{"start":{"line":45,"column":6},"end":{"line":47,"column":7}},"38":{"start":{"line":46,"column":8},"end":{"line":46,"column":53}},"39":{"start":{"line":48,"column":6},"end":{"line":52,"column":7}},"40":{"start":{"line":49,"column":8},"end":{"line":49,"column":27}},"41":{"start":{"line":51,"column":8},"end":{"line":51,"column":36}},"42":{"start":{"line":57,"column":4},"end":{"line":60,"column":5}},"43":{"start":{"line":58,"column":6},"end":{"line":58,"column":33}},"44":{"start":{"line":59,"column":6},"end":{"line":59,"column":17}},"45":{"start":{"line":61,"column":4},"end":{"line":61,"column":50}},"46":{"start":{"line":65,"column":4},"end":{"line":69,"column":5}},"47":{"start":{"line":67,"column":6},"end":{"line":67,"column":31}},"48":{"start":{"line":68,"column":6},"end":{"line":68,"column":17}},"49":{"start":{"line":70,"column":4},"end":{"line":70,"column":48}},"50":{"start":{"line":74,"column":4},"end":{"line":78,"column":5}},"51":{"start":{"line":76,"column":6},"end":{"line":76,"column":33}},"52":{"start":{"line":77,"column":6},"end":{"line":77,"column":17}},"53":{"start":{"line":79,"column":4},"end":{"line":79,"column":49}},"54":{"start":{"line":83,"column":4},"end":{"line":87,"column":5}},"55":{"start":{"line":85,"column":6},"end":{"line":85,"column":37}},"56":{"start":{"line":86,"column":6},"end":{"line":86,"column":17}},"57":{"start":{"line":88,"column":4},"end":{"line":88,"column":51}},"58":{"start":{"line":92,"column":4},"end":{"line":95,"column":5}},"59":{"start":{"line":93,"column":6},"end":{"line":93,"column":37}},"60":{"start":{"line":94,"column":6},"end":{"line":94,"column":17}},"61":{"start":{"line":96,"column":4},"end":{"line":96,"column":51}},"62":{"start":{"line":100,"column":4},"end":{"line":100,"column":41}},"63":{"start":{"line":101,"column":4},"end":{"line":107,"column":6}},"64":{"start":{"line":102,"column":6},"end":{"line":102,"column":39}},"65":{"start":{"line":104,"column":6},"end":{"line":104,"column":59}},"66":{"start":{"line":105,"column":6},"end":{"line":105,"column":53}},"67":{"start":{"line":106,"column":6},"end":{"line":106,"column":32}},"68":{"start":{"line":111,"column":4},"end":{"line":111,"column":20}},"69":{"start":{"line":112,"column":4},"end":{"line":118,"column":6}},"70":{"start":{"line":113,"column":6},"end":{"line":113,"column":28}},"71":{"start":{"line":115,"column":6},"end":{"line":115,"column":51}},"72":{"start":{"line":116,"column":6},"end":{"line":116,"column":53}},"73":{"start":{"line":117,"column":6},"end":{"line":117,"column":32}},"74":{"start":{"line":122,"column":4},"end":{"line":122,"column":26}},"75":{"start":{"line":123,"column":4},"end":{"line":123,"column":43}},"76":{"start":{"line":124,"column":4},"end":{"line":126,"column":5}},"77":{"start":{"line":125,"column":6},"end":{"line":125,"column":57}},"78":{"start":{"line":127,"column":4},"end":{"line":127,"column":20}},"79":{"start":{"line":128,"column":4},"end":{"line":128,"column":18}},"80":{"start":{"line":135,"column":4},"end":{"line":135,"column":49}},"81":{"start":{"line":136,"column":4},"end":{"line":142,"column":6}},"82":{"start":{"line":137,"column":6},"end":{"line":137,"column":64}},"83":{"start":{"line":139,"column":6},"end":{"line":139,"column":51}},"84":{"start":{"line":140,"column":6},"end":{"line":140,"column":53}},"85":{"start":{"line":141,"column":6},"end":{"line":141,"column":32}},"86":{"start":{"line":146,"column":4},"end":{"line":146,"column":34}},"87":{"start":{"line":150,"column":0},"end":{"line":150,"column":20}}},"branchMap":{"1":{"line":18,"type":"if","locations":[{"start":{"line":18,"column":4},"end":{"line":18,"column":4}},{"start":{"line":18,"column":4},"end":{"line":18,"column":4}}]},"2":{"line":45,"type":"if","locations":[{"start":{"line":45,"column":6},"end":{"line":45,"column":6}},{"start":{"line":45,"column":6},"end":{"line":45,"column":6}}]},"3":{"line":48,"type":"if","locations":[{"start":{"line":48,"column":6},"end":{"line":48,"column":6}},{"start":{"line":48,"column":6},"end":{"line":48,"column":6}}]},"4":{"line":48,"type":"binary-expr","locations":[{"start":{"line":48,"column":10},"end":{"line":48,"column":27}},{"start":{"line":48,"column":31},"end":{"line":48,"column":50}}]},"5":{"line":57,"type":"if","locations":[{"start":{"line":57,"column":4},"end":{"line":57,"column":4}},{"start":{"line":57,"column":4},"end":{"line":57,"column":4}}]},"6":{"line":65,"type":"if","locations":[{"start":{"line":65,"column":4},"end":{"line":65,"column":4}},{"start":{"line":65,"column":4},"end":{"line":65,"column":4}}]},"7":{"line":65,"type":"binary-expr","locations":[{"start":{"line":65,"column":8},"end":{"line":65,"column":30}},{"start":{"line":66,"column":8},"end":{"line":66,"column":23}}]},"8":{"line":74,"type":"if","locations":[{"start":{"line":74,"column":4},"end":{"line":74,"column":4}},{"start":{"line":74,"column":4},"end":{"line":74,"column":4}}]},"9":{"line":74,"type":"binary-expr","locations":[{"start":{"line":74,"column":8},"end":{"line":74,"column":31}},{"start":{"line":75,"column":8},"end":{"line":75,"column":24}}]},"10":{"line":83,"type":"if","locations":[{"start":{"line":83,"column":4},"end":{"line":83,"column":4}},{"start":{"line":83,"column":4},"end":{"line":83,"column":4}}]},"11":{"line":83,"type":"binary-expr","locations":[{"start":{"line":83,"column":8},"end":{"line":83,"column":33}},{"start":{"line":84,"column":8},"end":{"line":84,"column":26}}]},"12":{"line":92,"type":"if","locations":[{"start":{"line":92,"column":4},"end":{"line":92,"column":4}},{"start":{"line":92,"column":4},"end":{"line":92,"column":4}}]},"13":{"line":124,"type":"if","locations":[{"start":{"line":124,"column":4},"end":{"line":124,"column":4}},{"start":{"line":124,"column":4},"end":{"line":124,"column":4}}]}}},"/home/grant/node-rethinkdb-job-queue/src/job-options.js":{"path":"/home/grant/node-rethinkdb-job-queue/src/job-options.js","s":{"1":1,"2":1,"3":1,"4":1,"5":204,"6":204,"7":204,"8":204,"9":204,"10":204,"11":204,"12":204,"13":204,"14":11,"15":204,"16":11,"17":204,"18":11,"19":204,"20":11,"21":204,"22":11,"23":204,"24":11,"25":204,"26":4,"27":204,"28":4,"29":204,"30":4,"31":204,"32":4,"33":204,"34":4,"35":204,"36":4,"37":204},"b":{"1":[11,193],"2":[11,193],"3":[204,11],"4":[11,193],"5":[204,11],"6":[11,193],"7":[204,11],"8":[11,193],"9":[204,204,200,7],"10":[11,193],"11":[204,11],"12":[4,200],"13":[4,200],"14":[204,5],"15":[4,200],"16":[204,5],"17":[4,200],"18":[204,5],"19":[4,200],"20":[204,204,202,3],"21":[4,200],"22":[204,5]},"f":{"1":204},"fnMap":{"1":{"name":"jobOptions","line":5,"loc":{"start":{"line":5,"column":17},"end":{"line":5,"column":72}}}},"statementMap":{"1":{"start":{"line":1,"column":0},"end":{"line":1,"column":42}},"2":{"start":{"line":2,"column":0},"end":{"line":2,"column":32}},"3":{"start":{"line":3,"column":0},"end":{"line":3,"column":26}},"4":{"start":{"line":5,"column":0},"end":{"line":69,"column":1}},"5":{"start":{"line":6,"column":2},"end":{"line":6,"column":46}},"6":{"start":{"line":8,"column":2},"end":{"line":8,"column":25}},"7":{"start":{"line":9,"column":2},"end":{"line":9,"column":48}},"8":{"start":{"line":10,"column":2},"end":{"line":10,"column":46}},"9":{"start":{"line":11,"column":2},"end":{"line":11,"column":48}},"10":{"start":{"line":12,"column":2},"end":{"line":12,"column":52}},"11":{"start":{"line":13,"column":2},"end":{"line":13,"column":44}},"12":{"start":{"line":14,"column":2},"end":{"line":14,"column":54}},"13":{"start":{"line":16,"column":2},"end":{"line":18,"column":3}},"14":{"start":{"line":17,"column":4},"end":{"line":17,"column":47}},"15":{"start":{"line":20,"column":2},"end":{"line":22,"column":3}},"16":{"start":{"line":21,"column":4},"end":{"line":21,"column":45}},"17":{"start":{"line":24,"column":2},"end":{"line":26,"column":3}},"18":{"start":{"line":25,"column":4},"end":{"line":25,"column":47}},"19":{"start":{"line":28,"column":2},"end":{"line":30,"column":3}},"20":{"start":{"line":29,"column":4},"end":{"line":29,"column":51}},"21":{"start":{"line":32,"column":2},"end":{"line":36,"column":3}},"22":{"start":{"line":35,"column":4},"end":{"line":35,"column":43}},"23":{"start":{"line":38,"column":2},"end":{"line":40,"column":3}},"24":{"start":{"line":39,"column":4},"end":{"line":39,"column":53}},"25":{"start":{"line":42,"column":2},"end":{"line":44,"column":3}},"26":{"start":{"line":43,"column":4},"end":{"line":43,"column":47}},"27":{"start":{"line":46,"column":2},"end":{"line":48,"column":3}},"28":{"start":{"line":47,"column":4},"end":{"line":47,"column":45}},"29":{"start":{"line":50,"column":2},"end":{"line":52,"column":3}},"30":{"start":{"line":51,"column":4},"end":{"line":51,"column":47}},"31":{"start":{"line":54,"column":2},"end":{"line":56,"column":3}},"32":{"start":{"line":55,"column":4},"end":{"line":55,"column":51}},"33":{"start":{"line":58,"column":2},"end":{"line":62,"column":3}},"34":{"start":{"line":61,"column":4},"end":{"line":61,"column":43}},"35":{"start":{"line":64,"column":2},"end":{"line":66,"column":3}},"36":{"start":{"line":65,"column":4},"end":{"line":65,"column":53}},"37":{"start":{"line":68,"column":2},"end":{"line":68,"column":21}}},"branchMap":{"1":{"line":16,"type":"if","locations":[{"start":{"line":16,"column":2},"end":{"line":16,"column":2}},{"start":{"line":16,"column":2},"end":{"line":16,"column":2}}]},"2":{"line":20,"type":"if","locations":[{"start":{"line":20,"column":2},"end":{"line":20,"column":2}},{"start":{"line":20,"column":2},"end":{"line":20,"column":2}}]},"3":{"line":20,"type":"binary-expr","locations":[{"start":{"line":20,"column":6},"end":{"line":20,"column":36}},{"start":{"line":20,"column":40},"end":{"line":20,"column":63}}]},"4":{"line":24,"type":"if","locations":[{"start":{"line":24,"column":2},"end":{"line":24,"column":2}},{"start":{"line":24,"column":2},"end":{"line":24,"column":2}}]},"5":{"line":24,"type":"binary-expr","locations":[{"start":{"line":24,"column":6},"end":{"line":24,"column":37}},{"start":{"line":24,"column":41},"end":{"line":24,"column":65}}]},"6":{"line":28,"type":"if","locations":[{"start":{"line":28,"column":2},"end":{"line":28,"column":2}},{"start":{"line":28,"column":2},"end":{"line":28,"column":2}}]},"7":{"line":28,"type":"binary-expr","locations":[{"start":{"line":28,"column":6},"end":{"line":28,"column":39}},{"start":{"line":28,"column":43},"end":{"line":28,"column":69}}]},"8":{"line":32,"type":"if","locations":[{"start":{"line":32,"column":2},"end":{"line":32,"column":2}},{"start":{"line":32,"column":2},"end":{"line":32,"column":2}}]},"9":{"line":32,"type":"binary-expr","locations":[{"start":{"line":32,"column":6},"end":{"line":32,"column":32}},{"start":{"line":33,"column":6},"end":{"line":33,"column":33}},{"start":{"line":34,"column":7},"end":{"line":34,"column":36}},{"start":{"line":34,"column":40},"end":{"line":34,"column":62}}]},"10":{"line":38,"type":"if","locations":[{"start":{"line":38,"column":2},"end":{"line":38,"column":2}},{"start":{"line":38,"column":2},"end":{"line":38,"column":2}}]},"11":{"line":38,"type":"binary-expr","locations":[{"start":{"line":38,"column":6},"end":{"line":38,"column":40}},{"start":{"line":38,"column":44},"end":{"line":38,"column":71}}]},"12":{"line":42,"type":"if","locations":[{"start":{"line":42,"column":2},"end":{"line":42,"column":2}},{"start":{"line":42,"column":2},"end":{"line":42,"column":2}}]},"13":{"line":46,"type":"if","locations":[{"start":{"line":46,"column":2},"end":{"line":46,"column":2}},{"start":{"line":46,"column":2},"end":{"line":46,"column":2}}]},"14":{"line":46,"type":"binary-expr","locations":[{"start":{"line":46,"column":6},"end":{"line":46,"column":36}},{"start":{"line":46,"column":40},"end":{"line":46,"column":63}}]},"15":{"line":50,"type":"if","locations":[{"start":{"line":50,"column":2},"end":{"line":50,"column":2}},{"start":{"line":50,"column":2},"end":{"line":50,"column":2}}]},"16":{"line":50,"type":"binary-expr","locations":[{"start":{"line":50,"column":6},"end":{"line":50,"column":37}},{"start":{"line":50,"column":41},"end":{"line":50,"column":65}}]},"17":{"line":54,"type":"if","locations":[{"start":{"line":54,"column":2},"end":{"line":54,"column":2}},{"start":{"line":54,"column":2},"end":{"line":54,"column":2}}]},"18":{"line":54,"type":"binary-expr","locations":[{"start":{"line":54,"column":6},"end":{"line":54,"column":39}},{"start":{"line":54,"column":43},"end":{"line":54,"column":69}}]},"19":{"line":58,"type":"if","locations":[{"start":{"line":58,"column":2},"end":{"line":58,"column":2}},{"start":{"line":58,"column":2},"end":{"line":58,"column":2}}]},"20":{"line":58,"type":"binary-expr","locations":[{"start":{"line":58,"column":6},"end":{"line":58,"column":32}},{"start":{"line":59,"column":6},"end":{"line":59,"column":33}},{"start":{"line":60,"column":7},"end":{"line":60,"column":36}},{"start":{"line":60,"column":40},"end":{"line":60,"column":62}}]},"21":{"line":64,"type":"if","locations":[{"start":{"line":64,"column":2},"end":{"line":64,"column":2}},{"start":{"line":64,"column":2},"end":{"line":64,"column":2}}]},"22":{"line":64,"type":"binary-expr","locations":[{"start":{"line":64,"column":6},"end":{"line":64,"column":40}},{"start":{"line":64,"column":44},"end":{"line":64,"column":71}}]}}},"/home/grant/node-rethinkdb-job-queue/src
[...]
"17":{"line":80,"type":"if","locations":[{"start":{"line":80,"column":8},"end":{"line":80,"column":8}},{"start":{"line":80,"column":8},"end":{"line":80,"column":8}}]},"18":{"line":93,"type":"if","locations":[{"start":{"line":93,"column":2},"end":{"line":93,"column":2}},{"start":{"line":93,"column":2},"end":{"line":93,"column":2}}]},"19":{"line":93,"type":"binary-expr","locations":[{"start":{"line":93,"column":6},"end":{"line":93,"column":20}},{"start":{"line":94,"column":6},"end":{"line":94,"column":21}}]},"20":{"line":102,"type":"if","locations":[{"start":{"line":102,"column":2},"end":{"line":102,"column":2}},{"start":{"line":102,"column":2},"end":{"line":102,"column":2}}]},"21":{"line":102,"type":"binary-expr","locations":[{"start":{"line":102,"column":6},"end":{"line":102,"column":23}},{"start":{"line":103,"column":6},"end":{"line":103,"column":24}}]},"22":{"line":110,"type":"if","locations":[{"start":{"line":110,"column":2},"end":{"line":110,"column":2}},{"start":{"line":110,"column":2},"end":{"line":110,"column":2}}]},"23":{"line":110,"type":"binary-expr","locations":[{"start":{"line":110,"column":6},"end":{"line":110,"column":20}},{"start":{"line":111,"column":6},"end":{"line":111,"column":20}},{"start":{"line":112,"column":6},"end":{"line":112,"column":41}}]},"24":{"line":119,"type":"if","locations":[{"start":{"line":119,"column":2},"end":{"line":119,"column":2}},{"start":{"line":119,"column":2},"end":{"line":119,"column":2}}]},"25":{"line":119,"type":"binary-expr","locations":[{"start":{"line":119,"column":6},"end":{"line":119,"column":26}},{"start":{"line":120,"column":6},"end":{"line":120,"column":27}}]},"26":{"line":128,"type":"if","locations":[{"start":{"line":128,"column":2},"end":{"line":128,"column":2}},{"start":{"line":128,"column":2},"end":{"line":128,"column":2}}]},"27":{"line":128,"type":"binary-expr","locations":[{"start":{"line":128,"column":6},"end":{"line":128,"column":26}},{"start":{"line":129,"column":6},"end":{"line":129,"column":27}}]},"28":{"line":136,"type":"if","locations":[{"start":{"line":136,"column":2},"end":{"line":136,"column":2}},{"start":{"line":136,"column":2},"end":{"line":136,"column":2}}]},"29":{"line":136,"type":"binary-expr","locations":[{"start":{"line":136,"column":6},"end":{"line":136,"column":23}},{"start":{"line":137,"column":6},"end":{"line":137,"column":24}}]},"30":{"line":144,"type":"if","locations":[{"start":{"line":144,"column":2},"end":{"line":144,"column":2}},{"start":{"line":144,"column":2},"end":{"line":144,"column":2}}]},"31":{"line":144,"type":"binary-expr","locations":[{"start":{"line":144,"column":6},"end":{"line":144,"column":27}},{"start":{"line":145,"column":6},"end":{"line":145,"column":28}}]},"32":{"line":152,"type":"if","locations":[{"start":{"line":152,"column":2},"end":{"line":152,"column":2}},{"start":{"line":152,"column":2},"end":{"line":152,"column":2}}]},"33":{"line":152,"type":"binary-expr","locations":[{"start":{"line":152,"column":6},"end":{"line":152,"column":21}},{"start":{"line":153,"column":6},"end":{"line":153,"column":20}}]},"34":{"line":160,"type":"if","locations":[{"start":{"line":160,"column":2},"end":{"line":160,"column":2}},{"start":{"line":160,"column":2},"end":{"line":160,"column":2}}]},"35":{"line":160,"type":"binary-expr","locations":[{"start":{"line":160,"column":6},"end":{"line":160,"column":20}},{"start":{"line":161,"column":6},"end":{"line":161,"column":20}},{"start":{"line":162,"column":6},"end":{"line":162,"column":26}},{"start":{"line":163,"column":6},"end":{"line":163,"column":26}},{"start":{"line":164,"column":6},"end":{"line":164,"column":43}}]}}},"/home/grant/node-rethinkdb-job-queue/src/queue-interruption.js":{"path":"/home/grant/node-rethinkdb-job-queue/src/queue-interruption.js","s":{"1":2,"2":2,"3":2,"4":2,"5":2,"6":2,"7":2,"8":47,"9":47,"10":47,"11":47,"12":47,"13":47,"14":0,"15":47,"16":47,"17":47,"18":47,"19":47,"20":41,"21":6,"22":9,"23":9,"24":6,"25":6,"26":47,"27":47,"28":47,"29":2,"30":9,"31":9,"32":9,"33":9,"34":9,"35":9,"36":0,"37":9,"38":9,"39":9,"40":9,"41":9},"b":{"1":[47,47],"2":[0,47],"3":[41,6],"4":[6,3],"5":[9,9],"6":[0,9]},"f":{"1":47,"2":9,"3":9},"fnMap":{"1":{"name":"interruptionPause","line":8,"loc":{"start":{"line":8,"column":23},"end":{"line":8,"column":62}}},"2":{"name":"pausing","line":23,"loc":{"start":{"line":23,"column":30},"end":{"line":23,"column":50}}},"3":{"name":"interruptionResume","line":38,"loc":{"start":{"line":38,"column":24},"end":{"line":38,"column":64}}}},"statementMap":{"1":{"start":{"line":1,"column":0},"end":{"line":1,"column":42}},"2":{"start":{"line":2,"column":0},"end":{"line":2,"column":35}},"3":{"start":{"line":3,"column":0},"end":{"line":3,"column":32}},"4":{"start":{"line":4,"column":0},"end":{"line":4,"column":26}},"5":{"start":{"line":5,"column":0},"end":{"line":5,"column":47}},"6":{"start":{"line":6,"column":0},"end":{"line":6,"column":43}},"7":{"start":{"line":8,"column":0},"end":{"line":36,"column":1}},"8":{"start":{"line":9,"column":2},"end":{"line":9,"column":25}},"9":{"start":{"line":10,"column":2},"end":{"line":10,"column":18}},"10":{"start":{"line":11,"column":2},"end":{"line":11,"column":36}},"11":{"start":{"line":12,"column":2},"end":{"line":12,"column":65}},"12":{"start":{"line":13,"column":2},"end":{"line":35,"column":4}},"13":{"start":{"line":14,"column":4},"end":{"line":16,"column":5}},"14":{"start":{"line":15,"column":6},"end":{"line":15,"column":47}},"15":{"start":{"line":17,"column":4},"end":{"line":17,"column":10}},"16":{"start":{"line":19,"column":4},"end":{"line":30,"column":6}},"17":{"start":{"line":20,"column":6},"end":{"line":20,"column":49}},"18":{"start":{"line":21,"column":6},"end":{"line":21,"column":53}},"19":{"start":{"line":22,"column":6},"end":{"line":22,"column":45}},"20":{"start":{"line":22,"column":27},"end":{"line":22,"column":44}},"21":{"start":{"line":23,"column":6},"end":{"line":29,"column":13}},"22":{"start":{"line":24,"column":8},"end":{"line":24,"column":66}},"23":{"start":{"line":25,"column":8},"end":{"line":28,"column":9}},"24":{"start":{"line":26,"column":10},"end":{"line":26,"column":30}},"25":{"start":{"line":27,"column":10},"end":{"line":27,"column":19}},"26":{"start":{"line":32,"column":4},"end":{"line":32,"column":46}},"27":{"start":{"line":33,"column":4},"end":{"line":33,"column":50}},"28":{"start":{"line":34,"column":4},"end":{"line":34,"column":15}},"29":{"start":{"line":38,"column":0},"end":{"line":54,"column":1}},"30":{"start":{"line":39,"column":2},"end":{"line":39,"column":26}},"31":{"start":{"line":40,"column":2},"end":{"line":40,"column":19}},"32":{"start":{"line":41,"column":2},"end":{"line":41,"column":36}},"33":{"start":{"line":42,"column":2},"end":{"line":42,"column":65}},"34":{"start":{"line":43,"column":2},"end":{"line":53,"column":4}},"35":{"start":{"line":44,"column":4},"end":{"line":46,"column":5}},"36":{"start":{"line":45,"column":6},"end":{"line":45,"column":47}},"37":{"start":{"line":47,"column":4},"end":{"line":47,"column":10}},"38":{"start":{"line":49,"column":4},"end":{"line":49,"column":27}},"39":{"start":{"line":50,"column":4},"end":{"line":50,"column":47}},"40":{"start":{"line":51,"column":4},"end":{"line":51,"column":51}},"41":{"start":{"line":52,"column":4},"end":{"line":52,"column":15}}},"branchMap":{"1":{"line":12,"type":"binary-expr","locations":[{"start":{"line":12,"column":22},"end":{"line":12,"column":32}},{"start":{"line":12,"column":36},"end":{"line":12,"column":65}}]},"2":{"line":14,"type":"if","locations":[{"start":{"line":14,"column":4},"end":{"line":14,"column":4}},{"start":{"line":14,"column":4},"end":{"line":14,"column":4}}]},"3":{"line":22,"type":"if","locations":[{"start":{"line":22,"column":6},"end":{"line":22,"column":6}},{"start":{"line":22,"column":6},"end":{"line":22,"column":6}}]},"4":{"line":25,"type":"if","locations":[{"start":{"line":25,"column":8},"end":{"line":25,"column":8}},{"start":{"line":25,"column":8},"end":{"line":25,"column":8}}]},"5":{"line":42,"type":"binary-expr","locations":[{"start":{"line":42,"column":22},"end":{"line":42,"column":32}},{"start":{"line":42,"column":36},"end":{"line":42,"column":65}}]},"6":{"line":44,"type":"if","locations":[{"start":{"line":44,"column":4},"end":{"line":44,"column":4}},{"start":{"line":44,"column":4},"end":{"line":44,"column":4}}]}}},"/home/grant/node-rethinkdb-job-queue/src/queue-add-job.js":{"path":"/home/grant/node-rethinkdb-job-queue/src/queue-add-job.js","s":{"1":1,"2":1,"3":1,"4":1,"5":1,"6":1,"7":1,"8":1,"9":47,"10":47,"11":47,"12":124,"13":97,"14":124,"15":124,"16":124,"17":46,"18":46,"19":46,"20":46,"21":46,"22":46,"23":124,"24":124,"25":46},"b":{"1":[97,27]},"f":{"1":47},"fnMap":{"1":{"name":"queueAddJob","line":9,"loc":{"start":{"line":9,"column":17},"end":{"line":9,"column":47}}}},"statementMap":{"1":{"start":{"line":1,"column":0},"end":{"line":1,"column":42}},"2":{"start":{"line":2,"column":0},"end":{"line":2,"column":35}},"3":{"start":{"line":3,"column":0},"end":{"line":3,"column":32}},"4":{"start":{"line":4,"column":0},"end":{"line":4,"column":47}},"5":{"start":{"line":5,"column":0},"end":{"line":5,"column":39}},"6":{"start":{"line":6,"column":0},"end":{"line":6,"column":35}},"7":{"start":{"line":7,"column":0},"end":{"line":7,"column":39}},"8":{"start":{"line":9,"column":0},"end":{"line":39,"column":1}},"9":{"start":{"line":10,"column":2},"end":{"line":10,"column":23}},"10":{"start":{"line":11,"column":2},"end":{"line":38,"column":4}},"11":{"start":{"line":12,"column":4},"end":{"line":12,"column":28}},"12":{"start":{"line":14,"column":4},"end":{"line":16,"column":5}},"13":{"start":{"line":15,"column":6},"end":{"line":15,"column":42}},"14":{"start":{"line":17,"column":4},"end":{"line":21,"column":27}},"15":{"start":{"line":22,"column":4},"end":{"line":22,"column":24}},"16":{"start":{"line":23,"column":4},"end":{"line":23,"column":32}},"17":{"start":{"line":25,"column":4},"end":{"line":25,"column":34}},"18":{"start":{"line":26,"column":4},"end":{"line":27,"column":51}},"19":{"start":{"line":29,"column":4},"end":{"line":29,"column":36}},"20":{"start":{"line":30,"column":4},"end":{"line":30,"column":27}},"21":{"start":{"line":31,"column":4},"end":{"line":31,"column":40}},"22":{"start":{"line":33,"column":4},"end":{"line":36,"column":5}},"23":{"start":{"line":34,"column":6},"end":{"line":34,"column":45}},"24":{"start":{"line":35,"column":6},"end":{"line":35,"column":51}},"25":{"start":{"line":37,"column":4},"end":{"line":37,"column":20}}},"branchMap":{"1":{"line":14,"type":"if","locations":[{"start":{"line":14,"column":4},"end":{"line":14,"column":4}},{"start":{"line":14,"column":4},"end":{"line":14,"column":4}}]}}},"/home/grant/node-rethinkdb-job-queue/src/queue-find-job.js":{"path":"/home/grant/node-rethinkdb-job-queue/src/queue-find-job.js","s":{"1":1,"2":1,"3":1,"4":1,"5":7,"6":7,"7":7,"8":7,"9":7,"10":2,"11":5},"b":{"1":[2,5]},"f":{"1":7},"fnMap":{"1":{"name":"queueFindJob","line":5,"loc":{"start":{"line":5,"column":17},"end":{"line":5,"column":59}}}},"statementMap":{"1":{"start":{"line":1,"column":0},"end":{"line":1,"column":42}},"2":{"start":{"line":2,"column":0},"end":{"line":2,"column":35}},"3":{"start":{"line":3,"column":0},"end":{"line":3,"column":39}},"4":{"start":{"line":5,"column":0},"end":{"line":18,"column":1}},"5":{"start":{"line":6,"column":2},"end":{"line":6,"column":37}},"6":{"start":{"line":7,"column":2},"end":{"line":17,"column":4}},"7":{"start":{"line":8,"column":4},"end":{"line":12,"column":12}},"8":{"start":{"line":14,"column":4},"end":{"line":14,"column":32}},"9":{"start":{"line":15,"column":4},"end":{"line":15,"column":32}},"10":{"start":{"line":15,"column":15},"end":{"line":15,"column":31}},"11":{"start":{"line":16,"column":4},"end":{"line":16,"column":38}}},"branchMap":{"1":{"line":15,"type":"if","locations":[{"start":{"line":15,"column":4},"end":{"line":15,"column":4}},{"start":{"line":15,"column":4},"end":{"line":15,"column":4}}]}}},"/home/grant/node-rethinkdb-job-queue/src/queue-remove-job.js":{"path":"/home/grant/node-rethinkdb-job-queue/src/queue-remove-job.js","s":{"1":1,"2":1,"3":1,"4":1,"5":1,"6":11,"7":11,"8":11,"9":10,"10":10,"11":17,"12":17,"13":10},"b":{},"f":{"1":11},"fnMap":{"1":{"name":"removeJob","line":6,"loc":{"start":{"line":6,"column":17},"end":{"line":6,"column":49}}}},"statementMap":{"1":{"start":{"line":1,"column":0},"end":{"line":1,"column":42}},"2":{"start":{"line":2,"column":0},"end":{"line":2,"column":35}},"3":{"start":{"line":3,"column":0},"end":{"line":3,"column":32}},"4":{"start":{"line":4,"column":0},"end":{"line":4,"column":39}},"5":{"start":{"line":6,"column":0},"end":{"line":27,"column":1}},"6":{"start":{"line":7,"column":2},"end":{"line":7,"column":33}},"7":{"start":{"line":9,"column":2},"end":{"line":26,"column":4}},"8":{"start":{"line":10,"column":4},"end":{"line":10,"column":31}},"9":{"start":{"line":12,"column":4},"end":{"line":19,"column":6}},"10":{"start":{"line":21,"column":4},"end":{"line":24,"column":5}},"11":{"start":{"line":22,"column":6},"end":{"line":22,"column":40}},"12":{"start":{"line":23,"column":6},"end":{"line":23,"column":44}},"13":{"start":{"line":25,"column":4},"end":{"line":25,"column":24}}},"branchMap":{}},"/home/grant/node-rethinkdb-job-queue/src/queue-reset.js":{"path":"/home/grant/node-rethinkdb-job-queue/src/queue-reset.js","s":{"1":1,"2":1,"3":1,"4":1,"5":1,"6":43,"7":43,"8":43,"9":43,"10":43,"11":43,"12":43,"13":43},"b":{},"f":{"1":43},"fnMap":{"1":{"name":"queueReset","line":6,"loc":{"start":{"line":6,"column":17},"end":{"line":6,"column":41}}}},"statementMap":{"1":{"start":{"line":1,"column":0},"end":{"line":1,"column":42}},"2":{"start":{"line":2,"column":0},"end":{"line":2,"column":35}},"3":{"start":{"line":3,"column":0},"end":{"line":3,"column":32}},"4":{"start":{"line":4,"column":0},"end":{"line":4,"column":39}},"5":{"start":{"line":6,"column":0},"end":{"line":21,"column":1}},"6":{"start":{"line":7,"column":2},"end":{"line":7,"column":17}},"7":{"start":{"line":8,"column":2},"end":{"line":20,"column":4}},"8":{"start":{"line":9,"column":4},"end":{"line":12,"column":10}},"9":{"start":{"line":14,"column":4},"end":{"line":14,"column":38}},"10":{"start":{"line":15,"column":4},"end":{"line":15,"column":63}},"11":{"start":{"line":17,"column":4},"end":{"line":17,"column":44}},"12":{"start":{"line":18,"column":4},"end":{"line":18,"column":50}},"13":{"start":{"line":19,"column":4},"end":{"line":19,"column":23}}},"branchMap":{}},"/home/grant/node-rethinkdb-job-queue/src/queue-summary.js":{"path":"/home/grant/node-rethinkdb-job-queue/src/queue-summary.js","s":{"1":1,"2":1,"3":1,"4":8,"5":8,"6":8,"7":8,"8":8,"9":12,"10":12,"11":8,"12":48,"13":8,"14":8},"b":{"1":[12,0]},"f":{"1":8},"fnMap":{"1":{"name":"summary","line":4,"loc":{"start":{"line":4,"column":17},"end":{"line":4,"column":37}}}},"statementMap":{"1":{"start":{"line":1,"column":0},"end":{"line":1,"column":42}},"2":{"start":{"line":2,"column":0},"end":{"line":2,"column":35}},"3":{"start":{"line":4,"column":0},"end":{"line":29,"column":1}},"4":{"start":{"line":5,"column":2},"end":{"line":5,"column":19}},"5":{"start":{"line":6,"column":2},"end":{"line":28,"column":4}},"6":{"start":{"line":7,"column":6},"end":{"line":8,"column":41}},"7":{"start":{"line":11,"column":4},"end":{"line":18,"column":5}},"8":{"start":{"line":19,"column":4},"end":{"line":22,"column":5}},"9":{"start":{"line":20,"column":6},"end":{"line":21,"column":44}},"10":{"start":{"line":21,"column":8},"end":{"line":21,"column":44}},"11":{"start":{"line":23,"column":4},"end":{"line":25,"column":9}},"12":{"start":{"line":24,"column":6},"end":{"line":24,"column":40}},"13":{"start":{"line":26,"column":4},"end":{"line":26,"column":30}},"14":{"start":{"line":27,"column":4},"end":{"line":27,"column":18}}},"branchMap":{"1":{"line":20,"type":"if","locations":[{"start":{"line":20,"column":6},"end":{"line":20,"column":6}},{"start":{"line":20,"column":6},"end":{"line":20,"column":6}}]}}},"/home/grant/node-rethinkdb-job-queue/src/queue-stop.js":{"path":"/home/grant/node-rethinkdb-job-queue/src/queue-stop.js","s":{"1":1,"2":1,"3":1,"4":1,"5":37,"6":37,"7":37,"8":37,"9":37,"10":37,"11":37,"12":37},"b":{},"f":{"1":37},"fnMap":{"1":{"name":"queueStop","line":5,"loc":{"start":{"line":5,"column":17},"end":{"line":5,"column":40}}}},"statementMap":{"1":{"start":{"line":1,"column":0},"end":{"line":1,"column":42}},"2":{"start":{"line":2,"column":0},"end":{"line":2,"column":32}},"3":{"start":{"line":3,"column":0},"end":{"line":3,"column":37}},"4":{"start":{"line":5,"column":0},"end":{"line":16,"column":1}},"5":{"start":{"line":6,"column":2},"end":{"line":6,"column":21}},"6":{"start":{"line":7,"column":2},"end":{"line":7,"column":37}},"7":{"start":{"line":8,"column":2},"end":{"line":8,"column":37}},"8":{"start":{"line":9,"column":2},"end":{"line":15,"column":4}},"9":{"start":{"line":10,"column":4},"end":{"line":10,"column":28}},"10":{"start":{"line":12,"column":4},"end":{"line":12,"column":38}},"11":{"start":{"line":13,"column":4},"end":{"line":13,"column":38}},"12":{"start":{"line":14,"column":4},"end":{"line":14,"column":15}}},"branchMap":{}},"/home/grant/node-rethinkdb-job-queue/src/queue-drop.js":{"path":"/home/grant/node-rethinkdb-job-queue/src/queue-drop.js","s":{"1":1,"2":1,"3":1,"4":1,"5":1,"6":1,"7":2,"8":2,"9":2,"10":2,"11":2,"12":2,"13":2,"14":2},"b":{},"f":{"1":2},"fnMap":{"1":{"name":"queueDrop","line":7,"loc":{"start":{"line":7,"column":17},"end":{"line":7,"column":40}}}},"statementMap":{"1":{"start":{"line":1,"column":0},"end":{"line":1,"column":42}},"2":{"start":{"line":2,"column":0},"end":{"line":2,"column":35}},"3":{"start":{"line":3,"column":0},"end":{"line":3,"column":32}},"4":{"start":{"line":4,"column":0},"end":{"line":4,"column":37}},"5":{"start":{"line":5,"column":0},"end":{"line":5,"column":41}},"6":{"start":{"line":7,"column":0},"end":{"line":19,"column":1}},"7":{"start":{"line":8,"column":2},"end":{"line":8,"column":21}},"8":{"start":{"line":9,"column":2},"end":{"line":18,"column":4}},"9":{"start":{"line":10,"column":4},"end":{"line":10,"column":37}},"10":{"start":{"line":11,"column":4},"end":{"line":11,"column":28}},"11":{"start":{"line":13,"column":4},"end":{"line":13,"column":47}},"12":{"start":{"line":15,"column":4},"end":{"line":15,"column":38}},"13":{"start":{"line":16,"column":4},"end":{"line":16,"column":38}},"14":{"start":{"line":17,"column":4},"end":{"line":17,"column":27}}},"branchMap":{}},"/home/grant/node-rethinkdb-job-queue/src/queue-reanimate-job.js":{"path":"/home/grant/node-rethinkdb-job-queue/src/queue-reanimate-job.js","s":{"1":1,"2":1,"3":1,"4":1,"5":1,"6":1,"7":1,"8":1,"9":1,"10":1,"11":1,"12":1,"13":1,"14":1,"15":1,"16":1,"17":1,"18":1},"b":{},"f":{"1":1},"fnMap":{"1":{"name":"queueGetJob","line":8,"loc":{"start":{"line":8,"column":17},"end":{"line":10,"column":29}}}},"statementMap":{"1":{"start":{"line":1,"column":0},"end":{"line":1,"column":42}},"2":{"start":{"line":2,"column":0},"end":{"line":2,"column":35}},"3":{"start":{"line":3,"column":0},"end":{"line":3,"column":32}},"4":{"start":{"line":4,"column":0},"end":{"line":4,"column":39}},"5":{"start":{"line":5,"column":0},"end":{"line":5,"column":39}},"6":{"start":{"line":6,"column":0},"end":{"line":6,"column":35}},"7":{"start":{"line":8,"column":0},"end":{"line":45,"column":1}},"8":{"start":{"line":11,"column":2},"end":{"line":11,"column":34}},"9":{"start":{"line":12,"column":2},"end":{"line":44,"column":4}},"10":{"start":{"line":13,"column":4},"end":{"line":13,"column":31}},"11":{"start":{"line":15,"column":4},"end":{"line":21,"column":5}},"12":{"start":{"line":22,"column":4},"end":{"line":34,"column":12}},"13":{"start":{"line":36,"column":4},"end":{"line":36,"column":36}},"14":{"start":{"line":37,"column":4},"end":{"line":37,"column":40}},"15":{"start":{"line":39,"column":4},"end":{"line":42,"column":5}},"16":{"start":{"line":40,"column":6},"end":{"line":40,"column":57}},"17":{"start":{"line":41,"column":6},"end":{"line":41,"column":61}},"18":{"start":{"line":43,"column":4},"end":{"line":43,"column":25}}},"branchMap":{}}}