TN:
SF:/home/grant/node-rethinkdb-job-queue/src/enums.js
FN:114,(anonymous_1)
FNF:1
FNH:1
FNDA:308,(anonymous_1)
DA:1,1
DA:2,1
DA:7,1
DA:15,1
DA:45,1
DA:61,1
DA:67,1
DA:76,1
DA:81,1
DA:113,1
DA:115,308
DA:116,951
LF:12
LH:12
BRF:0
BRH:0
end_of_record
TN:
SF:/home/grant/node-rethinkdb-job-queue/src/logger.js
FN:4,logger
FNF:1
FNH:1
FNDA:36,logger
DA:1,1
DA:2,1
DA:3,1
DA:4,1
DA:5,36
DA:6,0
DA:7,0
DA:8,0
DA:9,0
DA:11,36
LF:10
LH:6
BRDA:5,1,0,0
BRDA:5,1,1,36
BRF:2
BRH:1
end_of_record
TN:
SF:/home/grant/node-rethinkdb-job-queue/src/datetime.js
FN:5,isDate
FN:9,isInteger
FN:15,addMs
FN:26,addMilliseconds
FN:30,addSeconds
FN:34,addMinutes
FN:38,addHours
FN:42,addDays
FN:54,formatDate
FN:65,formatTime
FN:80,format
FNF:11
FNH:11
FNDA:73,isDate
FNDA:146,isInteger
FNDA:73,addMs
FNDA:20,addMilliseconds
FNDA:15,addSeconds
FNDA:14,addMinutes
FNDA:4,addHours
FNDA:20,addDays
FNDA:24,formatDate
FNDA:24,formatTime
FNDA:23,format
DA:3,1
DA:5,1
DA:6,73
DA:9,1
DA:10,146
DA:15,1
DA:16,73
DA:17,29
DA:18,29
DA:20,73
DA:21,73
DA:23,0
DA:26,1
DA:27,20
DA:30,1
DA:31,15
DA:34,1
DA:35,14
DA:38,1
DA:39,4
DA:42,1
DA:43,20
DA:46,1
DA:54,1
DA:55,24
DA:56,24
DA:57,24
DA:58,24
DA:59,24
DA:60,24
DA:63,1
DA:65,1
DA:66,24
DA:67,24
DA:68,24
DA:69,24
DA:70,24
DA:71,24
DA:72,24
DA:73,24
DA:74,24
DA:75,24
DA:78,1
DA:80,1
DA:81,23
DA:84,1
LF:46
LH:45
BRDA:6,1,0,73
BRDA:6,1,1,0
BRDA:10,2,0,146
BRDA:10,2,1,102
BRDA:10,2,2,102
BRDA:16,3,0,29
BRDA:16,3,1,44
BRDA:20,4,0,73
BRDA:20,4,1,0
BRDA:20,5,0,73
BRDA:20,5,1,73
BRDA:57,6,0,22
BRDA:57,6,1,2
BRDA:59,7,0,22
BRDA:59,7,1,2
BRDA:67,8,0,22
BRDA:67,8,1,2
BRDA:69,9,0,0
BRDA:69,9,1,24
BRDA:71,10,0,18
BRDA:71,10,1,6
BRDA:73,11,0,22
BRDA:73,11,1,2
BRDA:74,12,0,22
BRDA:74,12,1,2
BRF:25
BRH:22
end_of_record
TN:
SF:/home/grant/node-rethinkdb-job-queue/src/is.js
FN:5,isObject
FN:11,isFunction
FN:17,isString
FN:23,isNumber
FN:29,isBoolean
FN:35,isTrue
FN:41,isFalse
FN:47,isDate
FN:54,ensureDate
FN:59,isDateBefore
FN:67,isDateAfter
FN:75,isDateBetween
FN:85,isUuid
FN:91,isNan
FN:97,isInteger
FN:103,isArray
FN:109,isError
FN:115,isLog
FN:126,isJob
FN:140,isStatus
FN:147,isRepeating
FN:160,isActive
FN:165,isCompleted
FN:170,isCancelled
FN:175,isFailed
FN:180,isTerminated
FNF:26
FNH:26
FNDA:175,isObject
FNDA:210,isFunction
FNDA:469,isString
FNDA:2737,isNumber
FNDA:1126,isBoolean
FNDA:637,isTrue
FNDA:425,isFalse
FNDA:932,isDate
FNDA:108,ensureDate
FNDA:27,isDateBefore
FNDA:17,isDateAfter
FNDA:10,isDateBetween
FNDA:1468,isUuid
FNDA:216,isNan
FNDA:2280,isInteger
FNDA:1054,isArray
FNDA:7,isError
FNDA:5,isLog
FNDA:663,isJob
FNDA:90,isStatus
FNDA:72,isRepeating
FNDA:40,isActive
FNDA:13,isCompleted
FNDA:15,isCancelled
FNDA:12,isFailed
FNDA:10,isTerminated
DA:1,1
DA:2,1
DA:3,1
DA:5,1
DA:6,175
DA:7,175
DA:9,1
DA:11,1
DA:12,210
DA:13,210
DA:15,1
DA:17,1
DA:18,469
DA:19,469
DA:21,1
DA:23,1
DA:24,2737
DA:25,2737
DA:27,1
DA:29,1
DA:30,1126
DA:31,1126
DA:33,1
DA:35,1
DA:36,637
DA:37,637
DA:39,1
DA:41,1
DA:42,425
DA:43,425
DA:45,1
DA:47,1
DA:48,932
DA:49,932
DA:52,1
DA:54,1
DA:55,108
DA:56,108
DA:59,1
DA:60,27
DA:61,27
DA:62,27
DA:63,27
DA:65,1
DA:67,1
DA:68,17
DA:69,17
DA:70,17
DA:71,17
DA:73,1
DA:75,1
DA:76,10
DA:77,10
DA:78,10
DA:79,10
DA:80,10
DA:81,10
DA:83,1
DA:85,1
DA:86,1468
DA:87,1468
DA:89,1
DA:91,1
DA:92,216
DA:93,216
DA:95,1
DA:97,1
DA:98,2280
DA:99,2280
DA:101,1
DA:103,1
DA:104,1054
DA:105,1054
DA:107,1
DA:109,1
DA:110,7
DA:111,7
DA:113,1
DA:115,1
DA:116,5
DA:117,5
DA:118,5
DA:119,4
DA:120,3
DA:121,2
DA:122,1
DA:124,1
DA:126,1
DA:127,663
DA:128,663
DA:129,584
DA:130,441
DA:131,440
DA:132,439
DA:133,438
DA:134,0
DA:135,438
DA:136,437
DA:138,1
DA:140,1
DA:141,90
DA:142,90
DA:143,55
DA:144,30
DA:147,1
DA:148,72
DA:149,72
DA:150,8
DA:152,64
DA:155,10
DA:157,54
DA:160,1
DA:161,40
DA:162,40
DA:165,1
DA:166,13
DA:167,13
DA:170,1
DA:171,15
DA:172,15
DA:175,1
DA:176,12
DA:177,12
DA:180,1
DA:181,10
DA:182,10
LF:126
LH:125
BRDA:37,1,0,637
BRDA:37,1,1,74
BRDA:43,2,0,425
BRDA:43,2,1,12
BRDA:49,3,0,932
BRDA:49,3,1,20
BRDA:56,4,0,98
BRDA:56,4,1,10
BRDA:79,5,0,0
BRDA:79,5,1,10
BRDA:80,6,0,0
BRDA:80,6,1,10
BRDA:81,7,0,10
BRDA:81,7,1,9
BRDA:99,8,0,2280
BRDA:99,8,1,213
BRDA:99,8,2,213
BRDA:117,9,0,0
BRDA:117,9,1,5
BRDA:118,10,0,1
BRDA:118,10,1,4
BRDA:119,11,0,1
BRDA:119,11,1,3
BRDA:120,12,0,1
BRDA:120,12,1,2
BRDA:121,13,0,1
BRDA:121,13,1,1
BRDA:128,14,0,79
BRDA:128,14,1,584
BRDA:129,15,0,143
BRDA:129,15,1,441
BRDA:130,16,0,1
BRDA:130,16,1,440
BRDA:131,17,0,1
BRDA:131,17,1,439
BRDA:132,18,0,1
BRDA:132,18,1,438
BRDA:133,19,0,0
BRDA:133,19,1,438
BRDA:133,20,0,438
BRDA:133,20,1,29
BRDA:135,21,0,1
BRDA:135,21,1,437
BRDA:142,22,0,35
BRDA:142,22,1,55
BRDA:143,23,0,25
BRDA:143,23,1,30
BRDA:149,24,0,8
BRDA:149,24,1,64
BRDA:152,25,0,10
BRDA:152,25,1,54
BRDA:152,26,0,64
BRDA:152,26,1,14
BRDA:152,26,2,13
BRF:54
BRH:50
end_of_record
TN:
SF:/home/grant/node-rethinkdb-job-queue/src/db-driver.js
FN:6,dbDriver
FNF:1
FNH:1
FNDA:54,dbDriver
DA:1,1
DA:2,1
DA:3,1
DA:4,1
DA:6,1
DA:7,54
DA:8,54
DA:9,54
DA:11,54
DA:15,52
DA:16,52
DA:17,52
DA:19,52
DA:21,52
DA:23,52
DA:26,2
DA:27,1
DA:28,1
DA:31,1
LF:19
LH:19
BRDA:8,1,0,52
BRDA:8,1,1,2
BRDA:11,2,0,52
BRDA:11,2,1,2
BRDA:11,3,0,54
BRDA:11,3,1,52
BRDA:11,3,2,4
BRDA:11,3,3,3
BRDA:17,4,0,4
BRDA:17,4,1,48
BRDA:19,5,0,3
BRDA:19,5,1,49
BRDA:21,6,0,3
BRDA:21,6,1,49
BRDA:26,7,0,1
BRDA:26,7,1,1
BRF:16
BRH:16
end_of_record
TN:
SF:/home/grant/node-rethinkdb-job-queue/src/db-assert-database.js
FN:4,assertDatabase
FNF:1
FNH:1
FNDA:45,assertDatabase
DA:1,1
DA:2,1
DA:4,1
DA:5,45
DA:6,45
DA:7,45
DA:10,45
DA:18,45
DA:21,45
LF:9
LH:9
BRDA:18,1,0,0
BRDA:18,1,1,45
BRF:2
BRH:1
end_of_record
TN:
SF:/home/grant/node-rethinkdb-job-queue/src/db-assert-table.js
FN:4,assertTable
FNF:1
FNH:1
FNDA:45,assertTable
DA:1,1
DA:2,1
DA:4,1
DA:5,45
DA:6,45
DA:7,45
DA:11,45
DA:19,45
DA:23,45
DA:25,45
DA:26,45
LF:11
LH:11
BRDA:19,1,0,2
BRDA:19,1,1,43
BRF:2
BRH:2
end_of_record
TN:
SF:/home/grant/node-rethinkdb-job-queue/src/db-assert-index.js
FN:5,createIndexActiveDateEnable
FN:18,(anonymous_2)
FN:28,createIndexInactivePriorityDateCreated
FN:41,(anonymous_4)
FN:61,createIndexFinishedDateFinished
FN:74,(anonymous_6)
FN:88,createIndexStatus
FN:105,assertIndex
FNF:8
FNH:8
FNDA:45,createIndexActiveDateEnable
FNDA:2,(anonymous_2)
FNDA:45,createIndexInactivePriorityDateCreated
FNDA:2,(anonymous_4)
FNDA:45,createIndexFinishedDateFinished
FNDA:2,(anonymous_6)
FNDA:45,createIndexStatus
FNDA:45,assertIndex
DA:1,1
DA:2,1
DA:3,1
DA:5,1
DA:6,45
DA:7,45
DA:8,45
DA:9,45
DA:15,45
DA:16,43
DA:18,2
DA:19,2
DA:28,1
DA:29,45
DA:30,45
DA:31,45
DA:32,45
DA:38,45
DA:39,43
DA:41,2
DA:42,2
DA:61,1
DA:62,45
DA:63,45
DA:64,45
DA:65,45
DA:71,45
DA:72,43
DA:74,2
DA:75,2
DA:88,1
DA:89,45
DA:90,45
DA:91,45
DA:92,45
DA:98,45
DA:99,43
DA:101,2
DA:105,1
DA:106,45
DA:107,45
DA:113,45
DA:114,45
DA:116,45
DA:117,45
LF:45
LH:45
BRDA:15,1,0,43
BRDA:15,1,1,2
BRDA:38,2,0,43
BRDA:38,2,1,2
BRDA:71,3,0,43
BRDA:71,3,1,2
BRDA:98,4,0,43
BRDA:98,4,1,2
BRF:8
BRH:8
end_of_record
TN:
SF:/home/grant/node-rethinkdb-job-queue/src/db-assert.js
FN:7,dbAssert
FNF:1
FNH:1
FNDA:44,dbAssert
DA:1,1
DA:2,1
DA:3,1
DA:4,1
DA:5,1
DA:7,1
DA:8,44
DA:14,44
DA:15,44
DA:17,44
DA:18,44
DA:20,44
DA:22,44
LF:13
LH:13
BRDA:15,1,0,33
BRDA:15,1,1,11
BRF:2
BRH:2
end_of_record
TN:
SF:/home/grant/node-rethinkdb-job-queue/src/db-result.js
FN:6,getResultError
FN:13,getJobsData
FN:38,toJob
FN:47,toIds
FN:56,status
FNF:5
FNH:5
FNDA:2,getResultError
FNDA:316,getJobsData
FNDA:236,toJob
FNDA:80,toIds
FNDA:64,status
DA:1,1
DA:2,1
DA:3,1
DA:4,1
DA:6,1
DA:7,2
DA:8,2
DA:9,2
DA:10,2
DA:13,1
DA:14,316
DA:15,316
DA:16,316
DA:17,315
DA:18,2
DA:20,313
DA:21,88
DA:23,225
DA:24,186
DA:25,303
DA:28,39
DA:29,2
DA:31,37
DA:32,2
DA:34,35
DA:38,1
DA:39,236
DA:40,236
DA:41,235
DA:42,300
DA:47,1
DA:48,80
DA:49,80
DA:50,79
DA:51,91
DA:56,1
DA:57,64
DA:58,64
DA:59,64
DA:60,64
LF:40
LH:40
BRDA:16,1,0,1
BRDA:16,1,1,315
BRDA:17,2,0,2
BRDA:17,2,1,313
BRDA:20,3,0,88
BRDA:20,3,1,225
BRDA:23,4,0,186
BRDA:23,4,1,39
BRDA:28,5,0,2
BRDA:28,5,1,37
BRDA:31,6,0,2
BRDA:31,6,1,35
BRDA:58,7,0,0
BRDA:58,7,1,64
BRDA:59,8,0,40
BRDA:59,8,1,24
BRF:16
BRH:15
end_of_record
TN:
SF:/home/grant/node-rethinkdb-job-queue/src/queue.js
FN:24,(anonymous_1)
FN:58,(anonymous_2)
FN:59,(anonymous_3)
FN:60,(anonymous_4)
FN:61,(anonymous_5)
FN:62,(anonymous_6)
FN:63,(anonymous_7)
FN:64,(anonymous_8)
FN:65,(anonymous_9)
FN:66,(anonymous_10)
FN:67,(anonymous_11)
FN:68,(anonymous_12)
FN:69,(anonymous_13)
FN:70,(anonymous_14)
FN:71,(anonymous_15)
FN:72,(anonymous_16)
FN:74,(anonymous_17)
FN:79,(anonymous_18)
FN:90,(anonymous_19)
FN:96,(anonymous_20)
FN:107,(anonymous_21)
FN:118,(anonymous_22)
FN:129,(anonymous_23)
FN:140,(anonymous_24)
FN:151,(anonymous_25)
FN:162,(anonymous_26)
FN:173,(anonymous_27)
FN:184,(anonymous_28)
FN:189,(anonymous_29)
FN:200,(anonymous_30)
FN:211,(anonymous_31)
FN:222,(anonymous_32)
FN:233,(anonymous_33)
FNF:33
FNH:32
FNDA:36,(anonymous_1)
FNDA:905,(anonymous_2)
FNDA:2921,(anonymous_3)
FNDA:1,(anonymous_4)
FNDA:1,(anonymous_5)
FNDA:867,(anonymous_6)
FNDA:2787,(anonymous_7)
FNDA:44,(anonymous_8)
FNDA:138,(anonymous_9)
FNDA:29,(anonymous_10)
FNDA:144,(anonymous_11)
FNDA:94,(anonymous_12)
FNDA:810,(anonymous_13)
FNDA:281,(anonymous_14)
FNDA:126,(anonymous_15)
FNDA:58,(anonymous_16)
FNDA:3,(anonymous_17)
FNDA:4,(anonymous_18)
FNDA:435,(anonymous_19)
FNDA:44,(anonymous_20)
FNDA:70,(anonymous_21)
FNDA:2,(anonymous_22)
FNDA:5,(anonymous_23)
FNDA:5,(anonymous_24)
FNDA:3,(anonymous_25)
FNDA:0,(anonymous_26)
FNDA:7,(anonymous_27)
FNDA:385,(anonymous_28)
FNDA:57,(anonymous_29)
FNDA:18,(anonymous_30)
FNDA:41,(anonymous_31)
FNDA:33,(anonymous_32)
FNDA:1,(anonymous_33)
DA:1,1
DA:2,1
DA:3,1
DA:4,1
DA:5,1
DA:6,1
DA:7,1
DA:8,1
DA:9,1
DA:10,1
DA:11,1
DA:12,1
DA:13,1
DA:14,1
DA:15,1
DA:16,1
DA:17,1
DA:18,1
DA:19,1
DA:20,1
DA:25,36
DA:26,36
DA:28,36
DA:29,36
DA:33,36
DA:34,36
DA:35,36
DA:36,36
DA:37,36
DA:38,36
DA:40,36
DA:42,36
DA:44,36
DA:45,36
DA:46,36
DA:47,36
DA:48,36
DA:50,36
DA:52,36
DA:54,36
DA:55,36
DA:58,905
DA:59,2921
DA:60,1
DA:61,1
DA:62,867
DA:63,2787
DA:64,44
DA:65,138
DA:66,29
DA:67,144
DA:68,94
DA:69,810
DA:70,281
DA:71,126
DA:72,58
DA:75,3
DA:76,3
DA:80,4
DA:81,4
DA:82,3
DA:83,3
DA:84,3
DA:85,3
DA:87,1
DA:91,435
DA:92,435
DA:93,435
DA:97,44
DA:98,44
DA:99,44
DA:101,0
DA:102,0
DA:103,0
DA:108,70
DA:109,70
DA:110,70
DA:112,0
DA:113,0
DA:114,0
DA:119,2
DA:120,2
DA:121,2
DA:123,0
DA:124,0
DA:125,0
DA:130,5
DA:131,5
DA:132,5
DA:134,0
DA:135,0
DA:136,0
DA:141,5
DA:142,5
DA:143,5
DA:145,0
DA:146,0
DA:147,0
DA:152,3
DA:153,3
DA:154,3
DA:156,0
DA:157,0
DA:158,0
DA:163,0
DA:164,0
DA:165,0
DA:167,0
DA:168,0
DA:169,0
DA:174,7
DA:175,7
DA:176,7
DA:178,0
DA:179,0
DA:180,0
DA:185,385
DA:186,385
DA:190,57
DA:191,57
DA:192,57
DA:194,0
DA:195,0
DA:196,0
DA:201,18
DA:202,18
DA:203,18
DA:205,0
DA:206,0
DA:207,0
DA:212,41
DA:213,41
DA:214,41
DA:216,0
DA:217,0
DA:218,0
DA:223,33
DA:224,33
DA:225,33
DA:227,0
DA:228,0
DA:229,0
DA:234,1
DA:235,1
DA:236,0
DA:237,0
DA:238,0
DA:243,1
LF:148
LH:106
BRDA:28,1,0,36
BRDA:28,1,1,0
BRDA:29,2,0,36
BRDA:29,2,1,0
BRDA:40,3,0,3
BRDA:40,3,1,33
BRDA:42,4,0,36
BRDA:42,4,1,0
BRDA:48,5,0,36
BRDA:48,5,1,0
BRDA:50,6,0,31
BRDA:50,6,1,5
BRDA:52,7,0,36
BRDA:52,7,1,0
BRDA:81,8,0,3
BRDA:81,8,1,1
BRDA:81,9,0,4
BRDA:81,9,1,2
BRDA:92,10,0,135
BRDA:92,10,1,300
BRF:20
BRH:15
end_of_record
TN:
SF:/home/grant/node-rethinkdb-job-queue/src/job.js
FN:12,(anonymous_1)
FN:56,(anonymous_2)
FN:64,(anonymous_3)
FN:73,(anonymous_4)
FN:82,(anonymous_5)
FN:91,(anonymous_6)
FN:100,(anonymous_7)
FN:108,(anonymous_8)
FN:116,(anonymous_9)
FN:127,(anonymous_10)
FN:138,(anonymous_11)
FN:148,(anonymous_12)
FN:162,(anonymous_13)
FNF:13
FNH:13
FNDA:461,(anonymous_1)
FNDA:14,(anonymous_2)
FNDA:3,(anonymous_3)
FNDA:3,(anonymous_4)
FNDA:3,(anonymous_5)
FNDA:9,(anonymous_6)
FNDA:5,(anonymous_7)
FNDA:8,(anonymous_8)
FNDA:5,(anonymous_9)
FNDA:6,(anonymous_10)
FNDA:158,(anonymous_11)
FNDA:2,(anonymous_12)
FNDA:11,(anonymous_13)
DA:1,1
DA:2,1
DA:3,1
DA:4,1
DA:5,1
DA:6,1
DA:7,1
DA:8,1
DA:13,461
DA:14,461
DA:15,461
DA:16,461
DA:18,461
DA:19,301
DA:20,301
DA:21,301
DA:23,160
DA:25,160
DA:26,160
DA:27,160
DA:28,160
DA:29,160
DA:30,160
DA:31,160
DA:32,160
DA:33,160
DA:34,160
DA:35,160
DA:36,160
DA:37,160
DA:38,160
DA:39,160
DA:40,160
DA:41,160
DA:42,160
DA:43,160
DA:45,160
DA:46,1
DA:48,159
DA:49,22
DA:51,137
DA:57,14
DA:58,13
DA:59,13
DA:61,1
DA:65,3
DA:67,2
DA:68,2
DA:70,1
DA:74,3
DA:76,2
DA:77,2
DA:79,1
DA:83,3
DA:85,2
DA:86,2
DA:88,1
DA:92,9
DA:94,7
DA:95,7
DA:97,2
DA:101,5
DA:102,3
DA:103,3
DA:105,2
DA:109,8
DA:110,7
DA:111,7
DA:113,1
DA:117,5
DA:118,5
DA:119,5
DA:121,0
DA:122,0
DA:123,0
DA:128,6
DA:129,6
DA:130,6
DA:132,0
DA:133,0
DA:134,0
DA:139,158
DA:140,158
DA:141,158
DA:142,157
DA:144,158
DA:145,158
DA:152,2
DA:153,2
DA:154,2
DA:156,0
DA:157,0
DA:158,0
DA:163,11
DA:167,1
LF:95
LH:86
BRDA:18,1,0,301
BRDA:18,1,1,160
BRDA:45,2,0,1
BRDA:45,2,1,159
BRDA:48,3,0,22
BRDA:48,3,1,137
BRDA:48,4,0,159
BRDA:48,4,1,158
BRDA:57,5,0,13
BRDA:57,5,1,1
BRDA:65,6,0,2
BRDA:65,6,1,1
BRDA:65,7,0,3
BRDA:65,7,1,2
BRDA:74,8,0,2
BRDA:74,8,1,1
BRDA:74,9,0,3
BRDA:74,9,1,2
BRDA:83,10,0,2
BRDA:83,10,1,1
BRDA:83,11,0,3
BRDA:83,11,1,2
BRDA:92,12,0,7
BRDA:92,12,1,2
BRDA:92,13,0,9
BRDA:92,13,1,5
BRDA:92,13,2,4
BRDA:101,14,0,3
BRDA:101,14,1,2
BRDA:101,15,0,5
BRDA:101,15,1,4
BRDA:109,16,0,7
BRDA:109,16,1,1
BRDA:141,17,0,157
BRDA:141,17,1,1
BRF:35
BRH:35
end_of_record
TN:
SF:/home/grant/node-rethinkdb-job-queue/src/job-options.js
FN:5,jobOptions
FNF:1
FNH:1
FNDA:209,jobOptions
DA:1,1
DA:2,1
DA:3,1
DA:5,1
DA:6,209
DA:8,209
DA:9,209
DA:10,209
DA:11,209
DA:12,209
DA:13,209
DA:14,209
DA:16,209
DA:17,11
DA:20,209
DA:21,11
DA:24,209
DA:25,11
DA:28,209
DA:29,11
DA:32,209
DA:35,11
DA:38,209
DA:39,11
DA:42,209
DA:43,4
DA:46,209
DA:47,4
DA:50,209
DA:51,4
DA:54,209
DA:55,4
DA:58,209
DA:61,4
DA:64,209
DA:65,4
DA:68,209
LF:37
LH:37
BRDA:16,1,0,11
BRDA:16,1,1,198
BRDA:20,2,0,11
BRDA:20,2,1,198
BRDA:20,3,0,209
BRDA:20,3,1,11
BRDA:24,4,0,11
BRDA:24,4,1,198
BRDA:24,5,0,209
BRDA:24,5,1,11
BRDA:28,6,0,11
BRDA:28,6,1,198
BRDA:28,7,0,209
BRDA:28,7,1,11
BRDA:32,8,0,11
BRDA:32,8,1,198
BRDA:32,9,0,209
BRDA:32,9,1,209
BRDA:32,9,2,205
BRDA:32,9,3,7
BRDA:38,10,0,11
BRDA:38,10,1,198
BRDA:38,11,0,209
BRDA:38,11,1,11
BRDA:42,12,0,4
BRDA:42,12,1,205
BRDA:46,13,0,4
BRDA:46,13,1,205
BRDA:46,14,0,209
BRDA:46,14,1,5
BRDA:50,15,0,4
BRDA:50,15,1,205
BRDA:50,16,0,209
BRDA:50,16,1,5
BRDA:54,17,0,4
BRDA:54,17,1,205
BRDA:54,18,0,209
BRDA:54,18,1,5
BRDA:58,19,0,4
BRDA:58,19,1,205
BRDA:58,20,0,209
BRDA:58,20,1,209
BRDA:58,20,2,207
BRDA:58,20,3,3
BRDA:64,21,0,4
BRDA:64,21,1,205
BRDA:64,22,0,209
BRDA:64,22,1,5
BRF:48
BRH:48
end_of_record
TN:
SF:/home/grant/node-rethinkdb-job-queue/src/job-progress.js
FN:8,jobProgress
FNF:1
FNH:1
FNDA:12,jobProgress
DA:1,1
DA:2,1
DA:3,1
DA:4,1
DA:5,1
DA:6,1
DA:8,1
DA:9,12
DA:10,12
DA:11,1
DA:12,1
DA:14,11
DA:15,11
DA:17,11
DA:18,11
DA:23,11
DA:28,11
DA:37,11
DA:39,11
DA:40,11
DA:41,11
LF:21
LH:21
BRDA:10,1,0,1
BRDA:10,1,1,11
BRDA:14,2,0,2
BRDA:14,2,1,9
BRDA:14,3,0,11
BRDA:14,3,1,10
BRDA:14,3,2,10
BRDA:15,4,0,1
BRDA:15,4,1,10
BRF:9
BRH:9
end_of_record
TN:
SF:/home/grant/node-rethinkdb-job-queue/src/job-log.js
FN:5,createLogObject
FN:24,addLog
FN:51,(anonymous_3)
FNF:3
FNH:3
FNDA:220,createLogObject
FNDA:6,addLog
FNDA:11,(anonymous_3)
DA:1,1
DA:2,1
DA:3,1
DA:5,1
DA:10,220
DA:11,220
DA:22,1
DA:24,1
DA:29,6
DA:31,6
DA:33,6
DA:34,0
DA:36,6
DA:37,6
DA:44,6
DA:45,6
DA:46,6
DA:47,6
DA:51,1
DA:52,11
DA:53,11
DA:54,11
DA:55,47
DA:56,47
DA:57,47
DA:60,11
LF:26
LH:25
BRDA:33,1,0,0
BRDA:33,1,1,6
BRDA:55,2,0,47
BRDA:55,2,1,0
BRF:4
BRH:2
end_of_record
TN:
SF:/home/grant/node-rethinkdb-job-queue/src/job-update.js
FN:7,jobUpdate
FNF:1
FNH:1
FNDA:7,jobUpdate
DA:1,1
DA:2,1
DA:3,1
DA:4,1
DA:5,1
DA:7,1
DA:8,7
DA:10,7
DA:11,7
DA:13,7
DA:14,7
DA:15,7
DA:19,7
DA:20,7
DA:22,7
DA:27,7
DA:28,7
DA:29,7
DA:30,7
LF:19
LH:19
BRF:0
BRH:0
end_of_record
TN:
SF:/home/grant/node-rethinkdb-job-queue/src/queue-get-job.js
FN:6,queueGetJob
FNF:1
FNH:1
FNDA:82,queueGetJob
DA:1,1
DA:2,1
DA:3,1
DA:4,1
DA:6,1
DA:7,82
DA:8,82
DA:9,82
DA:11,81
DA:17,81
DA:18,81
LF:11
LH:11
BRF:0
BRH:0
end_of_record
TN:
SF:/home/grant/node-rethinkdb-job-queue/src/job-parse.js
FN:5,jobParseId
FN:24,jobParseJob
FNF:2
FNH:2
FNDA:115,jobParseId
FNDA:72,jobParseJob
DA:1,1
DA:2,1
DA:3,1
DA:5,1
DA:6,115
DA:7,115
DA:8,111
DA:9,111
DA:10,111
DA:11,151
DA:12,3
DA:14,148
DA:15,97
DA:17,148
DA:18,51
DA:21,108
DA:24,1
DA:25,72
DA:26,72
DA:27,69
DA:28,69
DA:29,69
DA:30,150
DA:31,150
DA:32,150
DA:33,150
DA:34,150
DA:35,150
DA:36,150
DA:37,150
DA:38,150
DA:39,150
DA:40,150
DA:41,3
DA:43,150
DA:44,3
DA:46,150
DA:47,1
DA:49,150
DA:50,150
DA:51,135
DA:53,15
DA:56,54
LF:43
LH:43
BRDA:7,1,0,4
BRDA:7,1,1,111
BRDA:8,2,0,20
BRDA:8,2,1,91
BRDA:11,3,0,3
BRDA:11,3,1,148
BRDA:11,4,0,151
BRDA:11,4,1,54
BRDA:14,5,0,97
BRDA:14,5,1,51
BRDA:17,6,0,51
BRDA:17,6,1,97
BRDA:26,7,0,3
BRDA:26,7,1,69
BRDA:27,8,0,19
BRDA:27,8,1,50
BRDA:31,9,0,3
BRDA:31,9,1,147
BRDA:32,10,0,3
BRDA:32,10,1,147
BRDA:33,11,0,3
BRDA:33,11,1,147
BRDA:34,12,0,1
BRDA:34,12,1,149
BRDA:35,13,0,1
BRDA:35,13,1,149
BRDA:36,14,0,1
BRDA:36,14,1,149
BRDA:37,15,0,1
BRDA:37,15,1,149
BRDA:38,16,0,3
BRDA:38,16,1,147
BRDA:39,17,0,3
BRDA:39,17,1,147
BRDA:40,18,0,3
BRDA:40,18,1,147
BRDA:43,19,0,3
BRDA:43,19,1,147
BRDA:46,20,0,1
BRDA:46,20,1,149
BRDA:46,21,0,150
BRDA:46,21,1,150
BRDA:49,22,0,3
BRDA:49,22,1,147
BRDA:50,23,0,135
BRDA:50,23,1,15
BRF:46
BRH:46
end_of_record
TN:
SF:/home/grant/node-rethinkdb-job-queue/src/db-review.js
FN:11,updateFailedJobs
FN:58,removeFinishedJobsBasedOnTime
FN:70,removeFinishedJobsBasedOnNow
FN:79,removeFinishedJobs
FN:97,runReviewTasks
FN:116,enable
FN:127,disable
FN:136,run
FN:141,reviewIsEnabled
FNF:9
FNH:9
FNDA:11,updateFailedJobs
FNDA:7,removeFinishedJobsBasedOnTime
FNDA:3,removeFinishedJobsBasedOnNow
FNDA:11,removeFinishedJobs
FNDA:11,runReviewTasks
FNDA:13,enable
FNDA:16,disable
FNDA:9,run
FNDA:20,reviewIsEnabled
DA:1,2
DA:2,2
DA:3,2
DA:4,2
DA:5,2
DA:6,2
DA:7,2
DA:8,2
DA:9,2
DA:11,1
DA:12,11
DA:14,11
DA:15,11
DA:53,11
DA:54,11
DA:58,1
DA:59,7
DA:60,7
DA:70,1
DA:71,3
DA:72,3
DA:79,1
DA:80,11
DA:82,11
DA:83,1
DA:86,10
DA:87,10
DA:88,3
DA:90,7
DA:92,10
DA:93,10
DA:97,1
DA:98,11
DA:99,11
DA:103,11
DA:104,11
DA:105,11
DA:106,11
DA:107,11
DA:112,11
DA:116,2
DA:117,13
DA:118,13
DA:119,13
DA:120,13
DA:121,2
DA:124,13
DA:127,2
DA:128,16
DA:129,16
DA:130,13
DA:131,13
DA:133,16
DA:136,2
DA:137,9
DA:138,9
DA:141,2
DA:142,20
DA:143,20
LF:59
LH:59
BRDA:82,1,0,1
BRDA:82,1,1,10
BRDA:82,2,0,11
BRDA:82,2,1,10
BRDA:87,3,0,3
BRDA:87,3,1,7
BRDA:118,4,0,13
BRDA:118,4,1,0
BRDA:129,5,0,13
BRDA:129,5,1,3
BRF:10
BRH:9
end_of_record
TN:
SF:/home/grant/node-rethinkdb-job-queue/src/queue-process.js
FN:13,addJobTimeout
FN:24,addOnCancelHandler
FN:36,removeJobTimeoutAndOnCancelHandler
FN:46,onCancelJob
FN:58,restartJobTimeout
FN:70,jobRun
FN:74,nextHandler
FN:109,timeoutHandler
FN:122,jobTick
FN:130,getNextJobCleanup
FN:172,queueProcessAddHandler
FN:195,queueProcessRestart
FNF:12
FNH:12
FNDA:54,addJobTimeout
FNDA:47,addOnCancelHandler
FNDA:54,removeJobTimeoutAndOnCancelHandler
FNDA:4,onCancelJob
FNDA:4,restartJobTimeout
FNDA:54,jobRun
FNDA:59,nextHandler
FNDA:6,timeoutHandler
FNDA:111,jobTick
FNDA:66,getNextJobCleanup
FNDA:5,queueProcessAddHandler
FNDA:87,queueProcessRestart
DA:1,1
DA:2,1
DA:3,1
DA:4,1
DA:5,1
DA:6,1
DA:7,1
DA:8,1
DA:9,1
DA:10,1
DA:11,1
DA:13,1
DA:14,54
DA:15,54
DA:16,54
DA:21,54
DA:24,1
DA:25,47
DA:26,47
DA:27,47
DA:29,0
DA:30,0
DA:31,0
DA:32,0
DA:36,1
DA:37,54
DA:38,54
DA:39,54
DA:40,54
DA:41,54
DA:43,54
DA:46,1
DA:47,4
DA:48,4
DA:49,1
DA:50,1
DA:51,1
DA:53,1
DA:54,1
DA:58,1
DA:59,4
DA:60,4
DA:61,4
DA:62,2
DA:63,2
DA:64,2
DA:70,1
DA:71,54
DA:72,54
DA:74,1
DA:75,59
DA:76,59
DA:78,59
DA:79,6
DA:81,53
DA:83,53
DA:85,53
DA:86,53
DA:87,7
DA:88,7
DA:89,1
DA:91,6
DA:94,46
DA:95,46
DA:98,53
DA:99,53
DA:100,53
DA:101,53
DA:103,0
DA:104,0
DA:105,0
DA:109,1
DA:110,6
DA:111,6
DA:112,6
DA:115,54
DA:116,54
DA:117,54
DA:118,54
DA:119,54
DA:122,1
DA:123,111
DA:124,111
DA:125,111
DA:126,111
DA:127,111
DA:128,111
DA:130,1
DA:131,66
DA:132,66
DA:133,66
DA:134,66
DA:135,66
DA:136,66
DA:138,12
DA:139,12
DA:141,54
DA:143,19
DA:144,19
DA:155,66
DA:156,66
DA:157,66
DA:158,66
DA:159,33
DA:160,54
DA:162,66
DA:163,66
DA:165,0
DA:166,0
DA:167,0
DA:168,0
DA:172,1
DA:173,5
DA:175,5
DA:176,1
DA:179,4
DA:180,4
DA:181,4
DA:182,4
DA:186,4
DA:187,4
DA:188,3
DA:190,4
DA:191,4
DA:195,1
DA:196,87
DA:197,87
DA:198,41
DA:199,41
LF:129
LH:118
BRDA:26,1,0,47
BRDA:26,1,1,0
BRDA:38,2,0,54
BRDA:38,2,1,0
BRDA:48,3,0,1
BRDA:48,3,1,3
BRDA:61,4,0,2
BRDA:61,4,1,2
BRDA:78,5,0,6
BRDA:78,5,1,53
BRDA:86,6,0,7
BRDA:86,6,1,46
BRDA:88,7,0,1
BRDA:88,7,1,6
BRDA:127,8,0,27
BRDA:127,8,1,84
BRDA:128,9,0,45
BRDA:128,9,1,66
BRDA:128,10,0,111
BRDA:128,10,1,93
BRDA:136,11,0,12
BRDA:136,11,1,54
BRDA:136,12,0,66
BRDA:136,12,1,59
BRDA:141,13,0,19
BRDA:141,13,1,35
BRDA:141,14,0,54
BRDA:141,14,1,19
BRDA:158,15,0,33
BRDA:158,15,1,33
BRDA:175,16,0,1
BRDA:175,16,1,4
BRDA:187,17,0,1
BRDA:187,17,1,3
BRDA:197,18,0,46
BRDA:197,18,1,41
BRDA:198,19,0,41
BRDA:198,19,1,0
BRF:38
BRH:35
end_of_record
TN:
SF:/home/grant/node-rethinkdb-job-queue/src/queue-get-next-job.js
FN:6,queueGetNextJob
FNF:1
FNH:1
FNDA:83,queueGetNextJob
DA:1,1
DA:2,1
DA:3,1
DA:4,1
DA:6,1
DA:7,83
DA:8,83
DA:9,83
DA:10,83
DA:11,83
DA:12,2
DA:14,81
DA:15,81
DA:41,81
DA:42,81
DA:44,81
DA:45,73
DA:46,73
DA:48,81
LF:19
LH:19
BRDA:11,1,0,2
BRDA:11,1,1,81
BRF:2
BRH:2
end_of_record
TN:
SF:/home/grant/node-rethinkdb-job-queue/src/job-completed.js
FN:8,completed
FNF:1
FNH:1
FNDA:53,completed
DA:1,1
DA:2,1
DA:3,1
DA:4,1
DA:5,1
DA:6,1
DA:8,1
DA:9,53
DA:10,53
DA:11,53
DA:12,53
DA:13,53
DA:14,53
DA:15,53
DA:17,53
DA:18,53
DA:20,53
DA:21,53
DA:37,53
DA:38,53
DA:40,53
DA:41,53
DA:42,53
DA:43,1
DA:44,1
DA:47,52
LF:26
LH:26
BRDA:11,1,0,13
BRDA:11,1,1,40
BRDA:13,2,0,13
BRDA:13,2,1,40
BRDA:15,3,0,46
BRDA:15,3,1,7
BRDA:42,4,0,1
BRDA:42,4,1,52
BRDA:42,5,0,53
BRDA:42,5,1,40
BRF:10
BRH:10
end_of_record
TN:
SF:/home/grant/node-rethinkdb-job-queue/src/queue-cancel-job.js
FN:8,cancelJob
FNF:1
FNH:1
FNDA:9,cancelJob
DA:1,1
DA:2,1
DA:3,1
DA:4,1
DA:5,1
DA:6,1
DA:8,1
DA:9,9
DA:11,9
DA:12,9
DA:14,9
DA:32,9
DA:33,9
DA:35,9
DA:36,17
DA:37,17
DA:39,9
DA:40,1
DA:41,1
DA:42,1
DA:45,8
LF:21
LH:21
BRDA:39,1,0,1
BRDA:39,1,1,8
BRF:2
BRH:2
end_of_record
TN:
SF:/home/grant/node-rethinkdb-job-queue/src/job-failed.js
FN:10,failed
FNF:1
FNH:1
FNDA:13,failed
DA:1,1
DA:2,1
DA:3,1
DA:4,1
DA:5,1
DA:6,1
DA:7,1
DA:8,1
DA:10,1
DA:11,13
DA:12,13
DA:14,13
DA:15,13
DA:16,13
DA:17,13
DA:19,13
DA:21,13
DA:22,8
DA:23,8
DA:24,8
DA:25,8
DA:28,13
DA:29,1
DA:30,1
DA:31,1
DA:34,13
DA:35,13
DA:36,13
DA:37,13
DA:39,13
DA:41,13
DA:46,13
DA:47,13
DA:49,13
DA:52,13
DA:53,13
DA:66,13
DA:67,13
DA:69,13
DA:70,9
DA:71,9
DA:73,4
DA:74,4
DA:76,13
DA:79,1
DA:80,1
DA:83,12
LF:47
LH:47
BRDA:21,1,0,8
BRDA:21,1,1,5
BRDA:28,2,0,1
BRDA:28,2,1,12
BRDA:28,3,0,13
BRDA:28,3,1,5
BRDA:37,4,0,6
BRDA:37,4,1,7
BRDA:47,5,0,13
BRDA:47,5,1,0
BRDA:47,6,0,13
BRDA:47,6,1,13
BRDA:49,7,0,13
BRDA:49,7,1,0
BRDA:49,8,0,13
BRDA:49,8,1,13
BRDA:69,9,0,9
BRDA:69,9,1,4
BRDA:69,10,0,13
BRDA:69,10,1,5
BRDA:76,11,0,1
BRDA:76,11,1,12
BRDA:76,12,0,13
BRDA:76,12,1,5
BRDA:76,12,2,4
BRF:25
BRH:23
end_of_record
TN:
SF:/home/grant/node-rethinkdb-job-queue/src/queue-state.js
FN:4,queueState
FNF:1
FNH:1
FNDA:13,queueState
DA:1,1
DA:2,1
DA:4,1
DA:5,13
DA:6,13
DA:7,13
DA:15,13
DA:16,13
LF:8
LH:8
BRF:0
BRH:0
end_of_record
TN:
SF:/home/grant/node-rethinkdb-job-queue/src/queue-db.js
FN:11,dbAttach
FN:49,dbDetach
FN:68,drain
FNF:3
FNH:3
FNDA:43,dbAttach
FNDA:47,dbDetach
FNDA:43,drain
DA:1,1
DA:2,1
DA:3,1
DA:4,1
DA:5,1
DA:6,1
DA:7,1
DA:8,1
DA:9,1
DA:11,1
DA:12,43
DA:13,43
DA:14,43
DA:15,43
DA:16,43
DA:17,43
DA:24,43
DA:25,43
DA:26,41
DA:27,41
DA:28,41
DA:29,487
DA:33,2
DA:34,2
DA:36,43
DA:37,11
DA:38,11
DA:40,32
DA:42,43
DA:43,43
DA:44,43
DA:46,43
DA:49,1
DA:50,47
DA:51,47
DA:52,47
DA:53,41
DA:54,41
DA:55,41
DA:56,41
DA:58,6
DA:60,47
DA:61,15
DA:62,15
DA:64,32
DA:68,1
DA:69,43
DA:70,43
DA:71,43
DA:72,43
DA:74,43
DA:75,43
DA:77,43
DA:78,236
DA:80,43
LF:55
LH:55
BRDA:25,1,0,41
BRDA:25,1,1,2
BRDA:36,2,0,11
BRDA:36,2,1,32
BRDA:52,3,0,41
BRDA:52,3,1,6
BRDA:60,4,0,15
BRDA:60,4,1,32
BRF:8
BRH:8
end_of_record
TN:
SF:/home/grant/node-rethinkdb-job-queue/src/queue-change.js
FN:22,restartProcessing
FN:24,randomRestart
FN:29,queueChange
FNF:3
FNH:3
FNDA:7,restartProcessing
FNDA:7,randomRestart
FNDA:487,queueChange
DA:1,1
DA:2,1
DA:3,1
DA:4,1
DA:5,1
DA:6,1
DA:22,1
DA:23,7
DA:24,7
DA:25,7
DA:29,1
DA:30,487
DA:32,487
DA:33,487
DA:35,487
DA:36,487
DA:37,487
DA:38,487
DA:39,0
DA:40,0
DA:44,487
DA:45,454
DA:46,454
DA:49,33
DA:51,33
DA:52,33
DA:53,33
DA:54,33
DA:57,33
DA:59,3
DA:61,30
DA:62,5
DA:63,5
DA:64,5
DA:65,1
DA:66,1
DA:68,4
DA:69,1
DA:70,1
DA:72,3
DA:73,3
DA:74,3
DA:75,3
DA:80,3
DA:81,3
DA:83,0
DA:86,0
DA:87,0
DA:88,0
DA:89,0
DA:93,25
DA:95,4
DA:96,4
DA:97,4
DA:98,4
DA:102,21
DA:104,4
DA:105,4
DA:106,4
DA:110,17
DA:113,6
DA:114,6
DA:115,6
DA:119,11
DA:121,0
DA:122,0
DA:123,0
DA:124,0
DA:128,11
DA:130,2
DA:131,2
DA:132,2
DA:136,9
DA:138,1
DA:139,1
DA:140,1
DA:144,8
DA:146,0
DA:147,0
DA:148,0
DA:152,8
DA:154,7
DA:155,7
DA:156,7
DA:160,1
DA:165,1
DA:166,1
DA:167,1
DA:170,0
LF:89
LH:74
BRDA:36,1,0,349
BRDA:36,1,1,138
BRDA:36,2,0,487
BRDA:36,2,1,349
BRDA:37,3,0,138
BRDA:37,3,1,349
BRDA:37,4,0,487
BRDA:37,4,1,138
BRDA:37,4,2,138
BRDA:38,5,0,0
BRDA:38,5,1,487
BRDA:44,6,0,454
BRDA:44,6,1,33
BRDA:49,7,0,0
BRDA:49,7,1,33
BRDA:57,8,0,3
BRDA:57,8,1,30
BRDA:57,9,0,33
BRDA:57,9,1,10
BRDA:57,9,2,10
BRDA:57,9,3,10
BRDA:61,10,0,5
BRDA:61,10,1,25
BRDA:61,11,0,30
BRDA:61,11,1,23
BRDA:61,11,2,23
BRDA:63,12,0,5
BRDA:63,12,1,0
BRDA:63,13,0,5
BRDA:63,13,1,5
BRDA:64,14,0,1
BRDA:64,14,1,4
BRDA:68,15,0,1
BRDA:68,15,1,3
BRDA:72,16,0,3
BRDA:72,16,1,0
BRDA:80,17,0,3
BRDA:80,17,1,0
BRDA:93,18,0,4
BRDA:93,18,1,21
BRDA:93,19,0,25
BRDA:93,19,1,18
BRDA:102,20,0,4
BRDA:102,20,1,17
BRDA:102,21,0,21
BRDA:102,21,1,5
BRDA:110,22,0,6
BRDA:110,22,1,11
BRDA:110,23,0,17
BRDA:110,23,1,10
BRDA:110,23,2,10
BRDA:119,24,0,0
BRDA:119,24,1,11
BRDA:119,25,0,11
BRDA:119,25,1,0
BRDA:128,26,0,2
BRDA:128,26,1,9
BRDA:128,27,0,11
BRDA:128,27,1,2
BRDA:136,28,0,1
BRDA:136,28,1,8
BRDA:136,29,0,9
BRDA:136,29,1,1
BRDA:144,30,0,0
BRDA:144,30,1,8
BRDA:144,31,0,8
BRDA:144,31,1,0
BRDA:152,32,0,7
BRDA:152,32,1,1
BRDA:152,33,0,8
BRDA:152,33,1,7
BRDA:160,34,0,1
BRDA:160,34,1,0
BRDA:160,35,0,1
BRDA:160,35,1,1
BRDA:160,35,2,1
BRDA:160,35,3,1
BRDA:160,35,4,1
BRF:78
BRH:68
end_of_record
TN:
SF:/home/grant/node-rethinkdb-job-queue/src/queue-interruption.js
FN:8,interruptionPause
FN:23,pausing
FN:38,interruptionResume
FNF:3
FNH:3
FNDA:59,interruptionPause
FNDA:19,pausing
FNDA:20,interruptionResume
DA:1,2
DA:2,2
DA:3,2
DA:4,2
DA:5,2
DA:6,2
DA:8,2
DA:9,59
DA:10,59
DA:11,59
DA:12,59
DA:13,59
DA:14,59
DA:15,0
DA:17,59
DA:19,59
DA:20,59
DA:21,59
DA:22,59
DA:23,16
DA:24,19
DA:25,19
DA:26,16
DA:27,16
DA:32,59
DA:33,59
DA:34,59
DA:38,2
DA:39,20
DA:40,20
DA:41,20
DA:42,20
DA:43,20
DA:44,20
DA:45,0
DA:47,20
DA:49,20
DA:50,20
DA:51,20
DA:52,20
LF:40
LH:38
BRDA:12,1,0,59
BRDA:12,1,1,59
BRDA:14,2,0,0
BRDA:14,2,1,59
BRDA:22,3,0,43
BRDA:22,3,1,16
BRDA:25,4,0,16
BRDA:25,4,1,3
BRDA:42,5,0,20
BRDA:42,5,1,20
BRDA:44,6,0,0
BRDA:44,6,1,20
BRF:12
BRH:10
end_of_record
TN:
SF:/home/grant/node-rethinkdb-job-queue/src/queue-add-job.js
FN:9,queueAddJob
FNF:1
FNH:1
FNDA:52,queueAddJob
DA:1,1
DA:2,1
DA:3,1
DA:4,1
DA:5,1
DA:6,1
DA:7,1
DA:9,1
DA:10,52
DA:11,52
DA:12,52
DA:14,129
DA:15,102
DA:17,129
DA:22,129
DA:23,129
DA:25,51
DA:26,51
DA:29,51
DA:30,51
DA:31,51
DA:33,51
DA:34,129
DA:35,129
DA:37,51
LF:25
LH:25
BRDA:14,1,0,102
BRDA:14,1,1,27
BRF:2
BRH:2
end_of_record
TN:
SF:/home/grant/node-rethinkdb-job-queue/src/queue-find-job.js
FN:5,queueFindJob
FNF:1
FNH:1
FNDA:7,queueFindJob
DA:1,1
DA:2,1
DA:3,1
DA:5,1
DA:6,7
DA:7,7
DA:8,7
DA:14,7
DA:15,7
DA:16,5
LF:10
LH:10
BRDA:15,1,0,2
BRDA:15,1,1,5
BRF:2
BRH:2
end_of_record
TN:
SF:/home/grant/node-rethinkdb-job-queue/src/queue-remove-job.js
FN:6,removeJob
FNF:1
FNH:1
FNDA:11,removeJob
DA:1,1
DA:2,1
DA:3,1
DA:4,1
DA:6,1
DA:7,11
DA:9,11
DA:10,11
DA:12,10
DA:21,10
DA:22,17
DA:23,17
DA:25,10
LF:13
LH:13
BRF:0
BRH:0
end_of_record
TN:
SF:/home/grant/node-rethinkdb-job-queue/src/queue-reset.js
FN:6,queueReset
FNF:1
FNH:1
FNDA:43,queueReset
DA:1,1
DA:2,1
DA:3,1
DA:4,1
DA:6,1
DA:7,43
DA:8,43
DA:9,43
DA:14,43
DA:15,43
DA:17,43
DA:18,43
DA:19,43
LF:13
LH:13
BRF:0
BRH:0
end_of_record
TN:
SF:/home/grant/node-rethinkdb-job-queue/src/queue-summary.js
FN:4,summary
FNF:1
FNH:1
FNDA:8,summary
DA:1,1
DA:2,1
DA:4,1
DA:5,8
DA:6,8
DA:7,8
DA:10,8
DA:18,8
DA:19,12
DA:21,8
DA:22,48
DA:24,8
DA:25,8
LF:13
LH:13
BRDA:19,1,0,12
BRDA:19,1,1,0
BRF:2
BRH:1
end_of_record
TN:
SF:/home/grant/node-rethinkdb-job-queue/src/queue-stop.js
FN:5,queueStop
FNF:1
FNH:1
FNDA:37,queueStop
DA:1,1
DA:2,1
DA:3,1
DA:5,1
DA:6,37
DA:7,37
DA:8,37
DA:9,37
DA:10,37
DA:12,37
DA:13,37
DA:14,37
LF:12
LH:12
BRF:0
BRH:0
end_of_record
TN:
SF:/home/grant/node-rethinkdb-job-queue/src/queue-drop.js
FN:7,queueDrop
FNF:1
FNH:1
FNDA:2,queueDrop
DA:1,1
DA:2,1
DA:3,1
DA:4,1
DA:5,1
DA:7,1
DA:8,2
DA:9,2
DA:10,2
DA:11,2
DA:13,2
DA:15,2
DA:16,2
DA:17,2
LF:14
LH:14
BRF:0
BRH:0
end_of_record
TN:
SF:/home/grant/node-rethinkdb-job-queue/src/queue-reanimate-job.js
FN:8,queueGetJob
FNF:1
FNH:1
FNDA:1,queueGetJob
DA:1,1
DA:2,1
DA:3,1
DA:4,1
DA:5,1
DA:6,1
DA:8,1
DA:11,1
DA:12,1
DA:13,1
DA:15,1
DA:22,1
DA:36,1
DA:37,1
DA:39,1
DA:40,1
DA:41,1
DA:43,1
LF:18
LH:18
BRF:0
BRH:0
end_of_record
