TN:
SF:/home/grant/node-rethinkdb-job-queue/src/enums.js
FN:113,(anonymous_1)
FNF:1
FNH:1
FNDA:305,(anonymous_1)
DA:1,1
DA:2,1
DA:7,1
DA:15,1
DA:45,1
DA:60,1
DA:66,1
DA:75,1
DA:80,1
DA:112,1
DA:114,305
DA:115,942
LF:12
LH:12
BRF:0
BRH:0
end_of_record
TN:
SF:/home/grant/node-rethinkdb-job-queue/src/logger.js
FN:4,logger
FNF:1
FNH:1
FNDA:36,logger
DA:1,1
DA:2,1
DA:3,1
DA:4,1
DA:5,36
DA:6,0
DA:7,0
DA:8,0
DA:9,0
DA:11,36
LF:10
LH:6
BRDA:5,1,0,0
BRDA:5,1,1,36
BRF:2
BRH:1
end_of_record
TN:
SF:/home/grant/node-rethinkdb-job-queue/src/datetime.js
FN:5,isDate
FN:9,isInteger
FN:15,addMs
FN:26,addMilliseconds
FN:30,addSeconds
FN:34,addMinutes
FN:38,addHours
FN:42,addDays
FN:54,formatDate
FN:65,formatTime
FN:80,format
FNF:11
FNH:11
FNDA:64,isDate
FNDA:128,isInteger
FNDA:64,addMs
FNDA:11,addMilliseconds
FNDA:15,addSeconds
FNDA:14,addMinutes
FNDA:4,addHours
FNDA:20,addDays
FNDA:24,formatDate
FNDA:24,formatTime
FNDA:23,format
DA:3,1
DA:5,1
DA:6,64
DA:9,1
DA:10,128
DA:15,1
DA:16,64
DA:17,20
DA:18,20
DA:20,64
DA:21,64
DA:23,0
DA:26,1
DA:27,11
DA:30,1
DA:31,15
DA:34,1
DA:35,14
DA:38,1
DA:39,4
DA:42,1
DA:43,20
DA:46,1
DA:54,1
DA:55,24
DA:56,24
DA:57,24
DA:58,24
DA:59,24
DA:60,24
DA:63,1
DA:65,1
DA:66,24
DA:67,24
DA:68,24
DA:69,24
DA:70,24
DA:71,24
DA:72,24
DA:73,24
DA:74,24
DA:75,24
DA:78,1
DA:80,1
DA:81,23
DA:84,1
LF:46
LH:45
BRDA:6,1,0,64
BRDA:6,1,1,0
BRDA:10,2,0,128
BRDA:10,2,1,84
BRDA:10,2,2,84
BRDA:16,3,0,20
BRDA:16,3,1,44
BRDA:20,4,0,64
BRDA:20,4,1,0
BRDA:20,5,0,64
BRDA:20,5,1,64
BRDA:57,6,0,22
BRDA:57,6,1,2
BRDA:59,7,0,22
BRDA:59,7,1,2
BRDA:67,8,0,22
BRDA:67,8,1,2
BRDA:69,9,0,22
BRDA:69,9,1,2
BRDA:71,10,0,22
BRDA:71,10,1,2
BRDA:73,11,0,22
BRDA:73,11,1,2
BRDA:74,12,0,24
BRDA:74,12,1,0
BRF:25
BRH:22
end_of_record
TN:
SF:/home/grant/node-rethinkdb-job-queue/src/is.js
FN:5,isObject
FN:11,isFunction
FN:17,isString
FN:23,isNumber
FN:29,isBoolean
FN:35,isTrue
FN:41,isFalse
FN:47,isDate
FN:54,ensureDate
FN:59,isDateBefore
FN:67,isDateAfter
FN:75,isDateBetween
FN:85,isUuid
FN:91,isNan
FN:97,isInteger
FN:103,isArray
FN:109,isError
FN:115,isLog
FN:126,isJob
FN:140,isStatus
FN:147,isRepeating
FN:160,isActive
FN:165,isCompleted
FN:170,isCancelled
FN:175,isFailed
FN:180,isTerminated
FNF:26
FNH:26
FNDA:174,isObject
FNDA:209,isFunction
FNDA:466,isString
FNDA:2713,isNumber
FNDA:1109,isBoolean
FNDA:622,isTrue
FNDA:423,isFalse
FNDA:923,isDate
FNDA:108,ensureDate
FNDA:27,isDateBefore
FNDA:17,isDateAfter
FNDA:10,isDateBetween
FNDA:1457,isUuid
FNDA:214,isNan
FNDA:2257,isInteger
FNDA:1035,isArray
FNDA:60,isError
FNDA:5,isLog
FNDA:661,isJob
FNDA:92,isStatus
FNDA:59,isRepeating
FNDA:41,isActive
FNDA:13,isCompleted
FNDA:15,isCancelled
FNDA:11,isFailed
FNDA:12,isTerminated
DA:1,1
DA:2,1
DA:3,1
DA:5,1
DA:6,174
DA:7,174
DA:9,1
DA:11,1
DA:12,209
DA:13,209
DA:15,1
DA:17,1
DA:18,466
DA:19,466
DA:21,1
DA:23,1
DA:24,2713
DA:25,2713
DA:27,1
DA:29,1
DA:30,1109
DA:31,1109
DA:33,1
DA:35,1
DA:36,622
DA:37,622
DA:39,1
DA:41,1
DA:42,423
DA:43,423
DA:45,1
DA:47,1
DA:48,923
DA:49,923
DA:52,1
DA:54,1
DA:55,108
DA:56,108
DA:59,1
DA:60,27
DA:61,27
DA:62,27
DA:63,27
DA:65,1
DA:67,1
DA:68,17
DA:69,17
DA:70,17
DA:71,17
DA:73,1
DA:75,1
DA:76,10
DA:77,10
DA:78,10
DA:79,10
DA:80,10
DA:81,10
DA:83,1
DA:85,1
DA:86,1457
DA:87,1457
DA:89,1
DA:91,1
DA:92,214
DA:93,214
DA:95,1
DA:97,1
DA:98,2257
DA:99,2257
DA:101,1
DA:103,1
DA:104,1035
DA:105,1035
DA:107,1
DA:109,1
DA:110,60
DA:111,60
DA:113,1
DA:115,1
DA:116,5
DA:117,5
DA:118,5
DA:119,4
DA:120,3
DA:121,2
DA:122,1
DA:124,1
DA:126,1
DA:127,661
DA:128,661
DA:129,582
DA:130,440
DA:131,439
DA:132,438
DA:133,437
DA:134,0
DA:135,437
DA:136,436
DA:138,1
DA:140,1
DA:141,92
DA:142,92
DA:143,57
DA:144,30
DA:147,1
DA:148,59
DA:149,59
DA:150,8
DA:152,51
DA:155,8
DA:157,43
DA:160,1
DA:161,41
DA:162,41
DA:165,1
DA:166,13
DA:167,13
DA:170,1
DA:171,15
DA:172,15
DA:175,1
DA:176,11
DA:177,11
DA:180,1
DA:181,12
DA:182,12
LF:126
LH:125
BRDA:37,1,0,622
BRDA:37,1,1,63
BRDA:43,2,0,423
BRDA:43,2,1,12
BRDA:49,3,0,923
BRDA:49,3,1,20
BRDA:56,4,0,98
BRDA:56,4,1,10
BRDA:79,5,0,0
BRDA:79,5,1,10
BRDA:80,6,0,0
BRDA:80,6,1,10
BRDA:81,7,0,10
BRDA:81,7,1,9
BRDA:99,8,0,2257
BRDA:99,8,1,211
BRDA:99,8,2,211
BRDA:117,9,0,0
BRDA:117,9,1,5
BRDA:118,10,0,1
BRDA:118,10,1,4
BRDA:119,11,0,1
BRDA:119,11,1,3
BRDA:120,12,0,1
BRDA:120,12,1,2
BRDA:121,13,0,1
BRDA:121,13,1,1
BRDA:128,14,0,79
BRDA:128,14,1,582
BRDA:129,15,0,142
BRDA:129,15,1,440
BRDA:130,16,0,1
BRDA:130,16,1,439
BRDA:131,17,0,1
BRDA:131,17,1,438
BRDA:132,18,0,1
BRDA:132,18,1,437
BRDA:133,19,0,0
BRDA:133,19,1,437
BRDA:133,20,0,437
BRDA:133,20,1,29
BRDA:135,21,0,1
BRDA:135,21,1,436
BRDA:142,22,0,35
BRDA:142,22,1,57
BRDA:143,23,0,27
BRDA:143,23,1,30
BRDA:149,24,0,8
BRDA:149,24,1,51
BRDA:152,25,0,8
BRDA:152,25,1,43
BRDA:152,26,0,51
BRDA:152,26,1,12
BRDA:152,26,2,11
BRF:54
BRH:50
end_of_record
TN:
SF:/home/grant/node-rethinkdb-job-queue/src/db-driver.js
FN:6,dbDriver
FNF:1
FNH:1
FNDA:54,dbDriver
DA:1,1
DA:2,1
DA:3,1
DA:4,1
DA:6,1
DA:7,54
DA:8,54
DA:9,54
DA:11,54
DA:15,52
DA:16,52
DA:17,52
DA:19,52
DA:21,52
DA:23,52
DA:26,2
DA:27,1
DA:28,1
DA:31,1
LF:19
LH:19
BRDA:8,1,0,52
BRDA:8,1,1,2
BRDA:11,2,0,52
BRDA:11,2,1,2
BRDA:11,3,0,54
BRDA:11,3,1,52
BRDA:11,3,2,4
BRDA:11,3,3,3
BRDA:17,4,0,4
BRDA:17,4,1,48
BRDA:19,5,0,3
BRDA:19,5,1,49
BRDA:21,6,0,3
BRDA:21,6,1,49
BRDA:26,7,0,1
BRDA:26,7,1,1
BRF:16
BRH:16
end_of_record
TN:
SF:/home/grant/node-rethinkdb-job-queue/src/db-assert-database.js
FN:4,assertDatabase
FNF:1
FNH:1
FNDA:45,assertDatabase
DA:1,1
DA:2,1
DA:4,1
DA:5,45
DA:6,45
DA:7,45
DA:10,45
DA:18,45
DA:21,45
LF:9
LH:9
BRDA:18,1,0,0
BRDA:18,1,1,45
BRF:2
BRH:1
end_of_record
TN:
SF:/home/grant/node-rethinkdb-job-queue/src/db-assert-table.js
FN:4,assertTable
FNF:1
FNH:1
FNDA:45,assertTable
DA:1,1
DA:2,1
DA:4,1
DA:5,45
DA:6,45
DA:7,45
DA:11,45
DA:19,45
DA:23,45
DA:25,45
DA:26,45
LF:11
LH:11
BRDA:19,1,0,2
BRDA:19,1,1,43
BRF:2
BRH:2
end_of_record
TN:
SF:/home/grant/node-rethinkdb-job-queue/src/db-assert-index.js
FN:5,createIndexActiveDateEnable
FN:18,(anonymous_2)
FN:28,createIndexInactivePriorityDateCreated
FN:41,(anonymous_4)
FN:61,createIndexFinishedDateFinished
FN:74,(anonymous_6)
FN:88,createIndexStatus
FN:106,assertIndex
FNF:8
FNH:8
FNDA:45,createIndexActiveDateEnable
FNDA:2,(anonymous_2)
FNDA:45,createIndexInactivePriorityDateCreated
FNDA:2,(anonymous_4)
FNDA:45,createIndexFinishedDateFinished
FNDA:2,(anonymous_6)
FNDA:45,createIndexStatus
FNDA:45,assertIndex
DA:1,1
DA:2,1
DA:3,1
DA:5,1
DA:6,45
DA:7,45
DA:8,45
DA:9,45
DA:15,45
DA:16,43
DA:18,2
DA:19,2
DA:28,1
DA:29,45
DA:30,45
DA:31,45
DA:32,45
DA:38,45
DA:39,43
DA:41,2
DA:42,2
DA:61,1
DA:62,45
DA:63,45
DA:64,45
DA:65,45
DA:71,45
DA:72,43
DA:74,2
DA:75,2
DA:88,1
DA:89,45
DA:90,45
DA:91,45
DA:92,45
DA:98,45
DA:99,43
DA:101,2
DA:106,1
DA:107,45
DA:108,45
DA:114,45
DA:115,45
DA:117,45
DA:118,45
LF:45
LH:45
BRDA:15,1,0,43
BRDA:15,1,1,2
BRDA:38,2,0,43
BRDA:38,2,1,2
BRDA:71,3,0,43
BRDA:71,3,1,2
BRDA:98,4,0,43
BRDA:98,4,1,2
BRF:8
BRH:8
end_of_record
TN:
SF:/home/grant/node-rethinkdb-job-queue/src/db-assert.js
FN:6,dbAssert
FNF:1
FNH:1
FNDA:44,dbAssert
DA:1,1
DA:2,1
DA:3,1
DA:4,1
DA:6,1
DA:7,44
DA:8,44
DA:9,44
DA:11,44
LF:9
LH:9
BRF:0
BRH:0
end_of_record
TN:
SF:/home/grant/node-rethinkdb-job-queue/src/db-result.js
FN:6,getResultError
FN:13,getJobsData
FN:38,toJob
FN:47,toIds
FN:56,status
FNF:5
FNH:5
FNDA:2,getResultError
FNDA:308,getJobsData
FNDA:230,toJob
FNDA:78,toIds
FNDA:64,status
DA:1,1
DA:2,1
DA:3,1
DA:4,1
DA:6,1
DA:7,2
DA:8,2
DA:9,2
DA:10,2
DA:13,1
DA:14,308
DA:15,308
DA:16,308
DA:17,307
DA:18,2
DA:20,305
DA:21,86
DA:23,219
DA:24,182
DA:25,300
DA:28,37
DA:29,2
DA:31,35
DA:32,2
DA:34,33
DA:38,1
DA:39,230
DA:40,230
DA:41,229
DA:42,297
DA:47,1
DA:48,78
DA:49,78
DA:50,77
DA:51,89
DA:56,1
DA:57,64
DA:58,64
DA:59,64
DA:60,64
LF:40
LH:40
BRDA:16,1,0,1
BRDA:16,1,1,307
BRDA:17,2,0,2
BRDA:17,2,1,305
BRDA:20,3,0,86
BRDA:20,3,1,219
BRDA:23,4,0,182
BRDA:23,4,1,37
BRDA:28,5,0,2
BRDA:28,5,1,35
BRDA:31,6,0,2
BRDA:31,6,1,33
BRDA:58,7,0,0
BRDA:58,7,1,64
BRDA:59,8,0,40
BRDA:59,8,1,24
BRF:16
BRH:15
end_of_record
TN:
SF:/home/grant/node-rethinkdb-job-queue/src/queue.js
FN:24,(anonymous_1)
FN:56,(anonymous_2)
FN:57,(anonymous_3)
FN:58,(anonymous_4)
FN:59,(anonymous_5)
FN:60,(anonymous_6)
FN:61,(anonymous_7)
FN:62,(anonymous_8)
FN:63,(anonymous_9)
FN:64,(anonymous_10)
FN:65,(anonymous_11)
FN:66,(anonymous_12)
FN:67,(anonymous_13)
FN:68,(anonymous_14)
FN:69,(anonymous_15)
FN:70,(anonymous_16)
FN:72,(anonymous_17)
FN:77,(anonymous_18)
FN:88,(anonymous_19)
FN:94,(anonymous_20)
FN:105,(anonymous_21)
FN:116,(anonymous_22)
FN:127,(anonymous_23)
FN:138,(anonymous_24)
FN:149,(anonymous_25)
FN:160,(anonymous_26)
FN:171,(anonymous_27)
FN:182,(anonymous_28)
FN:187,(anonymous_29)
FN:198,(anonymous_30)
FN:209,(anonymous_31)
FN:220,(anonymous_32)
FN:231,(anonymous_33)
FNF:33
FNH:32
FNDA:36,(anonymous_1)
FNDA:897,(anonymous_2)
FNDA:2890,(anonymous_3)
FNDA:1,(anonymous_4)
FNDA:1,(anonymous_5)
FNDA:862,(anonymous_6)
FNDA:2774,(anonymous_7)
FNDA:44,(anonymous_8)
FNDA:95,(anonymous_9)
FNDA:29,(anonymous_10)
FNDA:143,(anonymous_11)
FNDA:94,(anonymous_12)
FNDA:795,(anonymous_13)
FNDA:272,(anonymous_14)
FNDA:124,(anonymous_15)
FNDA:56,(anonymous_16)
FNDA:3,(anonymous_17)
FNDA:4,(anonymous_18)
FNDA:431,(anonymous_19)
FNDA:43,(anonymous_20)
FNDA:68,(anonymous_21)
FNDA:2,(anonymous_22)
FNDA:5,(anonymous_23)
FNDA:5,(anonymous_24)
FNDA:3,(anonymous_25)
FNDA:0,(anonymous_26)
FNDA:7,(anonymous_27)
FNDA:382,(anonymous_28)
FNDA:57,(anonymous_29)
FNDA:18,(anonymous_30)
FNDA:41,(anonymous_31)
FNDA:33,(anonymous_32)
FNDA:1,(anonymous_33)
DA:1,1
DA:2,1
DA:3,1
DA:4,1
DA:5,1
DA:6,1
DA:7,1
DA:8,1
DA:9,1
DA:10,1
DA:11,1
DA:12,1
DA:13,1
DA:14,1
DA:15,1
DA:16,1
DA:17,1
DA:18,1
DA:19,1
DA:20,1
DA:25,36
DA:26,36
DA:28,36
DA:29,36
DA:33,36
DA:34,36
DA:35,36
DA:36,36
DA:37,36
DA:38,36
DA:40,36
DA:42,36
DA:43,36
DA:44,36
DA:45,36
DA:46,36
DA:48,36
DA:50,36
DA:52,36
DA:53,36
DA:56,897
DA:57,2890
DA:58,1
DA:59,1
DA:60,862
DA:61,2774
DA:62,44
DA:63,95
DA:64,29
DA:65,143
DA:66,94
DA:67,795
DA:68,272
DA:69,124
DA:70,56
DA:73,3
DA:74,3
DA:78,4
DA:79,4
DA:80,3
DA:81,3
DA:82,3
DA:83,3
DA:85,1
DA:89,431
DA:90,431
DA:91,431
DA:95,43
DA:96,43
DA:97,43
DA:99,0
DA:100,0
DA:101,0
DA:106,68
DA:107,68
DA:108,68
DA:110,0
DA:111,0
DA:112,0
DA:117,2
DA:118,2
DA:119,2
DA:121,0
DA:122,0
DA:123,0
DA:128,5
DA:129,5
DA:130,5
DA:132,0
DA:133,0
DA:134,0
DA:139,5
DA:140,5
DA:141,5
DA:143,0
DA:144,0
DA:145,0
DA:150,3
DA:151,3
DA:152,3
DA:154,0
DA:155,0
DA:156,0
DA:161,0
DA:162,0
DA:163,0
DA:165,0
DA:166,0
DA:167,0
DA:172,7
DA:173,7
DA:174,7
DA:176,0
DA:177,0
DA:178,0
DA:183,382
DA:184,382
DA:188,57
DA:189,57
DA:190,57
DA:192,0
DA:193,0
DA:194,0
DA:199,18
DA:200,18
DA:201,18
DA:203,0
DA:204,0
DA:205,0
DA:210,41
DA:211,41
DA:212,41
DA:214,0
DA:215,0
DA:216,0
DA:221,33
DA:222,33
DA:223,33
DA:225,0
DA:226,0
DA:227,0
DA:232,1
DA:233,1
DA:234,0
DA:235,0
DA:236,0
DA:241,1
LF:147
LH:105
BRDA:28,1,0,36
BRDA:28,1,1,0
BRDA:29,2,0,36
BRDA:29,2,1,0
BRDA:40,3,0,3
BRDA:40,3,1,33
BRDA:46,4,0,36
BRDA:46,4,1,0
BRDA:48,5,0,31
BRDA:48,5,1,5
BRDA:50,6,0,36
BRDA:50,6,1,0
BRDA:79,7,0,3
BRDA:79,7,1,1
BRDA:79,8,0,4
BRDA:79,8,1,2
BRDA:90,9,0,134
BRDA:90,9,1,297
BRF:18
BRH:14
end_of_record
TN:
SF:/home/grant/node-rethinkdb-job-queue/src/job.js
FN:12,(anonymous_1)
FN:56,(anonymous_2)
FN:64,(anonymous_3)
FN:73,(anonymous_4)
FN:82,(anonymous_5)
FN:91,(anonymous_6)
FN:100,(anonymous_7)
FN:108,(anonymous_8)
FN:116,(anonymous_9)
FN:127,(anonymous_10)
FN:138,(anonymous_11)
FN:148,(anonymous_12)
FN:162,(anonymous_13)
FNF:13
FNH:13
FNDA:457,(anonymous_1)
FNDA:14,(anonymous_2)
FNDA:3,(anonymous_3)
FNDA:3,(anonymous_4)
FNDA:3,(anonymous_5)
FNDA:9,(anonymous_6)
FNDA:5,(anonymous_7)
FNDA:8,(anonymous_8)
FNDA:5,(anonymous_9)
FNDA:6,(anonymous_10)
FNDA:157,(anonymous_11)
FNDA:2,(anonymous_12)
FNDA:11,(anonymous_13)
DA:1,1
DA:2,1
DA:3,1
DA:4,1
DA:5,1
DA:6,1
DA:7,1
DA:8,1
DA:13,457
DA:14,457
DA:15,457
DA:16,457
DA:18,457
DA:19,298
DA:20,298
DA:21,298
DA:23,159
DA:25,159
DA:26,159
DA:27,159
DA:28,159
DA:29,159
DA:30,159
DA:31,159
DA:32,159
DA:33,159
DA:34,159
DA:35,159
DA:36,159
DA:37,159
DA:38,159
DA:39,159
DA:40,159
DA:41,159
DA:42,159
DA:43,159
DA:45,159
DA:46,1
DA:48,158
DA:49,22
DA:51,136
DA:57,14
DA:58,13
DA:59,13
DA:61,1
DA:65,3
DA:67,2
DA:68,2
DA:70,1
DA:74,3
DA:76,2
DA:77,2
DA:79,1
DA:83,3
DA:85,2
DA:86,2
DA:88,1
DA:92,9
DA:94,7
DA:95,7
DA:97,2
DA:101,5
DA:102,3
DA:103,3
DA:105,2
DA:109,8
DA:110,7
DA:111,7
DA:113,1
DA:117,5
DA:118,5
DA:119,5
DA:121,0
DA:122,0
DA:123,0
DA:128,6
DA:129,6
DA:130,6
DA:132,0
DA:133,0
DA:134,0
DA:139,157
DA:140,157
DA:141,157
DA:142,156
DA:144,157
DA:145,157
DA:152,2
DA:153,2
DA:154,2
DA:156,0
DA:157,0
DA:158,0
DA:163,11
DA:167,1
LF:95
LH:86
BRDA:18,1,0,298
BRDA:18,1,1,159
BRDA:45,2,0,1
BRDA:45,2,1,158
BRDA:48,3,0,22
BRDA:48,3,1,136
BRDA:48,4,0,158
BRDA:48,4,1,157
BRDA:57,5,0,13
BRDA:57,5,1,1
BRDA:65,6,0,2
BRDA:65,6,1,1
BRDA:65,7,0,3
BRDA:65,7,1,2
BRDA:74,8,0,2
BRDA:74,8,1,1
BRDA:74,9,0,3
BRDA:74,9,1,2
BRDA:83,10,0,2
BRDA:83,10,1,1
BRDA:83,11,0,3
BRDA:83,11,1,2
BRDA:92,12,0,7
BRDA:92,12,1,2
BRDA:92,13,0,9
BRDA:92,13,1,5
BRDA:92,13,2,4
BRDA:101,14,0,3
BRDA:101,14,1,2
BRDA:101,15,0,5
BRDA:101,15,1,4
BRDA:109,16,0,7
BRDA:109,16,1,1
BRDA:141,17,0,156
BRDA:141,17,1,1
BRF:35
BRH:35
end_of_record
TN:
SF:/home/grant/node-rethinkdb-job-queue/src/job-options.js
FN:5,jobOptions
FNF:1
FNH:1
FNDA:208,jobOptions
DA:1,1
DA:2,1
DA:3,1
DA:5,1
DA:6,208
DA:8,208
DA:9,208
DA:10,208
DA:11,208
DA:12,208
DA:13,208
DA:14,208
DA:16,208
DA:17,11
DA:20,208
DA:21,11
DA:24,208
DA:25,11
DA:28,208
DA:29,11
DA:32,208
DA:35,11
DA:38,208
DA:39,11
DA:42,208
DA:43,4
DA:46,208
DA:47,4
DA:50,208
DA:51,4
DA:54,208
DA:55,4
DA:58,208
DA:61,4
DA:64,208
DA:65,4
DA:68,208
LF:37
LH:37
BRDA:16,1,0,11
BRDA:16,1,1,197
BRDA:20,2,0,11
BRDA:20,2,1,197
BRDA:20,3,0,208
BRDA:20,3,1,11
BRDA:24,4,0,11
BRDA:24,4,1,197
BRDA:24,5,0,208
BRDA:24,5,1,11
BRDA:28,6,0,11
BRDA:28,6,1,197
BRDA:28,7,0,208
BRDA:28,7,1,11
BRDA:32,8,0,11
BRDA:32,8,1,197
BRDA:32,9,0,208
BRDA:32,9,1,208
BRDA:32,9,2,204
BRDA:32,9,3,7
BRDA:38,10,0,11
BRDA:38,10,1,197
BRDA:38,11,0,208
BRDA:38,11,1,11
BRDA:42,12,0,4
BRDA:42,12,1,204
BRDA:46,13,0,4
BRDA:46,13,1,204
BRDA:46,14,0,208
BRDA:46,14,1,5
BRDA:50,15,0,4
BRDA:50,15,1,204
BRDA:50,16,0,208
BRDA:50,16,1,5
BRDA:54,17,0,4
BRDA:54,17,1,204
BRDA:54,18,0,208
BRDA:54,18,1,5
BRDA:58,19,0,4
BRDA:58,19,1,204
BRDA:58,20,0,208
BRDA:58,20,1,208
BRDA:58,20,2,206
BRDA:58,20,3,3
BRDA:64,21,0,4
BRDA:64,21,1,204
BRDA:64,22,0,208
BRDA:64,22,1,5
BRF:48
BRH:48
end_of_record
TN:
SF:/home/grant/node-rethinkdb-job-queue/src/job-progress.js
FN:8,jobProgress
FNF:1
FNH:1
FNDA:12,jobProgress
DA:1,1
DA:2,1
DA:3,1
DA:4,1
DA:5,1
DA:6,1
DA:8,1
DA:9,12
DA:10,12
DA:11,1
DA:12,1
DA:14,11
DA:15,11
DA:17,11
DA:18,11
DA:23,11
DA:28,11
DA:37,11
DA:39,11
DA:40,11
DA:41,11
LF:21
LH:21
BRDA:10,1,0,1
BRDA:10,1,1,11
BRDA:14,2,0,2
BRDA:14,2,1,9
BRDA:14,3,0,11
BRDA:14,3,1,10
BRDA:14,3,2,10
BRDA:15,4,0,1
BRDA:15,4,1,10
BRF:9
BRH:9
end_of_record
TN:
SF:/home/grant/node-rethinkdb-job-queue/src/job-log.js
FN:5,createLogObject
FN:24,addLog
FN:51,(anonymous_3)
FNF:3
FNH:3
FNDA:217,createLogObject
FNDA:6,addLog
FNDA:11,(anonymous_3)
DA:1,1
DA:2,1
DA:3,1
DA:5,1
DA:10,217
DA:11,217
DA:22,1
DA:24,1
DA:29,6
DA:31,6
DA:33,6
DA:34,0
DA:36,6
DA:37,6
DA:44,6
DA:45,6
DA:46,6
DA:47,6
DA:51,1
DA:52,11
DA:53,11
DA:54,11
DA:55,47
DA:56,47
DA:57,47
DA:60,11
LF:26
LH:25
BRDA:33,1,0,0
BRDA:33,1,1,6
BRDA:55,2,0,47
BRDA:55,2,1,0
BRF:4
BRH:2
end_of_record
TN:
SF:/home/grant/node-rethinkdb-job-queue/src/job-update.js
FN:7,jobUpdate
FNF:1
FNH:1
FNDA:7,jobUpdate
DA:1,1
DA:2,1
DA:3,1
DA:4,1
DA:5,1
DA:7,1
DA:8,7
DA:10,7
DA:11,7
DA:13,7
DA:14,7
DA:15,7
DA:19,7
DA:20,7
DA:22,7
DA:27,7
DA:28,7
DA:29,7
DA:30,7
LF:19
LH:19
BRF:0
BRH:0
end_of_record
TN:
SF:/home/grant/node-rethinkdb-job-queue/src/queue-get-job.js
FN:6,queueGetJob
FNF:1
FNH:1
FNDA:80,queueGetJob
DA:1,1
DA:2,1
DA:3,1
DA:4,1
DA:6,1
DA:7,80
DA:8,80
DA:9,80
DA:11,79
DA:17,79
DA:18,79
LF:11
LH:11
BRF:0
BRH:0
end_of_record
TN:
SF:/home/grant/node-rethinkdb-job-queue/src/job-parse.js
FN:5,jobParseId
FN:24,jobParseJob
FNF:2
FNH:2
FNDA:113,jobParseId
FNDA:71,jobParseJob
DA:1,1
DA:2,1
DA:3,1
DA:5,1
DA:6,113
DA:7,113
DA:8,109
DA:9,109
DA:10,109
DA:11,149
DA:12,3
DA:14,146
DA:15,95
DA:17,146
DA:18,51
DA:21,106
DA:24,1
DA:25,71
DA:26,71
DA:27,68
DA:28,68
DA:29,68
DA:30,149
DA:31,149
DA:32,149
DA:33,149
DA:34,149
DA:35,149
DA:36,149
DA:37,149
DA:38,149
DA:39,149
DA:40,149
DA:41,3
DA:43,149
DA:44,3
DA:46,149
DA:47,1
DA:49,149
DA:50,149
DA:51,134
DA:53,15
DA:56,53
LF:43
LH:43
BRDA:7,1,0,4
BRDA:7,1,1,109
BRDA:8,2,0,20
BRDA:8,2,1,89
BRDA:11,3,0,3
BRDA:11,3,1,146
BRDA:11,4,0,149
BRDA:11,4,1,54
BRDA:14,5,0,95
BRDA:14,5,1,51
BRDA:17,6,0,51
BRDA:17,6,1,95
BRDA:26,7,0,3
BRDA:26,7,1,68
BRDA:27,8,0,19
BRDA:27,8,1,49
BRDA:31,9,0,3
BRDA:31,9,1,146
BRDA:32,10,0,3
BRDA:32,10,1,146
BRDA:33,11,0,3
BRDA:33,11,1,146
BRDA:34,12,0,1
BRDA:34,12,1,148
BRDA:35,13,0,1
BRDA:35,13,1,148
BRDA:36,14,0,1
BRDA:36,14,1,148
BRDA:37,15,0,1
BRDA:37,15,1,148
BRDA:38,16,0,3
BRDA:38,16,1,146
BRDA:39,17,0,3
BRDA:39,17,1,146
BRDA:40,18,0,3
BRDA:40,18,1,146
BRDA:43,19,0,3
BRDA:43,19,1,146
BRDA:46,20,0,1
BRDA:46,20,1,148
BRDA:46,21,0,149
BRDA:46,21,1,149
BRDA:49,22,0,3
BRDA:49,22,1,146
BRDA:50,23,0,134
BRDA:50,23,1,15
BRF:46
BRH:46
end_of_record
TN:
SF:/home/grant/node-rethinkdb-job-queue/src/db-review.js
FN:11,updateFailedJobs
FN:58,removeFinishedJobsBasedOnTime
FN:70,removeFinishedJobsBasedOnNow
FN:79,removeFinishedJobs
FN:97,runReviewTasks
FN:116,enable
FN:127,disable
FN:136,run
FN:141,reviewIsEnabled
FNF:9
FNH:9
FNDA:11,updateFailedJobs
FNDA:7,removeFinishedJobsBasedOnTime
FNDA:3,removeFinishedJobsBasedOnNow
FNDA:11,removeFinishedJobs
FNDA:11,runReviewTasks
FNDA:13,enable
FNDA:16,disable
FNDA:9,run
FNDA:20,reviewIsEnabled
DA:1,2
DA:2,2
DA:3,2
DA:4,2
DA:5,2
DA:6,2
DA:7,2
DA:8,2
DA:9,2
DA:11,1
DA:12,11
DA:14,11
DA:15,11
DA:53,11
DA:54,11
DA:58,1
DA:59,7
DA:60,7
DA:70,1
DA:71,3
DA:72,3
DA:79,1
DA:80,11
DA:82,11
DA:83,1
DA:86,10
DA:87,10
DA:88,3
DA:90,7
DA:92,10
DA:93,10
DA:97,1
DA:98,11
DA:99,11
DA:103,11
DA:104,11
DA:105,11
DA:106,11
DA:107,11
DA:112,11
DA:116,2
DA:117,13
DA:118,13
DA:119,13
DA:120,13
DA:121,2
DA:124,13
DA:127,2
DA:128,16
DA:129,16
DA:130,13
DA:131,13
DA:133,16
DA:136,2
DA:137,9
DA:138,9
DA:141,2
DA:142,20
DA:143,20
LF:59
LH:59
BRDA:82,1,0,1
BRDA:82,1,1,10
BRDA:82,2,0,11
BRDA:82,2,1,10
BRDA:87,3,0,3
BRDA:87,3,1,7
BRDA:118,4,0,13
BRDA:118,4,1,0
BRDA:129,5,0,13
BRDA:129,5,1,3
BRF:10
BRH:9
end_of_record
TN:
SF:/home/grant/node-rethinkdb-job-queue/src/queue-process.js
FN:13,addJobTimeout
FN:24,addOnCancelHandler
FN:36,removeJobTimeoutAndOnCancelHandler
FN:46,onCancelJob
FN:58,restartJobTimeout
FN:70,jobRun
FN:74,nextHandler
FN:110,timeoutHandler
FN:123,jobTick
FN:131,getNextJobCleanup
FN:173,queueProcessAddHandler
FN:196,queueProcessRestart
FNF:12
FNH:12
FNDA:54,addJobTimeout
FNDA:47,addOnCancelHandler
FNDA:54,removeJobTimeoutAndOnCancelHandler
FNDA:4,onCancelJob
FNDA:4,restartJobTimeout
FNDA:54,jobRun
FNDA:59,nextHandler
FNDA:6,timeoutHandler
FNDA:109,jobTick
FNDA:63,getNextJobCleanup
FNDA:5,queueProcessAddHandler
FNDA:86,queueProcessRestart
DA:1,1
DA:2,1
DA:3,1
DA:4,1
DA:5,1
DA:6,1
DA:7,1
DA:8,1
DA:9,1
DA:10,1
DA:11,1
DA:13,1
DA:14,54
DA:15,54
DA:16,54
DA:21,54
DA:24,1
DA:25,47
DA:26,47
DA:27,47
DA:29,0
DA:30,0
DA:31,0
DA:32,0
DA:36,1
DA:37,54
DA:38,54
DA:39,54
DA:40,54
DA:41,54
DA:43,54
DA:46,1
DA:47,4
DA:48,4
DA:49,1
DA:50,1
DA:51,1
DA:53,1
DA:54,1
DA:58,1
DA:59,4
DA:60,4
DA:61,4
DA:62,2
DA:63,2
DA:64,2
DA:70,1
DA:71,54
DA:72,54
DA:74,1
DA:75,59
DA:76,59
DA:78,59
DA:79,6
DA:81,53
DA:83,53
DA:85,53
DA:86,53
DA:87,53
DA:88,53
DA:90,46
DA:91,46
DA:93,7
DA:94,7
DA:95,1
DA:96,6
DA:97,6
DA:100,53
DA:101,53
DA:102,53
DA:104,0
DA:105,0
DA:106,0
DA:110,1
DA:111,6
DA:112,6
DA:113,6
DA:116,54
DA:117,54
DA:118,54
DA:119,54
DA:120,54
DA:123,1
DA:124,109
DA:125,109
DA:126,109
DA:127,109
DA:128,109
DA:129,109
DA:131,1
DA:132,63
DA:133,63
DA:134,63
DA:135,63
DA:136,63
DA:137,63
DA:139,11
DA:140,11
DA:142,52
DA:144,18
DA:145,18
DA:156,63
DA:157,63
DA:158,63
DA:159,63
DA:160,32
DA:161,54
DA:163,63
DA:164,63
DA:166,0
DA:167,0
DA:168,0
DA:169,0
DA:173,1
DA:174,5
DA:176,5
DA:177,1
DA:180,4
DA:181,4
DA:182,4
DA:183,4
DA:187,4
DA:188,4
DA:189,3
DA:191,4
DA:192,4
DA:196,1
DA:197,86
DA:198,86
DA:199,41
DA:200,40
LF:131
LH:120
BRDA:26,1,0,47
BRDA:26,1,1,0
BRDA:38,2,0,54
BRDA:38,2,1,0
BRDA:48,3,0,1
BRDA:48,3,1,3
BRDA:61,4,0,2
BRDA:61,4,1,2
BRDA:78,5,0,6
BRDA:78,5,1,53
BRDA:87,6,0,7
BRDA:87,6,1,46
BRDA:94,7,0,1
BRDA:94,7,1,6
BRDA:94,8,0,7
BRDA:94,8,1,7
BRDA:96,9,0,6
BRDA:96,9,1,0
BRDA:128,10,0,27
BRDA:128,10,1,82
BRDA:129,11,0,46
BRDA:129,11,1,63
BRDA:129,12,0,109
BRDA:129,12,1,90
BRDA:137,13,0,11
BRDA:137,13,1,52
BRDA:137,14,0,63
BRDA:137,14,1,57
BRDA:142,15,0,18
BRDA:142,15,1,34
BRDA:142,16,0,52
BRDA:142,16,1,18
BRDA:159,17,0,32
BRDA:159,17,1,31
BRDA:176,18,0,1
BRDA:176,18,1,4
BRDA:188,19,0,1
BRDA:188,19,1,3
BRDA:198,20,0,45
BRDA:198,20,1,41
BRDA:199,21,0,40
BRDA:199,21,1,1
BRF:42
BRH:39
end_of_record
TN:
SF:/home/grant/node-rethinkdb-job-queue/src/queue-get-next-job.js
FN:6,queueGetNextJob
FNF:1
FNH:1
FNDA:80,queueGetNextJob
DA:1,1
DA:2,1
DA:3,1
DA:4,1
DA:6,1
DA:7,80
DA:8,80
DA:9,80
DA:10,80
DA:11,80
DA:12,2
DA:14,78
DA:15,78
DA:41,78
DA:42,78
DA:44,78
DA:45,73
DA:46,73
DA:48,78
LF:19
LH:19
BRDA:11,1,0,2
BRDA:11,1,1,78
BRF:2
BRH:2
end_of_record
TN:
SF:/home/grant/node-rethinkdb-job-queue/src/job-completed.js
FN:8,completed
FNF:1
FNH:1
FNDA:53,completed
DA:1,1
DA:2,1
DA:3,1
DA:4,1
DA:5,1
DA:6,1
DA:8,1
DA:9,53
DA:10,53
DA:11,53
DA:12,53
DA:13,53
DA:14,53
DA:15,53
DA:17,53
DA:18,53
DA:20,53
DA:21,53
DA:37,53
DA:38,53
DA:40,53
DA:41,53
DA:42,53
DA:43,1
DA:44,1
DA:47,52
LF:26
LH:26
BRDA:11,1,0,13
BRDA:11,1,1,40
BRDA:13,2,0,13
BRDA:13,2,1,40
BRDA:15,3,0,46
BRDA:15,3,1,7
BRDA:42,4,0,1
BRDA:42,4,1,52
BRDA:42,5,0,53
BRDA:42,5,1,40
BRF:10
BRH:10
end_of_record
TN:
SF:/home/grant/node-rethinkdb-job-queue/src/queue-cancel-job.js
FN:8,cancelJob
FNF:1
FNH:1
FNDA:9,cancelJob
DA:1,1
DA:2,1
DA:3,1
DA:4,1
DA:5,1
DA:6,1
DA:8,1
DA:9,9
DA:11,9
DA:12,9
DA:14,9
DA:32,9
DA:33,9
DA:35,9
DA:36,17
DA:37,17
DA:39,9
DA:40,1
DA:41,1
DA:42,1
DA:45,8
LF:21
LH:21
BRDA:39,1,0,1
BRDA:39,1,1,8
BRF:2
BRH:2
end_of_record
TN:
SF:/home/grant/node-rethinkdb-job-queue/src/job-failed.js
FN:9,failed
FNF:1
FNH:1
FNDA:11,failed
DA:1,1
DA:2,1
DA:3,1
DA:4,1
DA:5,1
DA:6,1
DA:7,1
DA:9,1
DA:10,11
DA:11,11
DA:13,11
DA:14,11
DA:15,11
DA:16,7
DA:17,7
DA:18,7
DA:20,4
DA:22,11
DA:23,11
DA:24,11
DA:25,11
DA:27,11
DA:29,11
DA:34,11
DA:35,11
DA:37,11
DA:40,11
DA:41,11
DA:55,11
DA:56,11
DA:58,11
DA:59,7
DA:60,7
DA:62,4
DA:63,4
DA:65,11
DA:67,1
DA:68,1
DA:71,10
LF:39
LH:39
BRDA:15,1,0,7
BRDA:15,1,1,4
BRDA:25,2,0,6
BRDA:25,2,1,5
BRDA:35,3,0,11
BRDA:35,3,1,0
BRDA:35,4,0,11
BRDA:35,4,1,11
BRDA:37,5,0,11
BRDA:37,5,1,0
BRDA:37,6,0,11
BRDA:37,6,1,11
BRDA:58,7,0,7
BRDA:58,7,1,4
BRDA:65,8,0,1
BRDA:65,8,1,10
BRDA:65,9,0,11
BRDA:65,9,1,4
BRF:18
BRH:16
end_of_record
TN:
SF:/home/grant/node-rethinkdb-job-queue/src/queue-state.js
FN:4,queueState
FNF:1
FNH:1
FNDA:13,queueState
DA:1,1
DA:2,1
DA:4,1
DA:5,13
DA:6,13
DA:7,13
DA:15,13
DA:16,13
LF:8
LH:8
BRF:0
BRH:0
end_of_record
TN:
SF:/home/grant/node-rethinkdb-job-queue/src/queue-db.js
FN:11,dbAttach
FN:49,dbDetach
FN:68,drain
FNF:3
FNH:3
FNDA:43,dbAttach
FNDA:47,dbDetach
FNDA:43,drain
DA:1,1
DA:2,1
DA:3,1
DA:4,1
DA:5,1
DA:6,1
DA:7,1
DA:8,1
DA:9,1
DA:11,1
DA:12,43
DA:13,43
DA:14,43
DA:15,43
DA:16,43
DA:17,43
DA:24,43
DA:25,43
DA:26,41
DA:27,41
DA:28,41
DA:29,483
DA:33,2
DA:34,2
DA:36,43
DA:37,11
DA:38,11
DA:40,32
DA:42,43
DA:43,43
DA:44,43
DA:46,43
DA:49,1
DA:50,47
DA:51,47
DA:52,47
DA:53,41
DA:54,41
DA:55,41
DA:56,41
DA:58,6
DA:60,47
DA:61,15
DA:62,15
DA:64,32
DA:68,1
DA:69,43
DA:70,43
DA:71,43
DA:72,43
DA:74,43
DA:75,43
DA:77,43
DA:78,236
DA:80,43
LF:55
LH:55
BRDA:25,1,0,41
BRDA:25,1,1,2
BRDA:36,2,0,11
BRDA:36,2,1,32
BRDA:52,3,0,41
BRDA:52,3,1,6
BRDA:60,4,0,15
BRDA:60,4,1,32
BRF:8
BRH:8
end_of_record
TN:
SF:/home/grant/node-rethinkdb-job-queue/src/queue-change.js
FN:22,restartProcessing
FN:24,randomRestart
FN:29,queueChange
FNF:3
FNH:3
FNDA:7,restartProcessing
FNDA:7,randomRestart
FNDA:483,queueChange
DA:1,1
DA:2,1
DA:3,1
DA:4,1
DA:5,1
DA:6,1
DA:22,1
DA:23,7
DA:24,7
DA:25,7
DA:29,1
DA:30,483
DA:32,483
DA:33,483
DA:35,483
DA:36,483
DA:37,483
DA:38,483
DA:39,0
DA:40,0
DA:44,483
DA:45,450
DA:46,450
DA:49,33
DA:51,33
DA:52,33
DA:53,33
DA:54,33
DA:57,33
DA:59,3
DA:61,30
DA:62,5
DA:63,5
DA:64,5
DA:65,1
DA:66,1
DA:68,4
DA:69,1
DA:70,1
DA:72,3
DA:73,3
DA:74,3
DA:75,3
DA:80,3
DA:81,3
DA:83,0
DA:86,0
DA:87,0
DA:88,0
DA:89,0
DA:93,25
DA:95,4
DA:96,4
DA:97,4
DA:98,4
DA:102,21
DA:104,4
DA:105,4
DA:106,4
DA:110,17
DA:113,6
DA:114,6
DA:115,6
DA:119,11
DA:121,0
DA:122,0
DA:123,0
DA:124,0
DA:128,11
DA:130,2
DA:131,2
DA:132,2
DA:136,9
DA:138,0
DA:139,0
DA:140,0
DA:144,9
DA:146,1
DA:147,1
DA:148,1
DA:152,8
DA:154,7
DA:155,7
DA:156,7
DA:160,1
DA:165,1
DA:166,1
DA:167,1
DA:170,0
LF:89
LH:74
BRDA:36,1,0,346
BRDA:36,1,1,137
BRDA:36,2,0,483
BRDA:36,2,1,346
BRDA:37,3,0,137
BRDA:37,3,1,346
BRDA:37,4,0,483
BRDA:37,4,1,137
BRDA:37,4,2,137
BRDA:38,5,0,0
BRDA:38,5,1,483
BRDA:44,6,0,450
BRDA:44,6,1,33
BRDA:49,7,0,0
BRDA:49,7,1,33
BRDA:57,8,0,3
BRDA:57,8,1,30
BRDA:57,9,0,33
BRDA:57,9,1,10
BRDA:57,9,2,10
BRDA:57,9,3,10
BRDA:61,10,0,5
BRDA:61,10,1,25
BRDA:61,11,0,30
BRDA:61,11,1,23
BRDA:61,11,2,23
BRDA:63,12,0,5
BRDA:63,12,1,0
BRDA:63,13,0,5
BRDA:63,13,1,5
BRDA:64,14,0,1
BRDA:64,14,1,4
BRDA:68,15,0,1
BRDA:68,15,1,3
BRDA:72,16,0,3
BRDA:72,16,1,0
BRDA:80,17,0,3
BRDA:80,17,1,0
BRDA:93,18,0,4
BRDA:93,18,1,21
BRDA:93,19,0,25
BRDA:93,19,1,18
BRDA:102,20,0,4
BRDA:102,20,1,17
BRDA:102,21,0,21
BRDA:102,21,1,6
BRDA:110,22,0,6
BRDA:110,22,1,11
BRDA:110,23,0,17
BRDA:110,23,1,10
BRDA:110,23,2,10
BRDA:119,24,0,0
BRDA:119,24,1,11
BRDA:119,25,0,11
BRDA:119,25,1,0
BRDA:128,26,0,2
BRDA:128,26,1,9
BRDA:128,27,0,11
BRDA:128,27,1,2
BRDA:136,28,0,0
BRDA:136,28,1,9
BRDA:136,29,0,9
BRDA:136,29,1,0
BRDA:144,30,0,1
BRDA:144,30,1,8
BRDA:144,31,0,9
BRDA:144,31,1,1
BRDA:152,32,0,7
BRDA:152,32,1,1
BRDA:152,33,0,8
BRDA:152,33,1,7
BRDA:160,34,0,1
BRDA:160,34,1,0
BRDA:160,35,0,1
BRDA:160,35,1,1
BRDA:160,35,2,1
BRDA:160,35,3,1
BRDA:160,35,4,1
BRF:78
BRH:68
end_of_record
TN:
SF:/home/grant/node-rethinkdb-job-queue/src/queue-interruption.js
FN:8,interruptionPause
FN:23,pausing
FN:38,interruptionResume
FNF:3
FNH:3
FNDA:59,interruptionPause
FNDA:19,pausing
FNDA:20,interruptionResume
DA:1,2
DA:2,2
DA:3,2
DA:4,2
DA:5,2
DA:6,2
DA:8,2
DA:9,59
DA:10,59
DA:11,59
DA:12,59
DA:13,59
DA:14,59
DA:15,0
DA:17,59
DA:19,59
DA:20,59
DA:21,59
DA:22,59
DA:23,16
DA:24,19
DA:25,19
DA:26,16
DA:27,16
DA:32,59
DA:33,59
DA:34,59
DA:38,2
DA:39,20
DA:40,20
DA:41,20
DA:42,20
DA:43,20
DA:44,20
DA:45,0
DA:47,20
DA:49,20
DA:50,20
DA:51,20
DA:52,20
LF:40
LH:38
BRDA:12,1,0,59
BRDA:12,1,1,59
BRDA:14,2,0,0
BRDA:14,2,1,59
BRDA:22,3,0,43
BRDA:22,3,1,16
BRDA:25,4,0,16
BRDA:25,4,1,3
BRDA:42,5,0,20
BRDA:42,5,1,20
BRDA:44,6,0,0
BRDA:44,6,1,20
BRF:12
BRH:10
end_of_record
TN:
SF:/home/grant/node-rethinkdb-job-queue/src/queue-add-job.js
FN:9,queueAddJob
FNF:1
FNH:1
FNDA:51,queueAddJob
DA:1,1
DA:2,1
DA:3,1
DA:4,1
DA:5,1
DA:6,1
DA:7,1
DA:9,1
DA:10,51
DA:11,51
DA:12,51
DA:14,128
DA:15,101
DA:17,128
DA:22,128
DA:23,128
DA:25,50
DA:26,50
DA:29,50
DA:30,50
DA:31,50
DA:33,50
DA:34,128
DA:35,128
DA:37,50
LF:25
LH:25
BRDA:14,1,0,101
BRDA:14,1,1,27
BRF:2
BRH:2
end_of_record
TN:
SF:/home/grant/node-rethinkdb-job-queue/src/queue-find-job.js
FN:5,queueFindJob
FNF:1
FNH:1
FNDA:7,queueFindJob
DA:1,1
DA:2,1
DA:3,1
DA:5,1
DA:6,7
DA:7,7
DA:8,7
DA:14,7
DA:15,7
DA:16,5
LF:10
LH:10
BRDA:15,1,0,2
BRDA:15,1,1,5
BRF:2
BRH:2
end_of_record
TN:
SF:/home/grant/node-rethinkdb-job-queue/src/queue-remove-job.js
FN:6,removeJob
FNF:1
FNH:1
FNDA:11,removeJob
DA:1,1
DA:2,1
DA:3,1
DA:4,1
DA:6,1
DA:7,11
DA:9,11
DA:10,11
DA:12,10
DA:21,10
DA:22,17
DA:23,17
DA:25,10
LF:13
LH:13
BRF:0
BRH:0
end_of_record
TN:
SF:/home/grant/node-rethinkdb-job-queue/src/queue-reset.js
FN:6,queueReset
FNF:1
FNH:1
FNDA:43,queueReset
DA:1,1
DA:2,1
DA:3,1
DA:4,1
DA:6,1
DA:7,43
DA:8,43
DA:9,43
DA:14,43
DA:15,43
DA:17,43
DA:18,43
DA:19,43
LF:13
LH:13
BRF:0
BRH:0
end_of_record
TN:
SF:/home/grant/node-rethinkdb-job-queue/src/queue-summary.js
FN:4,summary
FNF:1
FNH:1
FNDA:8,summary
DA:1,1
DA:2,1
DA:4,1
DA:5,8
DA:6,8
DA:7,8
DA:11,8
DA:19,8
DA:20,12
DA:21,12
DA:23,8
DA:24,48
DA:26,8
DA:27,8
LF:14
LH:14
BRDA:20,1,0,12
BRDA:20,1,1,0
BRF:2
BRH:1
end_of_record
TN:
SF:/home/grant/node-rethinkdb-job-queue/src/queue-stop.js
FN:5,queueStop
FNF:1
FNH:1
FNDA:37,queueStop
DA:1,1
DA:2,1
DA:3,1
DA:5,1
DA:6,37
DA:7,37
DA:8,37
DA:9,37
DA:10,37
DA:12,37
DA:13,37
DA:14,37
LF:12
LH:12
BRF:0
BRH:0
end_of_record
TN:
SF:/home/grant/node-rethinkdb-job-queue/src/queue-drop.js
FN:7,queueDrop
FNF:1
FNH:1
FNDA:2,queueDrop
DA:1,1
DA:2,1
DA:3,1
DA:4,1
DA:5,1
DA:7,1
DA:8,2
DA:9,2
DA:10,2
DA:11,2
DA:13,2
DA:15,2
DA:16,2
DA:17,2
LF:14
LH:14
BRF:0
BRH:0
end_of_record
TN:
SF:/home/grant/node-rethinkdb-job-queue/src/queue-reanimate-job.js
FN:8,queueGetJob
FNF:1
FNH:1
FNDA:1,queueGetJob
DA:1,1
DA:2,1
DA:3,1
DA:4,1
DA:5,1
DA:6,1
DA:8,1
DA:11,1
DA:12,1
DA:13,1
DA:15,1
DA:22,1
DA:36,1
DA:37,1
DA:39,1
DA:40,1
DA:41,1
DA:43,1
LF:18
LH:18
BRF:0
BRH:0
end_of_record
